=== Log Filtering Information ===
The following patterns were suppressed from tool output:
- Unable to modify prefetchers
- enabling random access
Reason: these are environment-related warnings in WSL2 that do not affect measurement.
================================

=== Environment Information ===
CPU information (lscpu):
Architecture:                         x86_64
CPU op-mode(s):                       32-bit, 64-bit
Address sizes:                        39 bits physical, 48 bits virtual
Byte Order:                           Little Endian
CPU(s):                               16
On-line CPU(s) list:                  0-15
Vendor ID:                            GenuineIntel
Model name:                           11th Gen Intel(R) Core(TM) i7-11850H @ 2.50GHz
CPU family:                           6
Model:                                141
Thread(s) per core:                   2
Core(s) per socket:                   8
Socket(s):                            1
Stepping:                             1
BogoMIPS:                             4992.00
Flags:                                fpu vme de pse tsc msr pae mce cx8 apic sep mtrr pge mca cmov pat pse36 clflush mmx fxsr sse sse2 ss ht syscall nx pdpe1gb rdtscp lm constant_tsc arch_perfmon rep_good nopl xtopology cpuid tsc_known_freq pni pclmulqdq ssse3 fma cx16 pdcm pcid sse4_1 sse4_2 movbe popcnt aes xsave avx f16c rdrand hypervisor lahf_lm abm 3dnowprefetch ssbd ibrs ibpb stibp ibrs_enhanced fsgsbase bmi1 avx2 smep bmi2 erms invpcid avx512f avx512dq rdseed adx smap avx512ifma clflushopt clwb avx512cd sha_ni avx512bw avx512vl xsaveopt xsavec xgetbv1 xsaves avx512vbmi umip avx512_vbmi2 gfni vaes vpclmulqdq avx512_vnni avx512_bitalg avx512_vpopcntdq rdpid fsrm avx512_vp2intersect md_clear flush_l1d arch_capabilities
Hypervisor vendor:                    Microsoft
Virtualization type:                  full
L1d cache:                            384 KiB (8 instances)
L1i cache:                            256 KiB (8 instances)
L2 cache:                             10 MiB (8 instances)
L3 cache:                             24 MiB (1 instance)
NUMA node(s):                         1
NUMA node0 CPU(s):                    0-15
Vulnerability Gather data sampling:   Unknown: Dependent on hypervisor status
Vulnerability Itlb multihit:          Not affected
Vulnerability L1tf:                   Not affected
Vulnerability Mds:                    Not affected
Vulnerability Meltdown:               Not affected
Vulnerability Mmio stale data:        Not affected
Vulnerability Reg file data sampling: Not affected
Vulnerability Retbleed:               Mitigation; Enhanced IBRS
Vulnerability Spec rstack overflow:   Not affected
Vulnerability Spec store bypass:      Mitigation; Speculative Store Bypass disabled via prctl
Vulnerability Spectre v1:             Mitigation; usercopy/swapgs barriers and __user pointer sanitization
Vulnerability Spectre v2:             Mitigation; Enhanced / Automatic IBRS; IBPB conditional; RSB filling; PBRSB-eIBRS SW sequence; BHI SW loop, KVM SW loop
Vulnerability Srbds:                  Not affected
Vulnerability Tsx async abort:        Not affected

CPU frequency governor:

Note: CPU frequency scaling managed by Windows Power Options (min/max=99% to prevent turbo).
Governor not directly configurable under WSL2; assumed performance mode.

Tool versions:
MLC version:
perf version 6.6.87.2.g427645e3db3a
Perf version:
perf version 6.6.87.2.g427645e3db3a
===============================

[COMPILE] g++ -O2 -march=native /mnt/c/Users/LaunJames/Documents/Classes/Semester_9/ACS/ACS/class-wide-projects/project-2/saxpy.cpp -o /mnt/c/Users/LaunJames/Documents/Classes/Semester_9/ACS/ACS/class-wide-projects/project-2/saxpy
[WARMUP] perf stat -e cache-references,cache-misses taskset -c 0 /mnt/c/Users/LaunJames/Documents/Classes/Semester_9/ACS/ACS/class-wide-projects/project-2/saxpy 16777216 2.0 seq
[RUN] rep=1, pattern=random, arg=None
Command: perf stat -e cache-references,cache-misses taskset -c 0 /mnt/c/Users/LaunJames/Documents/Classes/Semester_9/ACS/ACS/class-wide-projects/project-2/saxpy 16777216 2.0 random
N=16777216 a=2 mode=random stride=1 runtime_ms=1376.45

[STDERR]

 Performance counter stats for 'taskset -c 0 /mnt/c/Users/LaunJames/Documents/Classes/Semester_9/ACS/ACS/class-wide-projects/project-2/saxpy 16777216 2.0 random':

         121237470      cache-references:u                                                    
          84773716      cache-misses:u                   #   69.92% of all cache refs         

       2.945799097 seconds time elapsed

       2.761212000 seconds user
       0.180340000 seconds sys



[RUN] rep=1, pattern=stride, arg=16
Command: perf stat -e cache-references,cache-misses taskset -c 0 /mnt/c/Users/LaunJames/Documents/Classes/Semester_9/ACS/ACS/class-wide-projects/project-2/saxpy 16777216 2.0 stride 16
N=16777216 a=2 mode=stride stride=16 runtime_ms=11.3254

[STDERR]

 Performance counter stats for 'taskset -c 0 /mnt/c/Users/LaunJames/Documents/Classes/Semester_9/ACS/ACS/class-wide-projects/project-2/saxpy 16777216 2.0 stride 16':

           5935674      cache-references:u                                                    
           3706030      cache-misses:u                   #   62.44% of all cache refs         

       0.147122705 seconds time elapsed

       0.077204000 seconds user
       0.065014000 seconds sys



[RUN] rep=1, pattern=stride, arg=1
Command: perf stat -e cache-references,cache-misses taskset -c 0 /mnt/c/Users/LaunJames/Documents/Classes/Semester_9/ACS/ACS/class-wide-projects/project-2/saxpy 16777216 2.0 stride 1
N=16777216 a=2 mode=stride stride=1 runtime_ms=16.0988

[STDERR]

 Performance counter stats for 'taskset -c 0 /mnt/c/Users/LaunJames/Documents/Classes/Semester_9/ACS/ACS/class-wide-projects/project-2/saxpy 16777216 2.0 stride 1':

           5763024      cache-references:u                                                    
           2093412      cache-misses:u                   #   36.32% of all cache refs         

       0.156365106 seconds time elapsed

       0.084110000 seconds user
       0.068089000 seconds sys



[RUN] rep=1, pattern=stride, arg=8
Command: perf stat -e cache-references,cache-misses taskset -c 0 /mnt/c/Users/LaunJames/Documents/Classes/Semester_9/ACS/ACS/class-wide-projects/project-2/saxpy 16777216 2.0 stride 8
N=16777216 a=2 mode=stride stride=8 runtime_ms=11.1547

[STDERR]

 Performance counter stats for 'taskset -c 0 /mnt/c/Users/LaunJames/Documents/Classes/Semester_9/ACS/ACS/class-wide-projects/project-2/saxpy 16777216 2.0 stride 8':

           5768116      cache-references:u                                                    
           3199912      cache-misses:u                   #   55.48% of all cache refs         

       0.150896305 seconds time elapsed

       0.073159000 seconds user
       0.073159000 seconds sys



[RUN] rep=1, pattern=stride, arg=2
Command: perf stat -e cache-references,cache-misses taskset -c 0 /mnt/c/Users/LaunJames/Documents/Classes/Semester_9/ACS/ACS/class-wide-projects/project-2/saxpy 16777216 2.0 stride 2
N=16777216 a=2 mode=stride stride=2 runtime_ms=11.1124

[STDERR]

 Performance counter stats for 'taskset -c 0 /mnt/c/Users/LaunJames/Documents/Classes/Semester_9/ACS/ACS/class-wide-projects/project-2/saxpy 16777216 2.0 stride 2':

           5605366      cache-references:u                                                    
           2321369      cache-misses:u                   #   41.41% of all cache refs         

       0.164950306 seconds time elapsed

       0.077478000 seconds user
       0.065245000 seconds sys



[RUN] rep=1, pattern=stride, arg=32
Command: perf stat -e cache-references,cache-misses taskset -c 0 /mnt/c/Users/LaunJames/Documents/Classes/Semester_9/ACS/ACS/class-wide-projects/project-2/saxpy 16777216 2.0 stride 32
N=16777216 a=2 mode=stride stride=32 runtime_ms=11.4351

[STDERR]

 Performance counter stats for 'taskset -c 0 /mnt/c/Users/LaunJames/Documents/Classes/Semester_9/ACS/ACS/class-wide-projects/project-2/saxpy 16777216 2.0 stride 32':

           4173190      cache-references:u                                                    
           2726519      cache-misses:u                   #   65.33% of all cache refs         

       0.147745506 seconds time elapsed

       0.071791000 seconds user
       0.071791000 seconds sys



[RUN] rep=1, pattern=stride, arg=4
Command: perf stat -e cache-references,cache-misses taskset -c 0 /mnt/c/Users/LaunJames/Documents/Classes/Semester_9/ACS/ACS/class-wide-projects/project-2/saxpy 16777216 2.0 stride 4
N=16777216 a=2 mode=stride stride=4 runtime_ms=10.1905

[STDERR]

 Performance counter stats for 'taskset -c 0 /mnt/c/Users/LaunJames/Documents/Classes/Semester_9/ACS/ACS/class-wide-projects/project-2/saxpy 16777216 2.0 stride 4':

           5685801      cache-references:u                                                    
           2666077      cache-misses:u                   #   46.89% of all cache refs         

       0.148103805 seconds time elapsed

       0.069966000 seconds user
       0.074082000 seconds sys



[RUN] rep=2, pattern=stride, arg=8
Command: perf stat -e cache-references,cache-misses taskset -c 0 /mnt/c/Users/LaunJames/Documents/Classes/Semester_9/ACS/ACS/class-wide-projects/project-2/saxpy 16777216 2.0 stride 8
N=16777216 a=2 mode=stride stride=8 runtime_ms=11.0248

[STDERR]

 Performance counter stats for 'taskset -c 0 /mnt/c/Users/LaunJames/Documents/Classes/Semester_9/ACS/ACS/class-wide-projects/project-2/saxpy 16777216 2.0 stride 8':

           5738452      cache-references:u                                                    
           3147221      cache-misses:u                   #   54.84% of all cache refs         

       0.146376005 seconds time elapsed

       0.069106000 seconds user
       0.073171000 seconds sys



[RUN] rep=2, pattern=random, arg=None
Command: perf stat -e cache-references,cache-misses taskset -c 0 /mnt/c/Users/LaunJames/Documents/Classes/Semester_9/ACS/ACS/class-wide-projects/project-2/saxpy 16777216 2.0 random
N=16777216 a=2 mode=random stride=1 runtime_ms=1350.77

[STDERR]

 Performance counter stats for 'taskset -c 0 /mnt/c/Users/LaunJames/Documents/Classes/Semester_9/ACS/ACS/class-wide-projects/project-2/saxpy 16777216 2.0 random':

         121764031      cache-references:u                                                    
          86137278      cache-misses:u                   #   70.74% of all cache refs         

       2.916825606 seconds time elapsed

       2.747093000 seconds user
       0.163945000 seconds sys



[RUN] rep=2, pattern=stride, arg=16
Command: perf stat -e cache-references,cache-misses taskset -c 0 /mnt/c/Users/LaunJames/Documents/Classes/Semester_9/ACS/ACS/class-wide-projects/project-2/saxpy 16777216 2.0 stride 16
N=16777216 a=2 mode=stride stride=16 runtime_ms=12.0707

[STDERR]

 Performance counter stats for 'taskset -c 0 /mnt/c/Users/LaunJames/Documents/Classes/Semester_9/ACS/ACS/class-wide-projects/project-2/saxpy 16777216 2.0 stride 16':

           5893224      cache-references:u                                                    
           3682649      cache-misses:u                   #   62.49% of all cache refs         

       0.148556106 seconds time elapsed

       0.070521000 seconds user
       0.074439000 seconds sys



[RUN] rep=2, pattern=stride, arg=2
Command: perf stat -e cache-references,cache-misses taskset -c 0 /mnt/c/Users/LaunJames/Documents/Classes/Semester_9/ACS/ACS/class-wide-projects/project-2/saxpy 16777216 2.0 stride 2
N=16777216 a=2 mode=stride stride=2 runtime_ms=10.9268

[STDERR]

 Performance counter stats for 'taskset -c 0 /mnt/c/Users/LaunJames/Documents/Classes/Semester_9/ACS/ACS/class-wide-projects/project-2/saxpy 16777216 2.0 stride 2':

           5642472      cache-references:u                                                    
           2370131      cache-misses:u                   #   42.01% of all cache refs         

       0.147084106 seconds time elapsed

       0.072005000 seconds user
       0.072005000 seconds sys



[RUN] rep=2, pattern=stride, arg=32
Command: perf stat -e cache-references,cache-misses taskset -c 0 /mnt/c/Users/LaunJames/Documents/Classes/Semester_9/ACS/ACS/class-wide-projects/project-2/saxpy 16777216 2.0 stride 32
N=16777216 a=2 mode=stride stride=32 runtime_ms=11.98

[STDERR]

 Performance counter stats for 'taskset -c 0 /mnt/c/Users/LaunJames/Documents/Classes/Semester_9/ACS/ACS/class-wide-projects/project-2/saxpy 16777216 2.0 stride 32':

           4107461      cache-references:u                                                    
           2670546      cache-misses:u                   #   65.02% of all cache refs         

       0.145774705 seconds time elapsed

       0.069691000 seconds user
       0.073562000 seconds sys



[RUN] rep=2, pattern=stride, arg=1
Command: perf stat -e cache-references,cache-misses taskset -c 0 /mnt/c/Users/LaunJames/Documents/Classes/Semester_9/ACS/ACS/class-wide-projects/project-2/saxpy 16777216 2.0 stride 1
N=16777216 a=2 mode=stride stride=1 runtime_ms=34.4839

[STDERR]

 Performance counter stats for 'taskset -c 0 /mnt/c/Users/LaunJames/Documents/Classes/Semester_9/ACS/ACS/class-wide-projects/project-2/saxpy 16777216 2.0 stride 1':

           5731863      cache-references:u                                                    
           2162155      cache-misses:u                   #   37.72% of all cache refs         

       0.175737406 seconds time elapsed

       0.083067000 seconds user
       0.071201000 seconds sys



[RUN] rep=2, pattern=stride, arg=4
Command: perf stat -e cache-references,cache-misses taskset -c 0 /mnt/c/Users/LaunJames/Documents/Classes/Semester_9/ACS/ACS/class-wide-projects/project-2/saxpy 16777216 2.0 stride 4
N=16777216 a=2 mode=stride stride=4 runtime_ms=10.1291

[STDERR]

 Performance counter stats for 'taskset -c 0 /mnt/c/Users/LaunJames/Documents/Classes/Semester_9/ACS/ACS/class-wide-projects/project-2/saxpy 16777216 2.0 stride 4':

           5662598      cache-references:u                                                    
           2672237      cache-misses:u                   #   47.19% of all cache refs         

       0.144503405 seconds time elapsed

       0.072414000 seconds user
       0.068391000 seconds sys



[RUN] rep=3, pattern=random, arg=None
Command: perf stat -e cache-references,cache-misses taskset -c 0 /mnt/c/Users/LaunJames/Documents/Classes/Semester_9/ACS/ACS/class-wide-projects/project-2/saxpy 16777216 2.0 random
N=16777216 a=2 mode=random stride=1 runtime_ms=1354.79

[STDERR]

 Performance counter stats for 'taskset -c 0 /mnt/c/Users/LaunJames/Documents/Classes/Semester_9/ACS/ACS/class-wide-projects/project-2/saxpy 16777216 2.0 random':

         120089408      cache-references:u                                                    
          81992064      cache-misses:u                   #   68.28% of all cache refs         

       2.864808801 seconds time elapsed

       2.671264000 seconds user
       0.187948000 seconds sys



[RUN] rep=3, pattern=stride, arg=8
Command: perf stat -e cache-references,cache-misses taskset -c 0 /mnt/c/Users/LaunJames/Documents/Classes/Semester_9/ACS/ACS/class-wide-projects/project-2/saxpy 16777216 2.0 stride 8
N=16777216 a=2 mode=stride stride=8 runtime_ms=10.2295

[STDERR]

 Performance counter stats for 'taskset -c 0 /mnt/c/Users/LaunJames/Documents/Classes/Semester_9/ACS/ACS/class-wide-projects/project-2/saxpy 16777216 2.0 stride 8':

           5759059      cache-references:u                                                    
           3155171      cache-misses:u                   #   54.79% of all cache refs         

       0.144217627 seconds time elapsed

       0.074453000 seconds user
       0.066616000 seconds sys



[RUN] rep=3, pattern=stride, arg=32
Command: perf stat -e cache-references,cache-misses taskset -c 0 /mnt/c/Users/LaunJames/Documents/Classes/Semester_9/ACS/ACS/class-wide-projects/project-2/saxpy 16777216 2.0 stride 32
N=16777216 a=2 mode=stride stride=32 runtime_ms=11.7925

[STDERR]

 Performance counter stats for 'taskset -c 0 /mnt/c/Users/LaunJames/Documents/Classes/Semester_9/ACS/ACS/class-wide-projects/project-2/saxpy 16777216 2.0 stride 32':

           4164032      cache-references:u                                                    
           2722866      cache-misses:u                   #   65.39% of all cache refs         

       0.147405428 seconds time elapsed

       0.073904000 seconds user
       0.069798000 seconds sys



[RUN] rep=3, pattern=stride, arg=4
Command: perf stat -e cache-references,cache-misses taskset -c 0 /mnt/c/Users/LaunJames/Documents/Classes/Semester_9/ACS/ACS/class-wide-projects/project-2/saxpy 16777216 2.0 stride 4
N=16777216 a=2 mode=stride stride=4 runtime_ms=9.826

[STDERR]

 Performance counter stats for 'taskset -c 0 /mnt/c/Users/LaunJames/Documents/Classes/Semester_9/ACS/ACS/class-wide-projects/project-2/saxpy 16777216 2.0 stride 4':

           5725910      cache-references:u                                                    
           2809915      cache-misses:u                   #   49.07% of all cache refs         

       0.145098628 seconds time elapsed

       0.063924000 seconds user
       0.075909000 seconds sys



[RUN] rep=3, pattern=stride, arg=16
Command: perf stat -e cache-references,cache-misses taskset -c 0 /mnt/c/Users/LaunJames/Documents/Classes/Semester_9/ACS/ACS/class-wide-projects/project-2/saxpy 16777216 2.0 stride 16
N=16777216 a=2 mode=stride stride=16 runtime_ms=11.0786

[STDERR]

 Performance counter stats for 'taskset -c 0 /mnt/c/Users/LaunJames/Documents/Classes/Semester_9/ACS/ACS/class-wide-projects/project-2/saxpy 16777216 2.0 stride 16':

           5958199      cache-references:u                                                    
           3708165      cache-misses:u                   #   62.24% of all cache refs         

       0.146958028 seconds time elapsed

       0.078839000 seconds user
       0.063071000 seconds sys



[RUN] rep=3, pattern=stride, arg=2
Command: perf stat -e cache-references,cache-misses taskset -c 0 /mnt/c/Users/LaunJames/Documents/Classes/Semester_9/ACS/ACS/class-wide-projects/project-2/saxpy 16777216 2.0 stride 2
N=16777216 a=2 mode=stride stride=2 runtime_ms=11.0421

[STDERR]

 Performance counter stats for 'taskset -c 0 /mnt/c/Users/LaunJames/Documents/Classes/Semester_9/ACS/ACS/class-wide-projects/project-2/saxpy 16777216 2.0 stride 2':

           5735785      cache-references:u                                                    
           2377876      cache-misses:u                   #   41.46% of all cache refs         

       0.154884330 seconds time elapsed

       0.070771000 seconds user
       0.078634000 seconds sys



[RUN] rep=3, pattern=stride, arg=1
Command: perf stat -e cache-references,cache-misses taskset -c 0 /mnt/c/Users/LaunJames/Documents/Classes/Semester_9/ACS/ACS/class-wide-projects/project-2/saxpy 16777216 2.0 stride 1
N=16777216 a=2 mode=stride stride=1 runtime_ms=16.2026

[STDERR]

 Performance counter stats for 'taskset -c 0 /mnt/c/Users/LaunJames/Documents/Classes/Semester_9/ACS/ACS/class-wide-projects/project-2/saxpy 16777216 2.0 stride 1':

           5744250      cache-references:u                                                    
           2111733      cache-misses:u                   #   36.76% of all cache refs         

       0.157314730 seconds time elapsed

       0.088311000 seconds user
       0.064226000 seconds sys



[RUN] rep=4, pattern=stride, arg=16
Command: perf stat -e cache-references,cache-misses taskset -c 0 /mnt/c/Users/LaunJames/Documents/Classes/Semester_9/ACS/ACS/class-wide-projects/project-2/saxpy 16777216 2.0 stride 16
N=16777216 a=2 mode=stride stride=16 runtime_ms=11.3072

[STDERR]

 Performance counter stats for 'taskset -c 0 /mnt/c/Users/LaunJames/Documents/Classes/Semester_9/ACS/ACS/class-wide-projects/project-2/saxpy 16777216 2.0 stride 16':

           5949454      cache-references:u                                                    
           3708037      cache-misses:u                   #   62.33% of all cache refs         

       0.145580028 seconds time elapsed

       0.082891000 seconds user
       0.059208000 seconds sys



[RUN] rep=4, pattern=random, arg=None
Command: perf stat -e cache-references,cache-misses taskset -c 0 /mnt/c/Users/LaunJames/Documents/Classes/Semester_9/ACS/ACS/class-wide-projects/project-2/saxpy 16777216 2.0 random
N=16777216 a=2 mode=random stride=1 runtime_ms=1338.29

[STDERR]

 Performance counter stats for 'taskset -c 0 /mnt/c/Users/LaunJames/Documents/Classes/Semester_9/ACS/ACS/class-wide-projects/project-2/saxpy 16777216 2.0 random':

         119540484      cache-references:u                                                    
          82959995      cache-misses:u                   #   69.40% of all cache refs         

       2.823581242 seconds time elapsed

       2.678534000 seconds user
       0.139923000 seconds sys



[RUN] rep=4, pattern=stride, arg=2
Command: perf stat -e cache-references,cache-misses taskset -c 0 /mnt/c/Users/LaunJames/Documents/Classes/Semester_9/ACS/ACS/class-wide-projects/project-2/saxpy 16777216 2.0 stride 2
N=16777216 a=2 mode=stride stride=2 runtime_ms=12.7935

[STDERR]

 Performance counter stats for 'taskset -c 0 /mnt/c/Users/LaunJames/Documents/Classes/Semester_9/ACS/ACS/class-wide-projects/project-2/saxpy 16777216 2.0 stride 2':

           5677668      cache-references:u                                                    
           2339196      cache-misses:u                   #   41.20% of all cache refs         

       0.151008929 seconds time elapsed

       0.067979000 seconds user
       0.079976000 seconds sys



[RUN] rep=4, pattern=stride, arg=32
Command: perf stat -e cache-references,cache-misses taskset -c 0 /mnt/c/Users/LaunJames/Documents/Classes/Semester_9/ACS/ACS/class-wide-projects/project-2/saxpy 16777216 2.0 stride 32
N=16777216 a=2 mode=stride stride=32 runtime_ms=10.9511

[STDERR]

 Performance counter stats for 'taskset -c 0 /mnt/c/Users/LaunJames/Documents/Classes/Semester_9/ACS/ACS/class-wide-projects/project-2/saxpy 16777216 2.0 stride 32':

           4178662      cache-references:u                                                    
           2726687      cache-misses:u                   #   65.25% of all cache refs         

       0.146570829 seconds time elapsed

       0.067185000 seconds user
       0.075089000 seconds sys



[RUN] rep=4, pattern=stride, arg=4
Command: perf stat -e cache-references,cache-misses taskset -c 0 /mnt/c/Users/LaunJames/Documents/Classes/Semester_9/ACS/ACS/class-wide-projects/project-2/saxpy 16777216 2.0 stride 4
N=16777216 a=2 mode=stride stride=4 runtime_ms=10.0528

[STDERR]

 Performance counter stats for 'taskset -c 0 /mnt/c/Users/LaunJames/Documents/Classes/Semester_9/ACS/ACS/class-wide-projects/project-2/saxpy 16777216 2.0 stride 4':

           5646539      cache-references:u                                                    
           2676498      cache-misses:u                   #   47.40% of all cache refs         

       0.144092528 seconds time elapsed

       0.074282000 seconds user
       0.066029000 seconds sys



[RUN] rep=4, pattern=stride, arg=1
Command: perf stat -e cache-references,cache-misses taskset -c 0 /mnt/c/Users/LaunJames/Documents/Classes/Semester_9/ACS/ACS/class-wide-projects/project-2/saxpy 16777216 2.0 stride 1
N=16777216 a=2 mode=stride stride=1 runtime_ms=16.5281

[STDERR]

 Performance counter stats for 'taskset -c 0 /mnt/c/Users/LaunJames/Documents/Classes/Semester_9/ACS/ACS/class-wide-projects/project-2/saxpy 16777216 2.0 stride 1':

           5833518      cache-references:u                                                    
           2079889      cache-misses:u                   #   35.65% of all cache refs         

       0.159809130 seconds time elapsed

       0.075665000 seconds user
       0.079647000 seconds sys



[RUN] rep=4, pattern=stride, arg=8
Command: perf stat -e cache-references,cache-misses taskset -c 0 /mnt/c/Users/LaunJames/Documents/Classes/Semester_9/ACS/ACS/class-wide-projects/project-2/saxpy 16777216 2.0 stride 8
N=16777216 a=2 mode=stride stride=8 runtime_ms=10.7331

[STDERR]

 Performance counter stats for 'taskset -c 0 /mnt/c/Users/LaunJames/Documents/Classes/Semester_9/ACS/ACS/class-wide-projects/project-2/saxpy 16777216 2.0 stride 8':

           5748115      cache-references:u                                                    
           3133897      cache-misses:u                   #   54.52% of all cache refs         

       0.175052510 seconds time elapsed

       0.077041000 seconds user
       0.093261000 seconds sys



[RUN] rep=5, pattern=stride, arg=4
Command: perf stat -e cache-references,cache-misses taskset -c 0 /mnt/c/Users/LaunJames/Documents/Classes/Semester_9/ACS/ACS/class-wide-projects/project-2/saxpy 16777216 2.0 stride 4
N=16777216 a=2 mode=stride stride=4 runtime_ms=9.7301

[STDERR]

 Performance counter stats for 'taskset -c 0 /mnt/c/Users/LaunJames/Documents/Classes/Semester_9/ACS/ACS/class-wide-projects/project-2/saxpy 16777216 2.0 stride 4':

           5712017      cache-references:u                                                    
           2801560      cache-misses:u                   #   49.05% of all cache refs         

       0.144932202 seconds time elapsed

       0.080043000 seconds user
       0.060032000 seconds sys



[RUN] rep=5, pattern=stride, arg=1
Command: perf stat -e cache-references,cache-misses taskset -c 0 /mnt/c/Users/LaunJames/Documents/Classes/Semester_9/ACS/ACS/class-wide-projects/project-2/saxpy 16777216 2.0 stride 1
N=16777216 a=2 mode=stride stride=1 runtime_ms=16.0188

[STDERR]

 Performance counter stats for 'taskset -c 0 /mnt/c/Users/LaunJames/Documents/Classes/Semester_9/ACS/ACS/class-wide-projects/project-2/saxpy 16777216 2.0 stride 1':

           5754406      cache-references:u                                                    
           2072466      cache-misses:u                   #   36.02% of all cache refs         

       0.155572703 seconds time elapsed

       0.081968000 seconds user
       0.070258000 seconds sys



[RUN] rep=5, pattern=stride, arg=16
Command: perf stat -e cache-references,cache-misses taskset -c 0 /mnt/c/Users/LaunJames/Documents/Classes/Semester_9/ACS/ACS/class-wide-projects/project-2/saxpy 16777216 2.0 stride 16
N=16777216 a=2 mode=stride stride=16 runtime_ms=10.7936

[STDERR]

 Performance counter stats for 'taskset -c 0 /mnt/c/Users/LaunJames/Documents/Classes/Semester_9/ACS/ACS/class-wide-projects/project-2/saxpy 16777216 2.0 stride 16':

           5963425      cache-references:u                                                    
           3701532      cache-misses:u                   #   62.07% of all cache refs         

       0.145602602 seconds time elapsed

       0.072721000 seconds user
       0.068681000 seconds sys



[RUN] rep=5, pattern=stride, arg=2
Command: perf stat -e cache-references,cache-misses taskset -c 0 /mnt/c/Users/LaunJames/Documents/Classes/Semester_9/ACS/ACS/class-wide-projects/project-2/saxpy 16777216 2.0 stride 2
N=16777216 a=2 mode=stride stride=2 runtime_ms=11.3328

[STDERR]

 Performance counter stats for 'taskset -c 0 /mnt/c/Users/LaunJames/Documents/Classes/Semester_9/ACS/ACS/class-wide-projects/project-2/saxpy 16777216 2.0 stride 2':

           5624782      cache-references:u                                                    
           2282137      cache-misses:u                   #   40.57% of all cache refs         

       0.149833304 seconds time elapsed

       0.080668000 seconds user
       0.064534000 seconds sys



[RUN] rep=5, pattern=random, arg=None
Command: perf stat -e cache-references,cache-misses taskset -c 0 /mnt/c/Users/LaunJames/Documents/Classes/Semester_9/ACS/ACS/class-wide-projects/project-2/saxpy 16777216 2.0 random
N=16777216 a=2 mode=random stride=1 runtime_ms=1353.97

[STDERR]

 Performance counter stats for 'taskset -c 0 /mnt/c/Users/LaunJames/Documents/Classes/Semester_9/ACS/ACS/class-wide-projects/project-2/saxpy 16777216 2.0 random':

         119216054      cache-references:u                                                    
          81896986      cache-misses:u                   #   68.70% of all cache refs         

       2.867618844 seconds time elapsed

       2.677489000 seconds user
       0.184378000 seconds sys



[RUN] rep=5, pattern=stride, arg=8
Command: perf stat -e cache-references,cache-misses taskset -c 0 /mnt/c/Users/LaunJames/Documents/Classes/Semester_9/ACS/ACS/class-wide-projects/project-2/saxpy 16777216 2.0 stride 8
N=16777216 a=2 mode=stride stride=8 runtime_ms=10.1255

[STDERR]

 Performance counter stats for 'taskset -c 0 /mnt/c/Users/LaunJames/Documents/Classes/Semester_9/ACS/ACS/class-wide-projects/project-2/saxpy 16777216 2.0 stride 8':

           5732338      cache-references:u                                                    
           3147078      cache-misses:u                   #   54.90% of all cache refs         

       0.146107007 seconds time elapsed

       0.074317000 seconds user
       0.066494000 seconds sys



[RUN] rep=5, pattern=stride, arg=32
Command: perf stat -e cache-references,cache-misses taskset -c 0 /mnt/c/Users/LaunJames/Documents/Classes/Semester_9/ACS/ACS/class-wide-projects/project-2/saxpy 16777216 2.0 stride 32
N=16777216 a=2 mode=stride stride=32 runtime_ms=10.8687

[STDERR]

 Performance counter stats for 'taskset -c 0 /mnt/c/Users/LaunJames/Documents/Classes/Semester_9/ACS/ACS/class-wide-projects/project-2/saxpy 16777216 2.0 stride 32':

           4161155      cache-references:u                                                    
           2703729      cache-misses:u                   #   64.98% of all cache refs         

       0.146576907 seconds time elapsed

       0.069246000 seconds user
       0.073093000 seconds sys



