=== Log Filtering Information ===
The following patterns were suppressed from tool output:
- Unable to modify prefetchers
- enabling random access
Reason: these are environment-related warnings in WSL2 that do not affect measurement.
================================

=== Environment Information ===
CPU information (lscpu):
Architecture:                         x86_64
CPU op-mode(s):                       32-bit, 64-bit
Address sizes:                        39 bits physical, 48 bits virtual
Byte Order:                           Little Endian
CPU(s):                               16
On-line CPU(s) list:                  0-15
Vendor ID:                            GenuineIntel
Model name:                           11th Gen Intel(R) Core(TM) i7-11850H @ 2.50GHz
CPU family:                           6
Model:                                141
Thread(s) per core:                   2
Core(s) per socket:                   8
Socket(s):                            1
Stepping:                             1
BogoMIPS:                             4992.00
Flags:                                fpu vme de pse tsc msr pae mce cx8 apic sep mtrr pge mca cmov pat pse36 clflush mmx fxsr sse sse2 ss ht syscall nx pdpe1gb rdtscp lm constant_tsc arch_perfmon rep_good nopl xtopology cpuid tsc_known_freq pni pclmulqdq ssse3 fma cx16 pdcm pcid sse4_1 sse4_2 movbe popcnt aes xsave avx f16c rdrand hypervisor lahf_lm abm 3dnowprefetch ssbd ibrs ibpb stibp ibrs_enhanced fsgsbase bmi1 avx2 smep bmi2 erms invpcid avx512f avx512dq rdseed adx smap avx512ifma clflushopt clwb avx512cd sha_ni avx512bw avx512vl xsaveopt xsavec xgetbv1 xsaves avx512vbmi umip avx512_vbmi2 gfni vaes vpclmulqdq avx512_vnni avx512_bitalg avx512_vpopcntdq rdpid fsrm avx512_vp2intersect md_clear flush_l1d arch_capabilities
Hypervisor vendor:                    Microsoft
Virtualization type:                  full
L1d cache:                            384 KiB (8 instances)
L1i cache:                            256 KiB (8 instances)
L2 cache:                             10 MiB (8 instances)
L3 cache:                             24 MiB (1 instance)
NUMA node(s):                         1
NUMA node0 CPU(s):                    0-15
Vulnerability Gather data sampling:   Unknown: Dependent on hypervisor status
Vulnerability Itlb multihit:          Not affected
Vulnerability L1tf:                   Not affected
Vulnerability Mds:                    Not affected
Vulnerability Meltdown:               Not affected
Vulnerability Mmio stale data:        Not affected
Vulnerability Reg file data sampling: Not affected
Vulnerability Retbleed:               Mitigation; Enhanced IBRS
Vulnerability Spec rstack overflow:   Not affected
Vulnerability Spec store bypass:      Mitigation; Speculative Store Bypass disabled via prctl
Vulnerability Spectre v1:             Mitigation; usercopy/swapgs barriers and __user pointer sanitization
Vulnerability Spectre v2:             Mitigation; Enhanced / Automatic IBRS; IBPB conditional; RSB filling; PBRSB-eIBRS SW sequence; BHI SW loop, KVM SW loop
Vulnerability Srbds:                  Not affected
Vulnerability Tsx async abort:        Not affected

CPU frequency governor:

Note: CPU frequency scaling managed by Windows Power Options (min/max=99% to prevent turbo).
Governor not directly configurable under WSL2; assumed performance mode.

Tool versions:
MLC version:
perf version 6.6.87.2.g427645e3db3a
Perf version:
perf version 6.6.87.2.g427645e3db3a
===============================

[COMPILE] g++ -O2 -march=native /mnt/c/Users/LaunJames/Documents/Classes/Semester_9/ACS/ACS/class-wide-projects/project-2/saxpy.cpp -o /mnt/c/Users/LaunJames/Documents/Classes/Semester_9/ACS/ACS/class-wide-projects/project-2/saxpy
[WARMUP] perf stat -e cache-references,cache-misses taskset -c 0 /mnt/c/Users/LaunJames/Documents/Classes/Semester_9/ACS/ACS/class-wide-projects/project-2/saxpy 16777216 2.0 seq
[RUN] rep=1, pattern=stride, arg=128
Command: perf stat -e cache-references,cache-misses taskset -c 0 /mnt/c/Users/LaunJames/Documents/Classes/Semester_9/ACS/ACS/class-wide-projects/project-2/saxpy 16777216 2.0 stride 128
N=16777216 a=2 mode=stride stride=128 runtime_ms=3.0699

[STDERR]

 Performance counter stats for 'taskset -c 0 /mnt/c/Users/LaunJames/Documents/Classes/Semester_9/ACS/ACS/class-wide-projects/project-2/saxpy 16777216 2.0 stride 128':

           2517103      cache-references:u                                                    
           1120450      cache-misses:u                   #   44.51% of all cache refs         

       0.137723700 seconds time elapsed

       0.057792000 seconds user
       0.077057000 seconds sys



[RUN] rep=1, pattern=stride, arg=8
Command: perf stat -e cache-references,cache-misses taskset -c 0 /mnt/c/Users/LaunJames/Documents/Classes/Semester_9/ACS/ACS/class-wide-projects/project-2/saxpy 16777216 2.0 stride 8
N=16777216 a=2 mode=stride stride=8 runtime_ms=10.9122

[STDERR]

 Performance counter stats for 'taskset -c 0 /mnt/c/Users/LaunJames/Documents/Classes/Semester_9/ACS/ACS/class-wide-projects/project-2/saxpy 16777216 2.0 stride 8':

           5648222      cache-references:u                                                    
           3076555      cache-misses:u                   #   54.47% of all cache refs         

       0.146901500 seconds time elapsed

       0.065785000 seconds user
       0.077394000 seconds sys



[RUN] rep=1, pattern=stride, arg=64
Command: perf stat -e cache-references,cache-misses taskset -c 0 /mnt/c/Users/LaunJames/Documents/Classes/Semester_9/ACS/ACS/class-wide-projects/project-2/saxpy 16777216 2.0 stride 64
N=16777216 a=2 mode=stride stride=64 runtime_ms=5.7334

[STDERR]

 Performance counter stats for 'taskset -c 0 /mnt/c/Users/LaunJames/Documents/Classes/Semester_9/ACS/ACS/class-wide-projects/project-2/saxpy 16777216 2.0 stride 64':

           3071750      cache-references:u                                                    
           1669038      cache-misses:u                   #   54.34% of all cache refs         

       0.141679600 seconds time elapsed

       0.072707000 seconds user
       0.064629000 seconds sys



[RUN] rep=1, pattern=stride, arg=2
Command: perf stat -e cache-references,cache-misses taskset -c 0 /mnt/c/Users/LaunJames/Documents/Classes/Semester_9/ACS/ACS/class-wide-projects/project-2/saxpy 16777216 2.0 stride 2
N=16777216 a=2 mode=stride stride=2 runtime_ms=12.4324

[STDERR]

 Performance counter stats for 'taskset -c 0 /mnt/c/Users/LaunJames/Documents/Classes/Semester_9/ACS/ACS/class-wide-projects/project-2/saxpy 16777216 2.0 stride 2':

           5765943      cache-references:u                                                    
           2535999      cache-misses:u                   #   43.98% of all cache refs         

       0.146934100 seconds time elapsed

       0.073774000 seconds user
       0.069675000 seconds sys



[RUN] rep=1, pattern=stride, arg=2048
Command: perf stat -e cache-references,cache-misses taskset -c 0 /mnt/c/Users/LaunJames/Documents/Classes/Semester_9/ACS/ACS/class-wide-projects/project-2/saxpy 16777216 2.0 stride 2048
N=16777216 a=2 mode=stride stride=2048 runtime_ms=0.234

[STDERR]

 Performance counter stats for 'taskset -c 0 /mnt/c/Users/LaunJames/Documents/Classes/Semester_9/ACS/ACS/class-wide-projects/project-2/saxpy 16777216 2.0 stride 2048':

           2001974      cache-references:u                                                    
            603285      cache-misses:u                   #   30.13% of all cache refs         

       0.127376600 seconds time elapsed

       0.055926000 seconds user
       0.067910000 seconds sys



[RUN] rep=1, pattern=random, arg=None
Command: perf stat -e cache-references,cache-misses taskset -c 0 /mnt/c/Users/LaunJames/Documents/Classes/Semester_9/ACS/ACS/class-wide-projects/project-2/saxpy 16777216 2.0 random
N=16777216 a=2 mode=random stride=1 runtime_ms=1341.71

[STDERR]

 Performance counter stats for 'taskset -c 0 /mnt/c/Users/LaunJames/Documents/Classes/Semester_9/ACS/ACS/class-wide-projects/project-2/saxpy 16777216 2.0 random':

         119454740      cache-references:u                                                    
          82403126      cache-misses:u                   #   68.98% of all cache refs         

       2.858044297 seconds time elapsed

       2.669958000 seconds user
       0.183859000 seconds sys



[RUN] rep=1, pattern=stride, arg=1
Command: perf stat -e cache-references,cache-misses taskset -c 0 /mnt/c/Users/LaunJames/Documents/Classes/Semester_9/ACS/ACS/class-wide-projects/project-2/saxpy 16777216 2.0 stride 1
N=16777216 a=2 mode=stride stride=1 runtime_ms=16.0998

[STDERR]

 Performance counter stats for 'taskset -c 0 /mnt/c/Users/LaunJames/Documents/Classes/Semester_9/ACS/ACS/class-wide-projects/project-2/saxpy 16777216 2.0 stride 1':

           5653977      cache-references:u                                                    
           2001154      cache-misses:u                   #   35.39% of all cache refs         

       0.155909200 seconds time elapsed

       0.080597000 seconds user
       0.072537000 seconds sys



[RUN] rep=1, pattern=stride, arg=16
Command: perf stat -e cache-references,cache-misses taskset -c 0 /mnt/c/Users/LaunJames/Documents/Classes/Semester_9/ACS/ACS/class-wide-projects/project-2/saxpy 16777216 2.0 stride 16
N=16777216 a=2 mode=stride stride=16 runtime_ms=11.4829

[STDERR]

 Performance counter stats for 'taskset -c 0 /mnt/c/Users/LaunJames/Documents/Classes/Semester_9/ACS/ACS/class-wide-projects/project-2/saxpy 16777216 2.0 stride 16':

           5934900      cache-references:u                                                    
           3705945      cache-misses:u                   #   62.44% of all cache refs         

       0.145369300 seconds time elapsed

       0.071312000 seconds user
       0.071312000 seconds sys



[RUN] rep=1, pattern=stride, arg=32
Command: perf stat -e cache-references,cache-misses taskset -c 0 /mnt/c/Users/LaunJames/Documents/Classes/Semester_9/ACS/ACS/class-wide-projects/project-2/saxpy 16777216 2.0 stride 32
N=16777216 a=2 mode=stride stride=32 runtime_ms=10.9338

[STDERR]

 Performance counter stats for 'taskset -c 0 /mnt/c/Users/LaunJames/Documents/Classes/Semester_9/ACS/ACS/class-wide-projects/project-2/saxpy 16777216 2.0 stride 32':

           4136310      cache-references:u                                                    
           2681403      cache-misses:u                   #   64.83% of all cache refs         

       0.146074900 seconds time elapsed

       0.059284000 seconds user
       0.082998000 seconds sys



[RUN] rep=1, pattern=stride, arg=4096
Command: perf stat -e cache-references,cache-misses taskset -c 0 /mnt/c/Users/LaunJames/Documents/Classes/Semester_9/ACS/ACS/class-wide-projects/project-2/saxpy 16777216 2.0 stride 4096
N=16777216 a=2 mode=stride stride=4096 runtime_ms=0.1325

[STDERR]

 Performance counter stats for 'taskset -c 0 /mnt/c/Users/LaunJames/Documents/Classes/Semester_9/ACS/ACS/class-wide-projects/project-2/saxpy 16777216 2.0 stride 4096':

           1970336      cache-references:u                                                    
            595467      cache-misses:u                   #   30.22% of all cache refs         

       0.125473900 seconds time elapsed

       0.042821000 seconds user
       0.077857000 seconds sys



[RUN] rep=1, pattern=stride, arg=4
Command: perf stat -e cache-references,cache-misses taskset -c 0 /mnt/c/Users/LaunJames/Documents/Classes/Semester_9/ACS/ACS/class-wide-projects/project-2/saxpy 16777216 2.0 stride 4
N=16777216 a=2 mode=stride stride=4 runtime_ms=9.809

[STDERR]

 Performance counter stats for 'taskset -c 0 /mnt/c/Users/LaunJames/Documents/Classes/Semester_9/ACS/ACS/class-wide-projects/project-2/saxpy 16777216 2.0 stride 4':

           5717395      cache-references:u                                                    
           2825192      cache-misses:u                   #   49.41% of all cache refs         

       0.206892799 seconds time elapsed

       0.066191000 seconds user
       0.105127000 seconds sys



[RUN] rep=1, pattern=stride, arg=1024
Command: perf stat -e cache-references,cache-misses taskset -c 0 /mnt/c/Users/LaunJames/Documents/Classes/Semester_9/ACS/ACS/class-wide-projects/project-2/saxpy 16777216 2.0 stride 1024
N=16777216 a=2 mode=stride stride=1024 runtime_ms=0.478

[STDERR]

 Performance counter stats for 'taskset -c 0 /mnt/c/Users/LaunJames/Documents/Classes/Semester_9/ACS/ACS/class-wide-projects/project-2/saxpy 16777216 2.0 stride 1024':

           2068770      cache-references:u                                                    
            744582      cache-misses:u                   #   35.99% of all cache refs         

       0.128789500 seconds time elapsed

       0.043326000 seconds user
       0.082714000 seconds sys



[RUN] rep=1, pattern=stride, arg=256
Command: perf stat -e cache-references,cache-misses taskset -c 0 /mnt/c/Users/LaunJames/Documents/Classes/Semester_9/ACS/ACS/class-wide-projects/project-2/saxpy 16777216 2.0 stride 256
N=16777216 a=2 mode=stride stride=256 runtime_ms=1.6514

[STDERR]

 Performance counter stats for 'taskset -c 0 /mnt/c/Users/LaunJames/Documents/Classes/Semester_9/ACS/ACS/class-wide-projects/project-2/saxpy 16777216 2.0 stride 256':

           2313874      cache-references:u                                                    
           1076909      cache-misses:u                   #   46.54% of all cache refs         

       0.141166600 seconds time elapsed

       0.063413000 seconds user
       0.075303000 seconds sys



[RUN] rep=1, pattern=stride, arg=512
Command: perf stat -e cache-references,cache-misses taskset -c 0 /mnt/c/Users/LaunJames/Documents/Classes/Semester_9/ACS/ACS/class-wide-projects/project-2/saxpy 16777216 2.0 stride 512
N=16777216 a=2 mode=stride stride=512 runtime_ms=0.7233

[STDERR]

 Performance counter stats for 'taskset -c 0 /mnt/c/Users/LaunJames/Documents/Classes/Semester_9/ACS/ACS/class-wide-projects/project-2/saxpy 16777216 2.0 stride 512':

           2046089      cache-references:u                                                    
            656502      cache-misses:u                   #   32.09% of all cache refs         

       0.129353200 seconds time elapsed

       0.053084000 seconds user
       0.073502000 seconds sys



[RUN] rep=2, pattern=stride, arg=4096
Command: perf stat -e cache-references,cache-misses taskset -c 0 /mnt/c/Users/LaunJames/Documents/Classes/Semester_9/ACS/ACS/class-wide-projects/project-2/saxpy 16777216 2.0 stride 4096
N=16777216 a=2 mode=stride stride=4096 runtime_ms=0.1406

[STDERR]

 Performance counter stats for 'taskset -c 0 /mnt/c/Users/LaunJames/Documents/Classes/Semester_9/ACS/ACS/class-wide-projects/project-2/saxpy 16777216 2.0 stride 4096':

           1989947      cache-references:u                                                    
            584736      cache-misses:u                   #   29.38% of all cache refs         

       0.124405200 seconds time elapsed

       0.050196000 seconds user
       0.071112000 seconds sys



[RUN] rep=2, pattern=stride, arg=32
Command: perf stat -e cache-references,cache-misses taskset -c 0 /mnt/c/Users/LaunJames/Documents/Classes/Semester_9/ACS/ACS/class-wide-projects/project-2/saxpy 16777216 2.0 stride 32
N=16777216 a=2 mode=stride stride=32 runtime_ms=10.7913

[STDERR]

 Performance counter stats for 'taskset -c 0 /mnt/c/Users/LaunJames/Documents/Classes/Semester_9/ACS/ACS/class-wide-projects/project-2/saxpy 16777216 2.0 stride 32':

           4191019      cache-references:u                                                    
           2780867      cache-misses:u                   #   66.35% of all cache refs         

       0.145284499 seconds time elapsed

       0.080755000 seconds user
       0.060566000 seconds sys



[RUN] rep=2, pattern=stride, arg=512
Command: perf stat -e cache-references,cache-misses taskset -c 0 /mnt/c/Users/LaunJames/Documents/Classes/Semester_9/ACS/ACS/class-wide-projects/project-2/saxpy 16777216 2.0 stride 512
N=16777216 a=2 mode=stride stride=512 runtime_ms=0.7812

[STDERR]

 Performance counter stats for 'taskset -c 0 /mnt/c/Users/LaunJames/Documents/Classes/Semester_9/ACS/ACS/class-wide-projects/project-2/saxpy 16777216 2.0 stride 512':

           2102570      cache-references:u                                                    
            725950      cache-misses:u                   #   34.53% of all cache refs         

       0.125453800 seconds time elapsed

       0.053874000 seconds user
       0.069267000 seconds sys



[RUN] rep=2, pattern=stride, arg=2
Command: perf stat -e cache-references,cache-misses taskset -c 0 /mnt/c/Users/LaunJames/Documents/Classes/Semester_9/ACS/ACS/class-wide-projects/project-2/saxpy 16777216 2.0 stride 2
N=16777216 a=2 mode=stride stride=2 runtime_ms=10.8552

[STDERR]

 Performance counter stats for 'taskset -c 0 /mnt/c/Users/LaunJames/Documents/Classes/Semester_9/ACS/ACS/class-wide-projects/project-2/saxpy 16777216 2.0 stride 2':

           5679351      cache-references:u                                                    
           2340037      cache-misses:u                   #   41.20% of all cache refs         

       0.146886100 seconds time elapsed

       0.061888000 seconds user
       0.081228000 seconds sys



[RUN] rep=2, pattern=stride, arg=128
Command: perf stat -e cache-references,cache-misses taskset -c 0 /mnt/c/Users/LaunJames/Documents/Classes/Semester_9/ACS/ACS/class-wide-projects/project-2/saxpy 16777216 2.0 stride 128
N=16777216 a=2 mode=stride stride=128 runtime_ms=2.9645

[STDERR]

 Performance counter stats for 'taskset -c 0 /mnt/c/Users/LaunJames/Documents/Classes/Semester_9/ACS/ACS/class-wide-projects/project-2/saxpy 16777216 2.0 stride 128':

           2491964      cache-references:u                                                    
           1078814      cache-misses:u                   #   43.29% of all cache refs         

       0.131441600 seconds time elapsed

       0.045210000 seconds user
       0.082200000 seconds sys



[RUN] rep=2, pattern=stride, arg=2048
Command: perf stat -e cache-references,cache-misses taskset -c 0 /mnt/c/Users/LaunJames/Documents/Classes/Semester_9/ACS/ACS/class-wide-projects/project-2/saxpy 16777216 2.0 stride 2048
N=16777216 a=2 mode=stride stride=2048 runtime_ms=0.2311

[STDERR]

 Performance counter stats for 'taskset -c 0 /mnt/c/Users/LaunJames/Documents/Classes/Semester_9/ACS/ACS/class-wide-projects/project-2/saxpy 16777216 2.0 stride 2048':

           2003906      cache-references:u                                                    
            604516      cache-misses:u                   #   30.17% of all cache refs         

       0.126190200 seconds time elapsed

       0.040546000 seconds user
       0.081093000 seconds sys



[RUN] rep=2, pattern=stride, arg=64
Command: perf stat -e cache-references,cache-misses taskset -c 0 /mnt/c/Users/LaunJames/Documents/Classes/Semester_9/ACS/ACS/class-wide-projects/project-2/saxpy 16777216 2.0 stride 64
N=16777216 a=2 mode=stride stride=64 runtime_ms=5.6631

[STDERR]

 Performance counter stats for 'taskset -c 0 /mnt/c/Users/LaunJames/Documents/Classes/Semester_9/ACS/ACS/class-wide-projects/project-2/saxpy 16777216 2.0 stride 64':

           3079280      cache-references:u                                                    
           1658230      cache-misses:u                   #   53.85% of all cache refs         

       0.137547100 seconds time elapsed

       0.054938000 seconds user
       0.078483000 seconds sys



[RUN] rep=2, pattern=random, arg=None
Command: perf stat -e cache-references,cache-misses taskset -c 0 /mnt/c/Users/LaunJames/Documents/Classes/Semester_9/ACS/ACS/class-wide-projects/project-2/saxpy 16777216 2.0 random
N=16777216 a=2 mode=random stride=1 runtime_ms=1370.14

[STDERR]

 Performance counter stats for 'taskset -c 0 /mnt/c/Users/LaunJames/Documents/Classes/Semester_9/ACS/ACS/class-wide-projects/project-2/saxpy 16777216 2.0 random':

         119933748      cache-references:u                                                    
          83016180      cache-misses:u                   #   69.22% of all cache refs         

       2.884499007 seconds time elapsed

       2.695161000 seconds user
       0.183942000 seconds sys



[RUN] rep=2, pattern=stride, arg=4
Command: perf stat -e cache-references,cache-misses taskset -c 0 /mnt/c/Users/LaunJames/Documents/Classes/Semester_9/ACS/ACS/class-wide-projects/project-2/saxpy 16777216 2.0 stride 4
N=16777216 a=2 mode=stride stride=4 runtime_ms=10.5566

[STDERR]

 Performance counter stats for 'taskset -c 0 /mnt/c/Users/LaunJames/Documents/Classes/Semester_9/ACS/ACS/class-wide-projects/project-2/saxpy 16777216 2.0 stride 4':

           5609047      cache-references:u                                                    
           2680362      cache-misses:u                   #   47.79% of all cache refs         

       0.143182005 seconds time elapsed

       0.055906000 seconds user
       0.083859000 seconds sys



[RUN] rep=2, pattern=stride, arg=1024
Command: perf stat -e cache-references,cache-misses taskset -c 0 /mnt/c/Users/LaunJames/Documents/Classes/Semester_9/ACS/ACS/class-wide-projects/project-2/saxpy 16777216 2.0 stride 1024
N=16777216 a=2 mode=stride stride=1024 runtime_ms=0.5084

[STDERR]

 Performance counter stats for 'taskset -c 0 /mnt/c/Users/LaunJames/Documents/Classes/Semester_9/ACS/ACS/class-wide-projects/project-2/saxpy 16777216 2.0 stride 1024':

           2029833      cache-references:u                                                    
            631791      cache-misses:u                   #   31.13% of all cache refs         

       0.125735304 seconds time elapsed

       0.048407000 seconds user
       0.072611000 seconds sys



[RUN] rep=2, pattern=stride, arg=8
Command: perf stat -e cache-references,cache-misses taskset -c 0 /mnt/c/Users/LaunJames/Documents/Classes/Semester_9/ACS/ACS/class-wide-projects/project-2/saxpy 16777216 2.0 stride 8
N=16777216 a=2 mode=stride stride=8 runtime_ms=9.8744

[STDERR]

 Performance counter stats for 'taskset -c 0 /mnt/c/Users/LaunJames/Documents/Classes/Semester_9/ACS/ACS/class-wide-projects/project-2/saxpy 16777216 2.0 stride 8':

           5880245      cache-references:u                                                    
           3252505      cache-misses:u                   #   55.31% of all cache refs         

       0.146557104 seconds time elapsed

       0.081694000 seconds user
       0.061270000 seconds sys



[RUN] rep=2, pattern=stride, arg=16
Command: perf stat -e cache-references,cache-misses taskset -c 0 /mnt/c/Users/LaunJames/Documents/Classes/Semester_9/ACS/ACS/class-wide-projects/project-2/saxpy 16777216 2.0 stride 16
N=16777216 a=2 mode=stride stride=16 runtime_ms=11.0909

[STDERR]

 Performance counter stats for 'taskset -c 0 /mnt/c/Users/LaunJames/Documents/Classes/Semester_9/ACS/ACS/class-wide-projects/project-2/saxpy 16777216 2.0 stride 16':

           5933326      cache-references:u                                                    
           3693616      cache-misses:u                   #   62.25% of all cache refs         

       0.148463204 seconds time elapsed

       0.082606000 seconds user
       0.062938000 seconds sys



[RUN] rep=2, pattern=stride, arg=256
Command: perf stat -e cache-references,cache-misses taskset -c 0 /mnt/c/Users/LaunJames/Documents/Classes/Semester_9/ACS/ACS/class-wide-projects/project-2/saxpy 16777216 2.0 stride 256
N=16777216 a=2 mode=stride stride=256 runtime_ms=1.4735

[STDERR]

 Performance counter stats for 'taskset -c 0 /mnt/c/Users/LaunJames/Documents/Classes/Semester_9/ACS/ACS/class-wide-projects/project-2/saxpy 16777216 2.0 stride 256':

           2265032      cache-references:u                                                    
            860887      cache-misses:u                   #   38.01% of all cache refs         

       0.189930506 seconds time elapsed

       0.044629000 seconds user
       0.109546000 seconds sys



[RUN] rep=2, pattern=stride, arg=1
Command: perf stat -e cache-references,cache-misses taskset -c 0 /mnt/c/Users/LaunJames/Documents/Classes/Semester_9/ACS/ACS/class-wide-projects/project-2/saxpy 16777216 2.0 stride 1
N=16777216 a=2 mode=stride stride=1 runtime_ms=16.2928

[STDERR]

 Performance counter stats for 'taskset -c 0 /mnt/c/Users/LaunJames/Documents/Classes/Semester_9/ACS/ACS/class-wide-projects/project-2/saxpy 16777216 2.0 stride 1':

           5556018      cache-references:u                                                    
           1872758      cache-misses:u                   #   33.71% of all cache refs         

       0.161083705 seconds time elapsed

       0.084050000 seconds user
       0.072043000 seconds sys



