=== Log Filtering Information ===
The following patterns were suppressed from tool output:
- Unable to modify prefetchers
- enabling random access
Reason: these are environment-related warnings in WSL2 that do not affect measurement.
================================

=== Environment Information ===
CPU information (lscpu):
Architecture:                         x86_64
CPU op-mode(s):                       32-bit, 64-bit
Address sizes:                        39 bits physical, 48 bits virtual
Byte Order:                           Little Endian
CPU(s):                               16
On-line CPU(s) list:                  0-15
Vendor ID:                            GenuineIntel
Model name:                           11th Gen Intel(R) Core(TM) i7-11850H @ 2.50GHz
CPU family:                           6
Model:                                141
Thread(s) per core:                   2
Core(s) per socket:                   8
Socket(s):                            1
Stepping:                             1
BogoMIPS:                             4992.00
Flags:                                fpu vme de pse tsc msr pae mce cx8 apic sep mtrr pge mca cmov pat pse36 clflush mmx fxsr sse sse2 ss ht syscall nx pdpe1gb rdtscp lm constant_tsc arch_perfmon rep_good nopl xtopology cpuid tsc_known_freq pni pclmulqdq ssse3 fma cx16 pdcm pcid sse4_1 sse4_2 movbe popcnt aes xsave avx f16c rdrand hypervisor lahf_lm abm 3dnowprefetch ssbd ibrs ibpb stibp ibrs_enhanced fsgsbase bmi1 avx2 smep bmi2 erms invpcid avx512f avx512dq rdseed adx smap avx512ifma clflushopt clwb avx512cd sha_ni avx512bw avx512vl xsaveopt xsavec xgetbv1 xsaves avx512vbmi umip avx512_vbmi2 gfni vaes vpclmulqdq avx512_vnni avx512_bitalg avx512_vpopcntdq rdpid fsrm avx512_vp2intersect md_clear flush_l1d arch_capabilities
Hypervisor vendor:                    Microsoft
Virtualization type:                  full
L1d cache:                            384 KiB (8 instances)
L1i cache:                            256 KiB (8 instances)
L2 cache:                             10 MiB (8 instances)
L3 cache:                             24 MiB (1 instance)
NUMA node(s):                         1
NUMA node0 CPU(s):                    0-15
Vulnerability Gather data sampling:   Unknown: Dependent on hypervisor status
Vulnerability Itlb multihit:          Not affected
Vulnerability L1tf:                   Not affected
Vulnerability Mds:                    Not affected
Vulnerability Meltdown:               Not affected
Vulnerability Mmio stale data:        Not affected
Vulnerability Reg file data sampling: Not affected
Vulnerability Retbleed:               Mitigation; Enhanced IBRS
Vulnerability Spec rstack overflow:   Not affected
Vulnerability Spec store bypass:      Mitigation; Speculative Store Bypass disabled via prctl
Vulnerability Spectre v1:             Mitigation; usercopy/swapgs barriers and __user pointer sanitization
Vulnerability Spectre v2:             Mitigation; Enhanced / Automatic IBRS; IBPB conditional; RSB filling; PBRSB-eIBRS SW sequence; BHI SW loop, KVM SW loop
Vulnerability Srbds:                  Not affected
Vulnerability Tsx async abort:        Not affected

CPU frequency governor:

Note: CPU frequency scaling managed by Windows Power Options (min/max=99% to prevent turbo).
Governor not directly configurable under WSL2; assumed performance mode.

Tool versions:
MLC version:
Intel(R) Memory Latency Checker - v3.11b
Perf version:
perf version 6.6.87.2.g427645e3db3a
===============================

=== Warm-up Phase (discarded) ===
[WARMUP] taskset -c 0 /home/launj/mlc --loaded_latency -b256M -l64 -d800
[WARMUP] taskset -c 0 /home/launj/mlc --loaded_latency -b256M -l64 -d400
[WARMUP] taskset -c 0 /home/launj/mlc --loaded_latency -b256M -l64 -d200
[WARMUP] taskset -c 0 /home/launj/mlc --loaded_latency -b256M -l64 -d100
[WARMUP] taskset -c 0 /home/launj/mlc --loaded_latency -b256M -l64 -d50
=== End Warm-up ===

[RUN] rep=1, intensity=very_high
Command: taskset -c 0 /home/launj/mlc --loaded_latency -b256M -l64 -d50
Intel(R) Memory Latency Checker - v3.11b
Command line parameters: --loaded_latency -b256M -l64 -d50 

Using buffer size of 256.000MiB/thread for reads and an additional 256.000MiB/thread for writes

Measuring Loaded Latencies for the system
Using all the threads from each core if Hyper-threading is enabled
Using Read-only traffic type
Inject	Latency	Bandwidth
Delay	(ns)	MB/sec
==========================
 00050	233.39	  44100.3
[RUN] rep=1, intensity=very_low
Command: taskset -c 0 /home/launj/mlc --loaded_latency -b256M -l64 -d800
Intel(R) Memory Latency Checker - v3.11b
Command line parameters: --loaded_latency -b256M -l64 -d800 

Using buffer size of 256.000MiB/thread for reads and an additional 256.000MiB/thread for writes

Measuring Loaded Latencies for the system
Using all the threads from each core if Hyper-threading is enabled
Using Read-only traffic type
Inject	Latency	Bandwidth
Delay	(ns)	MB/sec
==========================
 00800	 54.39	   8963.4
[RUN] rep=1, intensity=low
Command: taskset -c 0 /home/launj/mlc --loaded_latency -b256M -l64 -d400
Intel(R) Memory Latency Checker - v3.11b
Command line parameters: --loaded_latency -b256M -l64 -d400 

Using buffer size of 256.000MiB/thread for reads and an additional 256.000MiB/thread for writes

Measuring Loaded Latencies for the system
Using all the threads from each core if Hyper-threading is enabled
Using Read-only traffic type
Inject	Latency	Bandwidth
Delay	(ns)	MB/sec
==========================
 00400	 56.44	  16256.1
[RUN] rep=1, intensity=high
Command: taskset -c 0 /home/launj/mlc --loaded_latency -b256M -l64 -d100
Intel(R) Memory Latency Checker - v3.11b
Command line parameters: --loaded_latency -b256M -l64 -d100 

Using buffer size of 256.000MiB/thread for reads and an additional 256.000MiB/thread for writes

Measuring Loaded Latencies for the system
Using all the threads from each core if Hyper-threading is enabled
Using Read-only traffic type
Inject	Latency	Bandwidth
Delay	(ns)	MB/sec
==========================
 00100	184.03	  43796.2
[RUN] rep=1, intensity=medium
Command: taskset -c 0 /home/launj/mlc --loaded_latency -b256M -l64 -d200
Intel(R) Memory Latency Checker - v3.11b
Command line parameters: --loaded_latency -b256M -l64 -d200 

Using buffer size of 256.000MiB/thread for reads and an additional 256.000MiB/thread for writes

Measuring Loaded Latencies for the system
Using all the threads from each core if Hyper-threading is enabled
Using Read-only traffic type
Inject	Latency	Bandwidth
Delay	(ns)	MB/sec
==========================
 00200	 70.84	  29192.6
[RUN] rep=2, intensity=medium
Command: taskset -c 0 /home/launj/mlc --loaded_latency -b256M -l64 -d200
Intel(R) Memory Latency Checker - v3.11b
Command line parameters: --loaded_latency -b256M -l64 -d200 

Using buffer size of 256.000MiB/thread for reads and an additional 256.000MiB/thread for writes

Measuring Loaded Latencies for the system
Using all the threads from each core if Hyper-threading is enabled
Using Read-only traffic type
Inject	Latency	Bandwidth
Delay	(ns)	MB/sec
==========================
 00200	 80.29	  27144.0
[RUN] rep=2, intensity=very_high
Command: taskset -c 0 /home/launj/mlc --loaded_latency -b256M -l64 -d50
Intel(R) Memory Latency Checker - v3.11b
Command line parameters: --loaded_latency -b256M -l64 -d50 

Using buffer size of 256.000MiB/thread for reads and an additional 256.000MiB/thread for writes

Measuring Loaded Latencies for the system
Using all the threads from each core if Hyper-threading is enabled
Using Read-only traffic type
Inject	Latency	Bandwidth
Delay	(ns)	MB/sec
==========================
 00050	304.18	  33760.9
[RUN] rep=2, intensity=high
Command: taskset -c 0 /home/launj/mlc --loaded_latency -b256M -l64 -d100
Intel(R) Memory Latency Checker - v3.11b
Command line parameters: --loaded_latency -b256M -l64 -d100 

Using buffer size of 256.000MiB/thread for reads and an additional 256.000MiB/thread for writes

Measuring Loaded Latencies for the system
Using all the threads from each core if Hyper-threading is enabled
Using Read-only traffic type
Inject	Latency	Bandwidth
Delay	(ns)	MB/sec
==========================
 00100	273.68	  32224.5
[RUN] rep=2, intensity=low
Command: taskset -c 0 /home/launj/mlc --loaded_latency -b256M -l64 -d400
Intel(R) Memory Latency Checker - v3.11b
Command line parameters: --loaded_latency -b256M -l64 -d400 

Using buffer size of 256.000MiB/thread for reads and an additional 256.000MiB/thread for writes

Measuring Loaded Latencies for the system
Using all the threads from each core if Hyper-threading is enabled
Using Read-only traffic type
Inject	Latency	Bandwidth
Delay	(ns)	MB/sec
==========================
 00400	 57.17	  16160.4
[RUN] rep=2, intensity=very_low
Command: taskset -c 0 /home/launj/mlc --loaded_latency -b256M -l64 -d800
Intel(R) Memory Latency Checker - v3.11b
Command line parameters: --loaded_latency -b256M -l64 -d800 

Using buffer size of 256.000MiB/thread for reads and an additional 256.000MiB/thread for writes

Measuring Loaded Latencies for the system
Using all the threads from each core if Hyper-threading is enabled
Using Read-only traffic type
Inject	Latency	Bandwidth
Delay	(ns)	MB/sec
==========================
 00800	 56.44	   8902.3
[RUN] rep=3, intensity=medium
Command: taskset -c 0 /home/launj/mlc --loaded_latency -b256M -l64 -d200
Intel(R) Memory Latency Checker - v3.11b
Command line parameters: --loaded_latency -b256M -l64 -d200 

Using buffer size of 256.000MiB/thread for reads and an additional 256.000MiB/thread for writes

Measuring Loaded Latencies for the system
Using all the threads from each core if Hyper-threading is enabled
Using Read-only traffic type
Inject	Latency	Bandwidth
Delay	(ns)	MB/sec
==========================
 00200	 78.79	  27220.0
[RUN] rep=3, intensity=high
Command: taskset -c 0 /home/launj/mlc --loaded_latency -b256M -l64 -d100
Intel(R) Memory Latency Checker - v3.11b
Command line parameters: --loaded_latency -b256M -l64 -d100 

Using buffer size of 256.000MiB/thread for reads and an additional 256.000MiB/thread for writes

Measuring Loaded Latencies for the system
Using all the threads from each core if Hyper-threading is enabled
Using Read-only traffic type
Inject	Latency	Bandwidth
Delay	(ns)	MB/sec
==========================
 00100	300.66	  26469.4
[RUN] rep=3, intensity=low
Command: taskset -c 0 /home/launj/mlc --loaded_latency -b256M -l64 -d400
Intel(R) Memory Latency Checker - v3.11b
Command line parameters: --loaded_latency -b256M -l64 -d400 

Using buffer size of 256.000MiB/thread for reads and an additional 256.000MiB/thread for writes

Measuring Loaded Latencies for the system
Using all the threads from each core if Hyper-threading is enabled
Using Read-only traffic type
Inject	Latency	Bandwidth
Delay	(ns)	MB/sec
==========================
 00400	 83.98	  13878.2
[RUN] rep=3, intensity=very_low
Command: taskset -c 0 /home/launj/mlc --loaded_latency -b256M -l64 -d800
Intel(R) Memory Latency Checker - v3.11b
Command line parameters: --loaded_latency -b256M -l64 -d800 

Using buffer size of 256.000MiB/thread for reads and an additional 256.000MiB/thread for writes

Measuring Loaded Latencies for the system
Using all the threads from each core if Hyper-threading is enabled
Using Read-only traffic type
Inject	Latency	Bandwidth
Delay	(ns)	MB/sec
==========================
 00800	 53.66	   9130.0
[RUN] rep=3, intensity=very_high
Command: taskset -c 0 /home/launj/mlc --loaded_latency -b256M -l64 -d50
Intel(R) Memory Latency Checker - v3.11b
Command line parameters: --loaded_latency -b256M -l64 -d50 

Using buffer size of 256.000MiB/thread for reads and an additional 256.000MiB/thread for writes

Measuring Loaded Latencies for the system
Using all the threads from each core if Hyper-threading is enabled
Using Read-only traffic type
Inject	Latency	Bandwidth
Delay	(ns)	MB/sec
==========================
 00050	272.97	  37727.6
[RUN] rep=4, intensity=high
Command: taskset -c 0 /home/launj/mlc --loaded_latency -b256M -l64 -d100
Intel(R) Memory Latency Checker - v3.11b
Command line parameters: --loaded_latency -b256M -l64 -d100 

Using buffer size of 256.000MiB/thread for reads and an additional 256.000MiB/thread for writes

Measuring Loaded Latencies for the system
Using all the threads from each core if Hyper-threading is enabled
Using Read-only traffic type
Inject	Latency	Bandwidth
Delay	(ns)	MB/sec
==========================
 00100	266.92	  33149.7
[RUN] rep=4, intensity=very_low
Command: taskset -c 0 /home/launj/mlc --loaded_latency -b256M -l64 -d800
Intel(R) Memory Latency Checker - v3.11b
Command line parameters: --loaded_latency -b256M -l64 -d800 

Using buffer size of 256.000MiB/thread for reads and an additional 256.000MiB/thread for writes

Measuring Loaded Latencies for the system
Using all the threads from each core if Hyper-threading is enabled
Using Read-only traffic type
Inject	Latency	Bandwidth
Delay	(ns)	MB/sec
==========================
 00800	 55.71	   8970.4
[RUN] rep=4, intensity=low
Command: taskset -c 0 /home/launj/mlc --loaded_latency -b256M -l64 -d400
Intel(R) Memory Latency Checker - v3.11b
Command line parameters: --loaded_latency -b256M -l64 -d400 

Using buffer size of 256.000MiB/thread for reads and an additional 256.000MiB/thread for writes

Measuring Loaded Latencies for the system
Using all the threads from each core if Hyper-threading is enabled
Using Read-only traffic type
Inject	Latency	Bandwidth
Delay	(ns)	MB/sec
==========================
 00400	 58.88	  16279.8
[RUN] rep=4, intensity=very_high
Command: taskset -c 0 /home/launj/mlc --loaded_latency -b256M -l64 -d50
Intel(R) Memory Latency Checker - v3.11b
Command line parameters: --loaded_latency -b256M -l64 -d50 

Using buffer size of 256.000MiB/thread for reads and an additional 256.000MiB/thread for writes

Measuring Loaded Latencies for the system
Using all the threads from each core if Hyper-threading is enabled
Using Read-only traffic type
Inject	Latency	Bandwidth
Delay	(ns)	MB/sec
==========================
 00050	233.82	  43955.5
[RUN] rep=4, intensity=medium
Command: taskset -c 0 /home/launj/mlc --loaded_latency -b256M -l64 -d200
Intel(R) Memory Latency Checker - v3.11b
Command line parameters: --loaded_latency -b256M -l64 -d200 

Using buffer size of 256.000MiB/thread for reads and an additional 256.000MiB/thread for writes

Measuring Loaded Latencies for the system
Using all the threads from each core if Hyper-threading is enabled
Using Read-only traffic type
Inject	Latency	Bandwidth
Delay	(ns)	MB/sec
==========================
 00200	 71.42	  29229.8
[RUN] rep=5, intensity=high
Command: taskset -c 0 /home/launj/mlc --loaded_latency -b256M -l64 -d100
Intel(R) Memory Latency Checker - v3.11b
Command line parameters: --loaded_latency -b256M -l64 -d100 

Using buffer size of 256.000MiB/thread for reads and an additional 256.000MiB/thread for writes

Measuring Loaded Latencies for the system
Using all the threads from each core if Hyper-threading is enabled
Using Read-only traffic type
Inject	Latency	Bandwidth
Delay	(ns)	MB/sec
==========================
 00100	210.89	  38830.8
[RUN] rep=5, intensity=very_low
Command: taskset -c 0 /home/launj/mlc --loaded_latency -b256M -l64 -d800
Intel(R) Memory Latency Checker - v3.11b
Command line parameters: --loaded_latency -b256M -l64 -d800 

Using buffer size of 256.000MiB/thread for reads and an additional 256.000MiB/thread for writes

Measuring Loaded Latencies for the system
Using all the threads from each core if Hyper-threading is enabled
Using Read-only traffic type
Inject	Latency	Bandwidth
Delay	(ns)	MB/sec
==========================
 00800	 65.19	   8300.0
[RUN] rep=5, intensity=low
Command: taskset -c 0 /home/launj/mlc --loaded_latency -b256M -l64 -d400
Intel(R) Memory Latency Checker - v3.11b
Command line parameters: --loaded_latency -b256M -l64 -d400 

Using buffer size of 256.000MiB/thread for reads and an additional 256.000MiB/thread for writes

Measuring Loaded Latencies for the system
Using all the threads from each core if Hyper-threading is enabled
Using Read-only traffic type
Inject	Latency	Bandwidth
Delay	(ns)	MB/sec
==========================
 00400	 55.85	  16153.2
[RUN] rep=5, intensity=medium
Command: taskset -c 0 /home/launj/mlc --loaded_latency -b256M -l64 -d200
Intel(R) Memory Latency Checker - v3.11b
Command line parameters: --loaded_latency -b256M -l64 -d200 

Using buffer size of 256.000MiB/thread for reads and an additional 256.000MiB/thread for writes

Measuring Loaded Latencies for the system
Using all the threads from each core if Hyper-threading is enabled
Using Read-only traffic type
Inject	Latency	Bandwidth
Delay	(ns)	MB/sec
==========================
 00200	 76.23	  28233.4
[RUN] rep=5, intensity=very_high
Command: taskset -c 0 /home/launj/mlc --loaded_latency -b256M -l64 -d50
Intel(R) Memory Latency Checker - v3.11b
Command line parameters: --loaded_latency -b256M -l64 -d50 

Using buffer size of 256.000MiB/thread for reads and an additional 256.000MiB/thread for writes

Measuring Loaded Latencies for the system
Using all the threads from each core if Hyper-threading is enabled
Using Read-only traffic type
Inject	Latency	Bandwidth
Delay	(ns)	MB/sec
==========================
 00050	305.93	  29823.7
