=== Log Filtering Information ===
The following patterns were suppressed from tool output:
- Unable to modify prefetchers
- enabling random access
Reason: these are environment-related warnings in WSL2 that do not affect measurement.
================================

=== Environment Information ===
CPU information (lscpu):
Architecture:                         x86_64
CPU op-mode(s):                       32-bit, 64-bit
Address sizes:                        39 bits physical, 48 bits virtual
Byte Order:                           Little Endian
CPU(s):                               16
On-line CPU(s) list:                  0-15
Vendor ID:                            GenuineIntel
Model name:                           11th Gen Intel(R) Core(TM) i7-11850H @ 2.50GHz
CPU family:                           6
Model:                                141
Thread(s) per core:                   2
Core(s) per socket:                   8
Socket(s):                            1
Stepping:                             1
BogoMIPS:                             4992.00
Flags:                                fpu vme de pse tsc msr pae mce cx8 apic sep mtrr pge mca cmov pat pse36 clflush mmx fxsr sse sse2 ss ht syscall nx pdpe1gb rdtscp lm constant_tsc arch_perfmon rep_good nopl xtopology cpuid tsc_known_freq pni pclmulqdq ssse3 fma cx16 pdcm pcid sse4_1 sse4_2 movbe popcnt aes xsave avx f16c rdrand hypervisor lahf_lm abm 3dnowprefetch ssbd ibrs ibpb stibp ibrs_enhanced fsgsbase bmi1 avx2 smep bmi2 erms invpcid avx512f avx512dq rdseed adx smap avx512ifma clflushopt clwb avx512cd sha_ni avx512bw avx512vl xsaveopt xsavec xgetbv1 xsaves avx512vbmi umip avx512_vbmi2 gfni vaes vpclmulqdq avx512_vnni avx512_bitalg avx512_vpopcntdq rdpid fsrm avx512_vp2intersect md_clear flush_l1d arch_capabilities
Hypervisor vendor:                    Microsoft
Virtualization type:                  full
L1d cache:                            384 KiB (8 instances)
L1i cache:                            256 KiB (8 instances)
L2 cache:                             10 MiB (8 instances)
L3 cache:                             24 MiB (1 instance)
NUMA node(s):                         1
NUMA node0 CPU(s):                    0-15
Vulnerability Gather data sampling:   Unknown: Dependent on hypervisor status
Vulnerability Itlb multihit:          Not affected
Vulnerability L1tf:                   Not affected
Vulnerability Mds:                    Not affected
Vulnerability Meltdown:               Not affected
Vulnerability Mmio stale data:        Not affected
Vulnerability Reg file data sampling: Not affected
Vulnerability Retbleed:               Mitigation; Enhanced IBRS
Vulnerability Spec rstack overflow:   Not affected
Vulnerability Spec store bypass:      Mitigation; Speculative Store Bypass disabled via prctl
Vulnerability Spectre v1:             Mitigation; usercopy/swapgs barriers and __user pointer sanitization
Vulnerability Spectre v2:             Mitigation; Enhanced / Automatic IBRS; IBPB conditional; RSB filling; PBRSB-eIBRS SW sequence; BHI SW loop, KVM SW loop
Vulnerability Srbds:                  Not affected
Vulnerability Tsx async abort:        Not affected

CPU frequency governor:

Note: CPU frequency scaling managed by Windows Power Options (min/max=99% to prevent turbo).
Governor not directly configurable under WSL2; assumed performance mode.

Tool versions:
MLC version:
Intel(R) Memory Latency Checker - v3.11b
Perf version:
perf version 6.6.87.2.g427645e3db3a
===============================

=== Warm-up Phase (discarded) ===
[WARMUP] taskset -c 0 /home/launj/mlc --idle_latency -b256M -l64
[WARMUP] taskset -c 0 /home/launj/mlc --bandwidth_matrix -b256M -l64
[WARMUP] taskset -c 0 /home/launj/mlc --idle_latency -b256M -l256
[WARMUP] taskset -c 0 /home/launj/mlc --bandwidth_matrix -b256M -l256
[WARMUP] taskset -c 0 /home/launj/mlc --idle_latency -b256M -l1024
[WARMUP] taskset -c 0 /home/launj/mlc --bandwidth_matrix -b256M -l1024
[WARMUP] taskset -c 0 /home/launj/mlc --idle_latency -b256M -l64 -r
[WARMUP] taskset -c 0 /home/launj/mlc --bandwidth_matrix -b256M -l64 -R
[WARMUP] taskset -c 0 /home/launj/mlc --idle_latency -b256M -l256 -r
[WARMUP] taskset -c 0 /home/launj/mlc --bandwidth_matrix -b256M -l256 -R
[WARMUP] taskset -c 0 /home/launj/mlc --idle_latency -b256M -l1024 -r
[WARMUP] taskset -c 0 /home/launj/mlc --bandwidth_matrix -b256M -l1024 -R
=== End Warm-up ===

[RUN-LAT] rep=1, pattern=random, stride=64B
Command: taskset -c 0 /home/launj/mlc --idle_latency -b256M -l64 -r
Intel(R) Memory Latency Checker - v3.11b
Command line parameters: --idle_latency -b256M -l64 -r 

Using buffer size of 256.000MiB
Each iteration took 152.5 base frequency clocks (	61.1	ns)

[RUN-BW] rep=1, pattern=random, stride=64B
Command: taskset -c 0 /home/launj/mlc --bandwidth_matrix -b256M -l64 -R
Intel(R) Memory Latency Checker - v3.11b
Command line parameters: --bandwidth_matrix -b256M -l64 -R 

Using buffer size of 256.000MiB/thread for reads and an additional 256.000MiB/thread for writes
Measuring Memory Bandwidths between nodes within system 
Bandwidths are in MB/sec (1 MB/sec = 1,000,000 Bytes/sec)
Using all the threads from each core if Hyper-threading is enabled
		Numa node
Numa node	     0	
       0	42774.7	
[RUN-LAT] rep=1, pattern=random, stride=1024B
Command: taskset -c 0 /home/launj/mlc --idle_latency -b256M -l1024 -r
Intel(R) Memory Latency Checker - v3.11b
Command line parameters: --idle_latency -b256M -l1024 -r 

Using buffer size of 256.000MiB
Each iteration took 378.0 base frequency clocks (	151.4	ns)

[RUN-BW] rep=1, pattern=random, stride=1024B
Command: taskset -c 0 /home/launj/mlc --bandwidth_matrix -b256M -l1024 -R
Intel(R) Memory Latency Checker - v3.11b
Command line parameters: --bandwidth_matrix -b256M -l1024 -R 

Using buffer size of 256.000MiB/thread for reads and an additional 256.000MiB/thread for writes
Measuring Memory Bandwidths between nodes within system 
Bandwidths are in MB/sec (1 MB/sec = 1,000,000 Bytes/sec)
Using all the threads from each core if Hyper-threading is enabled
		Numa node
Numa node	     0	
       0	12949.5	
[RUN-LAT] rep=1, pattern=random, stride=256B
Command: taskset -c 0 /home/launj/mlc --idle_latency -b256M -l256 -r
Intel(R) Memory Latency Checker - v3.11b
Command line parameters: --idle_latency -b256M -l256 -r 

Using buffer size of 256.000MiB
Each iteration took 379.1 base frequency clocks (	151.9	ns)

[RUN-BW] rep=1, pattern=random, stride=256B
Command: taskset -c 0 /home/launj/mlc --bandwidth_matrix -b256M -l256 -R
Intel(R) Memory Latency Checker - v3.11b
Command line parameters: --bandwidth_matrix -b256M -l256 -R 

Using buffer size of 256.000MiB/thread for reads and an additional 256.000MiB/thread for writes
Measuring Memory Bandwidths between nodes within system 
Bandwidths are in MB/sec (1 MB/sec = 1,000,000 Bytes/sec)
Using all the threads from each core if Hyper-threading is enabled
		Numa node
Numa node	     0	
       0	22273.6	
[RUN-LAT] rep=1, pattern=sequential, stride=64B
Command: taskset -c 0 /home/launj/mlc --idle_latency -b256M -l64
Intel(R) Memory Latency Checker - v3.11b
Command line parameters: --idle_latency -b256M -l64 

Using buffer size of 256.000MiB
Each iteration took 145.6 base frequency clocks (	58.3	ns)

[RUN-BW] rep=1, pattern=sequential, stride=64B
Command: taskset -c 0 /home/launj/mlc --bandwidth_matrix -b256M -l64
Intel(R) Memory Latency Checker - v3.11b
Command line parameters: --bandwidth_matrix -b256M -l64 

Using buffer size of 256.000MiB/thread for reads and an additional 256.000MiB/thread for writes
Measuring Memory Bandwidths between nodes within system 
Bandwidths are in MB/sec (1 MB/sec = 1,000,000 Bytes/sec)
Using all the threads from each core if Hyper-threading is enabled
Using Read-only traffic type
		Numa node
Numa node	     0	
       0	42262.1	
[RUN-LAT] rep=1, pattern=sequential, stride=1024B
Command: taskset -c 0 /home/launj/mlc --idle_latency -b256M -l1024
Intel(R) Memory Latency Checker - v3.11b
Command line parameters: --idle_latency -b256M -l1024 

Using buffer size of 256.000MiB
Each iteration took 374.6 base frequency clocks (	150.1	ns)

[RUN-BW] rep=1, pattern=sequential, stride=1024B
Command: taskset -c 0 /home/launj/mlc --bandwidth_matrix -b256M -l1024
Intel(R) Memory Latency Checker - v3.11b
Command line parameters: --bandwidth_matrix -b256M -l1024 

Using buffer size of 256.000MiB/thread for reads and an additional 256.000MiB/thread for writes
Measuring Memory Bandwidths between nodes within system 
Bandwidths are in MB/sec (1 MB/sec = 1,000,000 Bytes/sec)
Using all the threads from each core if Hyper-threading is enabled
Using Read-only traffic type
		Numa node
Numa node	     0	
       0	12343.5	
[RUN-LAT] rep=1, pattern=sequential, stride=256B
Command: taskset -c 0 /home/launj/mlc --idle_latency -b256M -l256
Intel(R) Memory Latency Checker - v3.11b
Command line parameters: --idle_latency -b256M -l256 

Using buffer size of 256.000MiB
Each iteration took 377.8 base frequency clocks (	151.4	ns)

[RUN-BW] rep=1, pattern=sequential, stride=256B
Command: taskset -c 0 /home/launj/mlc --bandwidth_matrix -b256M -l256
Intel(R) Memory Latency Checker - v3.11b
Command line parameters: --bandwidth_matrix -b256M -l256 

Using buffer size of 256.000MiB/thread for reads and an additional 256.000MiB/thread for writes
Measuring Memory Bandwidths between nodes within system 
Bandwidths are in MB/sec (1 MB/sec = 1,000,000 Bytes/sec)
Using all the threads from each core if Hyper-threading is enabled
Using Read-only traffic type
		Numa node
Numa node	     0	
       0	22815.7	
[RUN-LAT] rep=2, pattern=random, stride=256B
Command: taskset -c 0 /home/launj/mlc --idle_latency -b256M -l256 -r
Intel(R) Memory Latency Checker - v3.11b
Command line parameters: --idle_latency -b256M -l256 -r 

Using buffer size of 256.000MiB
Each iteration took 371.0 base frequency clocks (	148.6	ns)

[RUN-BW] rep=2, pattern=random, stride=256B
Command: taskset -c 0 /home/launj/mlc --bandwidth_matrix -b256M -l256 -R
Intel(R) Memory Latency Checker - v3.11b
Command line parameters: --bandwidth_matrix -b256M -l256 -R 

Using buffer size of 256.000MiB/thread for reads and an additional 256.000MiB/thread for writes
Measuring Memory Bandwidths between nodes within system 
Bandwidths are in MB/sec (1 MB/sec = 1,000,000 Bytes/sec)
Using all the threads from each core if Hyper-threading is enabled
		Numa node
Numa node	     0	
       0	22482.2	
[RUN-LAT] rep=2, pattern=sequential, stride=1024B
Command: taskset -c 0 /home/launj/mlc --idle_latency -b256M -l1024
Intel(R) Memory Latency Checker - v3.11b
Command line parameters: --idle_latency -b256M -l1024 

Using buffer size of 256.000MiB
Each iteration took 380.2 base frequency clocks (	152.3	ns)

[RUN-BW] rep=2, pattern=sequential, stride=1024B
Command: taskset -c 0 /home/launj/mlc --bandwidth_matrix -b256M -l1024
Intel(R) Memory Latency Checker - v3.11b
Command line parameters: --bandwidth_matrix -b256M -l1024 

Using buffer size of 256.000MiB/thread for reads and an additional 256.000MiB/thread for writes
Measuring Memory Bandwidths between nodes within system 
Bandwidths are in MB/sec (1 MB/sec = 1,000,000 Bytes/sec)
Using all the threads from each core if Hyper-threading is enabled
Using Read-only traffic type
		Numa node
Numa node	     0	
       0	12487.8	
[RUN-LAT] rep=2, pattern=sequential, stride=64B
Command: taskset -c 0 /home/launj/mlc --idle_latency -b256M -l64
Intel(R) Memory Latency Checker - v3.11b
Command line parameters: --idle_latency -b256M -l64 

Using buffer size of 256.000MiB
Each iteration took 150.7 base frequency clocks (	60.4	ns)

[RUN-BW] rep=2, pattern=sequential, stride=64B
Command: taskset -c 0 /home/launj/mlc --bandwidth_matrix -b256M -l64
Intel(R) Memory Latency Checker - v3.11b
Command line parameters: --bandwidth_matrix -b256M -l64 

Using buffer size of 256.000MiB/thread for reads and an additional 256.000MiB/thread for writes
Measuring Memory Bandwidths between nodes within system 
Bandwidths are in MB/sec (1 MB/sec = 1,000,000 Bytes/sec)
Using all the threads from each core if Hyper-threading is enabled
Using Read-only traffic type
		Numa node
Numa node	     0	
       0	42462.3	
[RUN-LAT] rep=2, pattern=random, stride=64B
Command: taskset -c 0 /home/launj/mlc --idle_latency -b256M -l64 -r
Intel(R) Memory Latency Checker - v3.11b
Command line parameters: --idle_latency -b256M -l64 -r 

Using buffer size of 256.000MiB
Each iteration took 151.4 base frequency clocks (	60.7	ns)

[RUN-BW] rep=2, pattern=random, stride=64B
Command: taskset -c 0 /home/launj/mlc --bandwidth_matrix -b256M -l64 -R
Intel(R) Memory Latency Checker - v3.11b
Command line parameters: --bandwidth_matrix -b256M -l64 -R 

Using buffer size of 256.000MiB/thread for reads and an additional 256.000MiB/thread for writes
Measuring Memory Bandwidths between nodes within system 
Bandwidths are in MB/sec (1 MB/sec = 1,000,000 Bytes/sec)
Using all the threads from each core if Hyper-threading is enabled
		Numa node
Numa node	     0	
       0	42332.4	
[RUN-LAT] rep=2, pattern=sequential, stride=256B
Command: taskset -c 0 /home/launj/mlc --idle_latency -b256M -l256
Intel(R) Memory Latency Checker - v3.11b
Command line parameters: --idle_latency -b256M -l256 

Using buffer size of 256.000MiB
Each iteration took 375.0 base frequency clocks (	150.2	ns)

[RUN-BW] rep=2, pattern=sequential, stride=256B
Command: taskset -c 0 /home/launj/mlc --bandwidth_matrix -b256M -l256
Intel(R) Memory Latency Checker - v3.11b
Command line parameters: --bandwidth_matrix -b256M -l256 

Using buffer size of 256.000MiB/thread for reads and an additional 256.000MiB/thread for writes
Measuring Memory Bandwidths between nodes within system 
Bandwidths are in MB/sec (1 MB/sec = 1,000,000 Bytes/sec)
Using all the threads from each core if Hyper-threading is enabled
Using Read-only traffic type
		Numa node
Numa node	     0	
       0	21771.5	
[RUN-LAT] rep=2, pattern=random, stride=1024B
Command: taskset -c 0 /home/launj/mlc --idle_latency -b256M -l1024 -r
Intel(R) Memory Latency Checker - v3.11b
Command line parameters: --idle_latency -b256M -l1024 -r 

Using buffer size of 256.000MiB
Each iteration took 383.8 base frequency clocks (	153.8	ns)

[RUN-BW] rep=2, pattern=random, stride=1024B
Command: taskset -c 0 /home/launj/mlc --bandwidth_matrix -b256M -l1024 -R
Intel(R) Memory Latency Checker - v3.11b
Command line parameters: --bandwidth_matrix -b256M -l1024 -R 

Using buffer size of 256.000MiB/thread for reads and an additional 256.000MiB/thread for writes
Measuring Memory Bandwidths between nodes within system 
Bandwidths are in MB/sec (1 MB/sec = 1,000,000 Bytes/sec)
Using all the threads from each core if Hyper-threading is enabled
		Numa node
Numa node	     0	
       0	11954.3	
[RUN-LAT] rep=3, pattern=random, stride=256B
Command: taskset -c 0 /home/launj/mlc --idle_latency -b256M -l256 -r
Intel(R) Memory Latency Checker - v3.11b
Command line parameters: --idle_latency -b256M -l256 -r 

Using buffer size of 256.000MiB
Each iteration took 375.4 base frequency clocks (	150.4	ns)

[RUN-BW] rep=3, pattern=random, stride=256B
Command: taskset -c 0 /home/launj/mlc --bandwidth_matrix -b256M -l256 -R
Intel(R) Memory Latency Checker - v3.11b
Command line parameters: --bandwidth_matrix -b256M -l256 -R 

Using buffer size of 256.000MiB/thread for reads and an additional 256.000MiB/thread for writes
Measuring Memory Bandwidths between nodes within system 
Bandwidths are in MB/sec (1 MB/sec = 1,000,000 Bytes/sec)
Using all the threads from each core if Hyper-threading is enabled
		Numa node
Numa node	     0	
       0	22355.9	
[RUN-LAT] rep=3, pattern=random, stride=1024B
Command: taskset -c 0 /home/launj/mlc --idle_latency -b256M -l1024 -r
Intel(R) Memory Latency Checker - v3.11b
Command line parameters: --idle_latency -b256M -l1024 -r 

Using buffer size of 256.000MiB
Each iteration took 389.8 base frequency clocks (	156.2	ns)

[RUN-BW] rep=3, pattern=random, stride=1024B
Command: taskset -c 0 /home/launj/mlc --bandwidth_matrix -b256M -l1024 -R
Intel(R) Memory Latency Checker - v3.11b
Command line parameters: --bandwidth_matrix -b256M -l1024 -R 

Using buffer size of 256.000MiB/thread for reads and an additional 256.000MiB/thread for writes
Measuring Memory Bandwidths between nodes within system 
Bandwidths are in MB/sec (1 MB/sec = 1,000,000 Bytes/sec)
Using all the threads from each core if Hyper-threading is enabled
		Numa node
Numa node	     0	
       0	12552.8	
[RUN-LAT] rep=3, pattern=sequential, stride=1024B
Command: taskset -c 0 /home/launj/mlc --idle_latency -b256M -l1024
Intel(R) Memory Latency Checker - v3.11b
Command line parameters: --idle_latency -b256M -l1024 

Using buffer size of 256.000MiB
Each iteration took 386.9 base frequency clocks (	155.0	ns)

[RUN-BW] rep=3, pattern=sequential, stride=1024B
Command: taskset -c 0 /home/launj/mlc --bandwidth_matrix -b256M -l1024
Intel(R) Memory Latency Checker - v3.11b
Command line parameters: --bandwidth_matrix -b256M -l1024 

Using buffer size of 256.000MiB/thread for reads and an additional 256.000MiB/thread for writes
Measuring Memory Bandwidths between nodes within system 
Bandwidths are in MB/sec (1 MB/sec = 1,000,000 Bytes/sec)
Using all the threads from each core if Hyper-threading is enabled
Using Read-only traffic type
		Numa node
Numa node	     0	
       0	12617.2	
[RUN-LAT] rep=3, pattern=sequential, stride=256B
Command: taskset -c 0 /home/launj/mlc --idle_latency -b256M -l256
Intel(R) Memory Latency Checker - v3.11b
Command line parameters: --idle_latency -b256M -l256 

Using buffer size of 256.000MiB
Each iteration took 373.3 base frequency clocks (	149.6	ns)

[RUN-BW] rep=3, pattern=sequential, stride=256B
Command: taskset -c 0 /home/launj/mlc --bandwidth_matrix -b256M -l256
Intel(R) Memory Latency Checker - v3.11b
Command line parameters: --bandwidth_matrix -b256M -l256 

Using buffer size of 256.000MiB/thread for reads and an additional 256.000MiB/thread for writes
Measuring Memory Bandwidths between nodes within system 
Bandwidths are in MB/sec (1 MB/sec = 1,000,000 Bytes/sec)
Using all the threads from each core if Hyper-threading is enabled
Using Read-only traffic type
		Numa node
Numa node	     0	
       0	23140.2	
[RUN-LAT] rep=3, pattern=random, stride=64B
Command: taskset -c 0 /home/launj/mlc --idle_latency -b256M -l64 -r
Intel(R) Memory Latency Checker - v3.11b
Command line parameters: --idle_latency -b256M -l64 -r 

Using buffer size of 256.000MiB
Each iteration took 153.8 base frequency clocks (	61.6	ns)

[RUN-BW] rep=3, pattern=random, stride=64B
Command: taskset -c 0 /home/launj/mlc --bandwidth_matrix -b256M -l64 -R
Intel(R) Memory Latency Checker - v3.11b
Command line parameters: --bandwidth_matrix -b256M -l64 -R 

Using buffer size of 256.000MiB/thread for reads and an additional 256.000MiB/thread for writes
Measuring Memory Bandwidths between nodes within system 
Bandwidths are in MB/sec (1 MB/sec = 1,000,000 Bytes/sec)
Using all the threads from each core if Hyper-threading is enabled
		Numa node
Numa node	     0	
       0	41664.8	
[RUN-LAT] rep=3, pattern=sequential, stride=64B
Command: taskset -c 0 /home/launj/mlc --idle_latency -b256M -l64
Intel(R) Memory Latency Checker - v3.11b
Command line parameters: --idle_latency -b256M -l64 

Using buffer size of 256.000MiB
Each iteration took 151.8 base frequency clocks (	60.8	ns)

[RUN-BW] rep=3, pattern=sequential, stride=64B
Command: taskset -c 0 /home/launj/mlc --bandwidth_matrix -b256M -l64
Intel(R) Memory Latency Checker - v3.11b
Command line parameters: --bandwidth_matrix -b256M -l64 

Using buffer size of 256.000MiB/thread for reads and an additional 256.000MiB/thread for writes
Measuring Memory Bandwidths between nodes within system 
Bandwidths are in MB/sec (1 MB/sec = 1,000,000 Bytes/sec)
Using all the threads from each core if Hyper-threading is enabled
Using Read-only traffic type
		Numa node
Numa node	     0	
       0	42966.6	
[RUN-LAT] rep=4, pattern=sequential, stride=1024B
Command: taskset -c 0 /home/launj/mlc --idle_latency -b256M -l1024
Intel(R) Memory Latency Checker - v3.11b
Command line parameters: --idle_latency -b256M -l1024 

Using buffer size of 256.000MiB
Each iteration took 383.6 base frequency clocks (	153.7	ns)

[RUN-BW] rep=4, pattern=sequential, stride=1024B
Command: taskset -c 0 /home/launj/mlc --bandwidth_matrix -b256M -l1024
Intel(R) Memory Latency Checker - v3.11b
Command line parameters: --bandwidth_matrix -b256M -l1024 

Using buffer size of 256.000MiB/thread for reads and an additional 256.000MiB/thread for writes
Measuring Memory Bandwidths between nodes within system 
Bandwidths are in MB/sec (1 MB/sec = 1,000,000 Bytes/sec)
Using all the threads from each core if Hyper-threading is enabled
Using Read-only traffic type
		Numa node
Numa node	     0	
       0	13206.2	
[RUN-LAT] rep=4, pattern=random, stride=64B
Command: taskset -c 0 /home/launj/mlc --idle_latency -b256M -l64 -r
Intel(R) Memory Latency Checker - v3.11b
Command line parameters: --idle_latency -b256M -l64 -r 

Using buffer size of 256.000MiB
Each iteration took 150.9 base frequency clocks (	60.5	ns)

[RUN-BW] rep=4, pattern=random, stride=64B
Command: taskset -c 0 /home/launj/mlc --bandwidth_matrix -b256M -l64 -R
Intel(R) Memory Latency Checker - v3.11b
Command line parameters: --bandwidth_matrix -b256M -l64 -R 

Using buffer size of 256.000MiB/thread for reads and an additional 256.000MiB/thread for writes
Measuring Memory Bandwidths between nodes within system 
Bandwidths are in MB/sec (1 MB/sec = 1,000,000 Bytes/sec)
Using all the threads from each core if Hyper-threading is enabled
		Numa node
Numa node	     0	
       0	42820.7	
[RUN-LAT] rep=4, pattern=sequential, stride=64B
Command: taskset -c 0 /home/launj/mlc --idle_latency -b256M -l64
Intel(R) Memory Latency Checker - v3.11b
Command line parameters: --idle_latency -b256M -l64 

Using buffer size of 256.000MiB
Each iteration took 152.1 base frequency clocks (	61.0	ns)

[RUN-BW] rep=4, pattern=sequential, stride=64B
Command: taskset -c 0 /home/launj/mlc --bandwidth_matrix -b256M -l64
Intel(R) Memory Latency Checker - v3.11b
Command line parameters: --bandwidth_matrix -b256M -l64 

Using buffer size of 256.000MiB/thread for reads and an additional 256.000MiB/thread for writes
Measuring Memory Bandwidths between nodes within system 
Bandwidths are in MB/sec (1 MB/sec = 1,000,000 Bytes/sec)
Using all the threads from each core if Hyper-threading is enabled
Using Read-only traffic type
		Numa node
Numa node	     0	
       0	42446.9	
[RUN-LAT] rep=4, pattern=random, stride=1024B
Command: taskset -c 0 /home/launj/mlc --idle_latency -b256M -l1024 -r
Intel(R) Memory Latency Checker - v3.11b
Command line parameters: --idle_latency -b256M -l1024 -r 

Using buffer size of 256.000MiB
Each iteration took 382.0 base frequency clocks (	153.0	ns)

[RUN-BW] rep=4, pattern=random, stride=1024B
Command: taskset -c 0 /home/launj/mlc --bandwidth_matrix -b256M -l1024 -R
Intel(R) Memory Latency Checker - v3.11b
Command line parameters: --bandwidth_matrix -b256M -l1024 -R 

Using buffer size of 256.000MiB/thread for reads and an additional 256.000MiB/thread for writes
Measuring Memory Bandwidths between nodes within system 
Bandwidths are in MB/sec (1 MB/sec = 1,000,000 Bytes/sec)
Using all the threads from each core if Hyper-threading is enabled
		Numa node
Numa node	     0	
       0	11923.1	
[RUN-LAT] rep=4, pattern=random, stride=256B
Command: taskset -c 0 /home/launj/mlc --idle_latency -b256M -l256 -r
Intel(R) Memory Latency Checker - v3.11b
Command line parameters: --idle_latency -b256M -l256 -r 

Using buffer size of 256.000MiB
Each iteration took 372.8 base frequency clocks (	149.3	ns)

[RUN-BW] rep=4, pattern=random, stride=256B
Command: taskset -c 0 /home/launj/mlc --bandwidth_matrix -b256M -l256 -R
Intel(R) Memory Latency Checker - v3.11b
Command line parameters: --bandwidth_matrix -b256M -l256 -R 

Using buffer size of 256.000MiB/thread for reads and an additional 256.000MiB/thread for writes
Measuring Memory Bandwidths between nodes within system 
Bandwidths are in MB/sec (1 MB/sec = 1,000,000 Bytes/sec)
Using all the threads from each core if Hyper-threading is enabled
		Numa node
Numa node	     0	
       0	22640.8	
[RUN-LAT] rep=4, pattern=sequential, stride=256B
Command: taskset -c 0 /home/launj/mlc --idle_latency -b256M -l256
Intel(R) Memory Latency Checker - v3.11b
Command line parameters: --idle_latency -b256M -l256 

Using buffer size of 256.000MiB
Each iteration took 375.9 base frequency clocks (	150.6	ns)

[RUN-BW] rep=4, pattern=sequential, stride=256B
Command: taskset -c 0 /home/launj/mlc --bandwidth_matrix -b256M -l256
Intel(R) Memory Latency Checker - v3.11b
Command line parameters: --bandwidth_matrix -b256M -l256 

Using buffer size of 256.000MiB/thread for reads and an additional 256.000MiB/thread for writes
Measuring Memory Bandwidths between nodes within system 
Bandwidths are in MB/sec (1 MB/sec = 1,000,000 Bytes/sec)
Using all the threads from each core if Hyper-threading is enabled
Using Read-only traffic type
		Numa node
Numa node	     0	
       0	22153.2	
[RUN-LAT] rep=5, pattern=sequential, stride=64B
Command: taskset -c 0 /home/launj/mlc --idle_latency -b256M -l64
Intel(R) Memory Latency Checker - v3.11b
Command line parameters: --idle_latency -b256M -l64 

Using buffer size of 256.000MiB
Each iteration took 152.9 base frequency clocks (	61.2	ns)

[RUN-BW] rep=5, pattern=sequential, stride=64B
Command: taskset -c 0 /home/launj/mlc --bandwidth_matrix -b256M -l64
Intel(R) Memory Latency Checker - v3.11b
Command line parameters: --bandwidth_matrix -b256M -l64 

Using buffer size of 256.000MiB/thread for reads and an additional 256.000MiB/thread for writes
Measuring Memory Bandwidths between nodes within system 
Bandwidths are in MB/sec (1 MB/sec = 1,000,000 Bytes/sec)
Using all the threads from each core if Hyper-threading is enabled
Using Read-only traffic type
		Numa node
Numa node	     0	
       0	42927.9	
[RUN-LAT] rep=5, pattern=random, stride=256B
Command: taskset -c 0 /home/launj/mlc --idle_latency -b256M -l256 -r
Intel(R) Memory Latency Checker - v3.11b
Command line parameters: --idle_latency -b256M -l256 -r 

Using buffer size of 256.000MiB
Each iteration took 373.8 base frequency clocks (	149.8	ns)

[RUN-BW] rep=5, pattern=random, stride=256B
Command: taskset -c 0 /home/launj/mlc --bandwidth_matrix -b256M -l256 -R
Intel(R) Memory Latency Checker - v3.11b
Command line parameters: --bandwidth_matrix -b256M -l256 -R 

Using buffer size of 256.000MiB/thread for reads and an additional 256.000MiB/thread for writes
Measuring Memory Bandwidths between nodes within system 
Bandwidths are in MB/sec (1 MB/sec = 1,000,000 Bytes/sec)
Using all the threads from each core if Hyper-threading is enabled
		Numa node
Numa node	     0	
       0	21761.7	
[RUN-LAT] rep=5, pattern=random, stride=1024B
Command: taskset -c 0 /home/launj/mlc --idle_latency -b256M -l1024 -r
Intel(R) Memory Latency Checker - v3.11b
Command line parameters: --idle_latency -b256M -l1024 -r 

Using buffer size of 256.000MiB
Each iteration took 381.3 base frequency clocks (	152.8	ns)

[RUN-BW] rep=5, pattern=random, stride=1024B
Command: taskset -c 0 /home/launj/mlc --bandwidth_matrix -b256M -l1024 -R
Intel(R) Memory Latency Checker - v3.11b
Command line parameters: --bandwidth_matrix -b256M -l1024 -R 

Using buffer size of 256.000MiB/thread for reads and an additional 256.000MiB/thread for writes
Measuring Memory Bandwidths between nodes within system 
Bandwidths are in MB/sec (1 MB/sec = 1,000,000 Bytes/sec)
Using all the threads from each core if Hyper-threading is enabled
		Numa node
Numa node	     0	
       0	11895.9	
[RUN-LAT] rep=5, pattern=random, stride=64B
Command: taskset -c 0 /home/launj/mlc --idle_latency -b256M -l64 -r
Intel(R) Memory Latency Checker - v3.11b
Command line parameters: --idle_latency -b256M -l64 -r 

Using buffer size of 256.000MiB
Each iteration took 146.1 base frequency clocks (	58.5	ns)

[RUN-BW] rep=5, pattern=random, stride=64B
Command: taskset -c 0 /home/launj/mlc --bandwidth_matrix -b256M -l64 -R
Intel(R) Memory Latency Checker - v3.11b
Command line parameters: --bandwidth_matrix -b256M -l64 -R 

Using buffer size of 256.000MiB/thread for reads and an additional 256.000MiB/thread for writes
Measuring Memory Bandwidths between nodes within system 
Bandwidths are in MB/sec (1 MB/sec = 1,000,000 Bytes/sec)
Using all the threads from each core if Hyper-threading is enabled
		Numa node
Numa node	     0	
       0	43228.5	
[RUN-LAT] rep=5, pattern=sequential, stride=1024B
Command: taskset -c 0 /home/launj/mlc --idle_latency -b256M -l1024
Intel(R) Memory Latency Checker - v3.11b
Command line parameters: --idle_latency -b256M -l1024 

Using buffer size of 256.000MiB
Each iteration took 383.8 base frequency clocks (	153.8	ns)

[RUN-BW] rep=5, pattern=sequential, stride=1024B
Command: taskset -c 0 /home/launj/mlc --bandwidth_matrix -b256M -l1024
Intel(R) Memory Latency Checker - v3.11b
Command line parameters: --bandwidth_matrix -b256M -l1024 

Using buffer size of 256.000MiB/thread for reads and an additional 256.000MiB/thread for writes
Measuring Memory Bandwidths between nodes within system 
Bandwidths are in MB/sec (1 MB/sec = 1,000,000 Bytes/sec)
Using all the threads from each core if Hyper-threading is enabled
Using Read-only traffic type
		Numa node
Numa node	     0	
       0	12861.2	
[RUN-LAT] rep=5, pattern=sequential, stride=256B
Command: taskset -c 0 /home/launj/mlc --idle_latency -b256M -l256
Intel(R) Memory Latency Checker - v3.11b
Command line parameters: --idle_latency -b256M -l256 

Using buffer size of 256.000MiB
Each iteration took 371.0 base frequency clocks (	148.7	ns)

[RUN-BW] rep=5, pattern=sequential, stride=256B
Command: taskset -c 0 /home/launj/mlc --bandwidth_matrix -b256M -l256
Intel(R) Memory Latency Checker - v3.11b
Command line parameters: --bandwidth_matrix -b256M -l256 

Using buffer size of 256.000MiB/thread for reads and an additional 256.000MiB/thread for writes
Measuring Memory Bandwidths between nodes within system 
Bandwidths are in MB/sec (1 MB/sec = 1,000,000 Bytes/sec)
Using all the threads from each core if Hyper-threading is enabled
Using Read-only traffic type
		Numa node
Numa node	     0	
       0	22192.7	
