=== Log Filtering Information ===
The following patterns were suppressed from tool output:
- Unable to modify prefetchers
- enabling random access
Reason: these are environment-related warnings in WSL2 that do not affect measurement.
================================

=== Environment Information ===
CPU information (lscpu):
Architecture:                         x86_64
CPU op-mode(s):                       32-bit, 64-bit
Address sizes:                        39 bits physical, 48 bits virtual
Byte Order:                           Little Endian
CPU(s):                               16
On-line CPU(s) list:                  0-15
Vendor ID:                            GenuineIntel
Model name:                           11th Gen Intel(R) Core(TM) i7-11850H @ 2.50GHz
CPU family:                           6
Model:                                141
Thread(s) per core:                   2
Core(s) per socket:                   8
Socket(s):                            1
Stepping:                             1
BogoMIPS:                             4992.00
Flags:                                fpu vme de pse tsc msr pae mce cx8 apic sep mtrr pge mca cmov pat pse36 clflush mmx fxsr sse sse2 ss ht syscall nx pdpe1gb rdtscp lm constant_tsc arch_perfmon rep_good nopl xtopology cpuid tsc_known_freq pni pclmulqdq ssse3 fma cx16 pdcm pcid sse4_1 sse4_2 movbe popcnt aes xsave avx f16c rdrand hypervisor lahf_lm abm 3dnowprefetch ssbd ibrs ibpb stibp ibrs_enhanced fsgsbase bmi1 avx2 smep bmi2 erms invpcid avx512f avx512dq rdseed adx smap avx512ifma clflushopt clwb avx512cd sha_ni avx512bw avx512vl xsaveopt xsavec xgetbv1 xsaves avx512vbmi umip avx512_vbmi2 gfni vaes vpclmulqdq avx512_vnni avx512_bitalg avx512_vpopcntdq rdpid fsrm avx512_vp2intersect md_clear flush_l1d arch_capabilities
Hypervisor vendor:                    Microsoft
Virtualization type:                  full
L1d cache:                            384 KiB (8 instances)
L1i cache:                            256 KiB (8 instances)
L2 cache:                             10 MiB (8 instances)
L3 cache:                             24 MiB (1 instance)
NUMA node(s):                         1
NUMA node0 CPU(s):                    0-15
Vulnerability Gather data sampling:   Unknown: Dependent on hypervisor status
Vulnerability Itlb multihit:          Not affected
Vulnerability L1tf:                   Not affected
Vulnerability Mds:                    Not affected
Vulnerability Meltdown:               Not affected
Vulnerability Mmio stale data:        Not affected
Vulnerability Reg file data sampling: Not affected
Vulnerability Retbleed:               Mitigation; Enhanced IBRS
Vulnerability Spec rstack overflow:   Not affected
Vulnerability Spec store bypass:      Mitigation; Speculative Store Bypass disabled via prctl
Vulnerability Spectre v1:             Mitigation; usercopy/swapgs barriers and __user pointer sanitization
Vulnerability Spectre v2:             Mitigation; Enhanced / Automatic IBRS; IBPB conditional; RSB filling; PBRSB-eIBRS SW sequence; BHI SW loop, KVM SW loop
Vulnerability Srbds:                  Not affected
Vulnerability Tsx async abort:        Not affected

CPU frequency governor:

Note: CPU frequency scaling managed by Windows Power Options (min/max=99% to prevent turbo).
Governor not directly configurable under WSL2; assumed performance mode.

Tool versions:
MLC version:
Intel(R) Memory Latency Checker - v3.11b
Perf version:
perf version 6.6.87.2.g427645e3db3a
===============================

=== Warm-up Phase (discarded) ===
[WARMUP] taskset -c 0 /home/launj/mlc --idle_latency -b256M -l64
[WARMUP] taskset -c 0 /home/launj/mlc --bandwidth_matrix -b256M -l64
[WARMUP] taskset -c 0 /home/launj/mlc --idle_latency -b256M -l256
[WARMUP] taskset -c 0 /home/launj/mlc --bandwidth_matrix -b256M -l256
[WARMUP] taskset -c 0 /home/launj/mlc --idle_latency -b256M -l1024
[WARMUP] taskset -c 0 /home/launj/mlc --bandwidth_matrix -b256M -l1024
[WARMUP] taskset -c 0 /home/launj/mlc --idle_latency -b256M -l64 -r
[WARMUP] taskset -c 0 /home/launj/mlc --bandwidth_matrix -b256M -l64 -R
[WARMUP] taskset -c 0 /home/launj/mlc --idle_latency -b256M -l256 -r
[WARMUP] taskset -c 0 /home/launj/mlc --bandwidth_matrix -b256M -l256 -R
[WARMUP] taskset -c 0 /home/launj/mlc --idle_latency -b256M -l1024 -r
[WARMUP] taskset -c 0 /home/launj/mlc --bandwidth_matrix -b256M -l1024 -R
=== End Warm-up ===

[RUN-LAT] rep=1, pattern=random, stride=64B
Command: taskset -c 0 /home/launj/mlc --idle_latency -b256M -l64 -r
Intel(R) Memory Latency Checker - v3.11b
Command line parameters: --idle_latency -b256M -l64 -r 

Using buffer size of 256.000MiB
Each iteration took 154.1 base frequency clocks (	61.8	ns)

[RUN-BW] rep=1, pattern=random, stride=64B
Command: taskset -c 0 /home/launj/mlc --bandwidth_matrix -b256M -l64 -R
Intel(R) Memory Latency Checker - v3.11b
Command line parameters: --bandwidth_matrix -b256M -l64 -R 

Using buffer size of 256.000MiB/thread for reads and an additional 256.000MiB/thread for writes
Measuring Memory Bandwidths between nodes within system 
Bandwidths are in MB/sec (1 MB/sec = 1,000,000 Bytes/sec)
Using all the threads from each core if Hyper-threading is enabled
		Numa node
Numa node	     0	
       0	42711.7	
[RUN-LAT] rep=1, pattern=random, stride=1024B
Command: taskset -c 0 /home/launj/mlc --idle_latency -b256M -l1024 -r
Intel(R) Memory Latency Checker - v3.11b
Command line parameters: --idle_latency -b256M -l1024 -r 

Using buffer size of 256.000MiB
Each iteration took 382.9 base frequency clocks (	153.4	ns)

[RUN-BW] rep=1, pattern=random, stride=1024B
Command: taskset -c 0 /home/launj/mlc --bandwidth_matrix -b256M -l1024 -R
Intel(R) Memory Latency Checker - v3.11b
Command line parameters: --bandwidth_matrix -b256M -l1024 -R 

Using buffer size of 256.000MiB/thread for reads and an additional 256.000MiB/thread for writes
Measuring Memory Bandwidths between nodes within system 
Bandwidths are in MB/sec (1 MB/sec = 1,000,000 Bytes/sec)
Using all the threads from each core if Hyper-threading is enabled
		Numa node
Numa node	     0	
       0	11825.2	
[RUN-LAT] rep=1, pattern=sequential, stride=1024B
Command: taskset -c 0 /home/launj/mlc --idle_latency -b256M -l1024
Intel(R) Memory Latency Checker - v3.11b
Command line parameters: --idle_latency -b256M -l1024 

Using buffer size of 256.000MiB
Each iteration took 380.6 base frequency clocks (	152.5	ns)

[RUN-BW] rep=1, pattern=sequential, stride=1024B
Command: taskset -c 0 /home/launj/mlc --bandwidth_matrix -b256M -l1024
Intel(R) Memory Latency Checker - v3.11b
Command line parameters: --bandwidth_matrix -b256M -l1024 

Using buffer size of 256.000MiB/thread for reads and an additional 256.000MiB/thread for writes
Measuring Memory Bandwidths between nodes within system 
Bandwidths are in MB/sec (1 MB/sec = 1,000,000 Bytes/sec)
Using all the threads from each core if Hyper-threading is enabled
Using Read-only traffic type
		Numa node
Numa node	     0	
       0	12119.1	
[RUN-LAT] rep=1, pattern=sequential, stride=64B
Command: taskset -c 0 /home/launj/mlc --idle_latency -b256M -l64
Intel(R) Memory Latency Checker - v3.11b
Command line parameters: --idle_latency -b256M -l64 

Using buffer size of 256.000MiB
Each iteration took 151.7 base frequency clocks (	60.8	ns)

[RUN-BW] rep=1, pattern=sequential, stride=64B
Command: taskset -c 0 /home/launj/mlc --bandwidth_matrix -b256M -l64
Intel(R) Memory Latency Checker - v3.11b
Command line parameters: --bandwidth_matrix -b256M -l64 

Using buffer size of 256.000MiB/thread for reads and an additional 256.000MiB/thread for writes
Measuring Memory Bandwidths between nodes within system 
Bandwidths are in MB/sec (1 MB/sec = 1,000,000 Bytes/sec)
Using all the threads from each core if Hyper-threading is enabled
Using Read-only traffic type
		Numa node
Numa node	     0	
       0	42767.4	
[RUN-LAT] rep=1, pattern=sequential, stride=256B
Command: taskset -c 0 /home/launj/mlc --idle_latency -b256M -l256
Intel(R) Memory Latency Checker - v3.11b
Command line parameters: --idle_latency -b256M -l256 

Using buffer size of 256.000MiB
Each iteration took 383.0 base frequency clocks (	153.4	ns)

[RUN-BW] rep=1, pattern=sequential, stride=256B
Command: taskset -c 0 /home/launj/mlc --bandwidth_matrix -b256M -l256
Intel(R) Memory Latency Checker - v3.11b
Command line parameters: --bandwidth_matrix -b256M -l256 

Using buffer size of 256.000MiB/thread for reads and an additional 256.000MiB/thread for writes
Measuring Memory Bandwidths between nodes within system 
Bandwidths are in MB/sec (1 MB/sec = 1,000,000 Bytes/sec)
Using all the threads from each core if Hyper-threading is enabled
Using Read-only traffic type
		Numa node
Numa node	     0	
       0	22933.1	
[RUN-LAT] rep=1, pattern=random, stride=256B
Command: taskset -c 0 /home/launj/mlc --idle_latency -b256M -l256 -r
Intel(R) Memory Latency Checker - v3.11b
Command line parameters: --idle_latency -b256M -l256 -r 

Using buffer size of 256.000MiB
Each iteration took 378.0 base frequency clocks (	151.4	ns)

[RUN-BW] rep=1, pattern=random, stride=256B
Command: taskset -c 0 /home/launj/mlc --bandwidth_matrix -b256M -l256 -R
Intel(R) Memory Latency Checker - v3.11b
Command line parameters: --bandwidth_matrix -b256M -l256 -R 

Using buffer size of 256.000MiB/thread for reads and an additional 256.000MiB/thread for writes
Measuring Memory Bandwidths between nodes within system 
Bandwidths are in MB/sec (1 MB/sec = 1,000,000 Bytes/sec)
Using all the threads from each core if Hyper-threading is enabled
		Numa node
Numa node	     0	
       0	22655.4	
[RUN-LAT] rep=2, pattern=sequential, stride=256B
Command: taskset -c 0 /home/launj/mlc --idle_latency -b256M -l256
Intel(R) Memory Latency Checker - v3.11b
Command line parameters: --idle_latency -b256M -l256 

Using buffer size of 256.000MiB
Each iteration took 376.3 base frequency clocks (	150.8	ns)

[RUN-BW] rep=2, pattern=sequential, stride=256B
Command: taskset -c 0 /home/launj/mlc --bandwidth_matrix -b256M -l256
Intel(R) Memory Latency Checker - v3.11b
Command line parameters: --bandwidth_matrix -b256M -l256 

Using buffer size of 256.000MiB/thread for reads and an additional 256.000MiB/thread for writes
Measuring Memory Bandwidths between nodes within system 
Bandwidths are in MB/sec (1 MB/sec = 1,000,000 Bytes/sec)
Using all the threads from each core if Hyper-threading is enabled
Using Read-only traffic type
		Numa node
Numa node	     0	
       0	21986.1	
[RUN-LAT] rep=2, pattern=random, stride=256B
Command: taskset -c 0 /home/launj/mlc --idle_latency -b256M -l256 -r
Intel(R) Memory Latency Checker - v3.11b
Command line parameters: --idle_latency -b256M -l256 -r 

Using buffer size of 256.000MiB
Each iteration took 382.3 base frequency clocks (	153.1	ns)

[RUN-BW] rep=2, pattern=random, stride=256B
Command: taskset -c 0 /home/launj/mlc --bandwidth_matrix -b256M -l256 -R
Intel(R) Memory Latency Checker - v3.11b
Command line parameters: --bandwidth_matrix -b256M -l256 -R 

Using buffer size of 256.000MiB/thread for reads and an additional 256.000MiB/thread for writes
Measuring Memory Bandwidths between nodes within system 
Bandwidths are in MB/sec (1 MB/sec = 1,000,000 Bytes/sec)
Using all the threads from each core if Hyper-threading is enabled
		Numa node
Numa node	     0	
       0	22148.5	
[RUN-LAT] rep=2, pattern=random, stride=64B
Command: taskset -c 0 /home/launj/mlc --idle_latency -b256M -l64 -r
Intel(R) Memory Latency Checker - v3.11b
Command line parameters: --idle_latency -b256M -l64 -r 

Using buffer size of 256.000MiB
Each iteration took 149.8 base frequency clocks (	60.0	ns)

[RUN-BW] rep=2, pattern=random, stride=64B
Command: taskset -c 0 /home/launj/mlc --bandwidth_matrix -b256M -l64 -R
Intel(R) Memory Latency Checker - v3.11b
Command line parameters: --bandwidth_matrix -b256M -l64 -R 

Using buffer size of 256.000MiB/thread for reads and an additional 256.000MiB/thread for writes
Measuring Memory Bandwidths between nodes within system 
Bandwidths are in MB/sec (1 MB/sec = 1,000,000 Bytes/sec)
Using all the threads from each core if Hyper-threading is enabled
		Numa node
Numa node	     0	
       0	42505.3	
[RUN-LAT] rep=2, pattern=sequential, stride=1024B
Command: taskset -c 0 /home/launj/mlc --idle_latency -b256M -l1024
Intel(R) Memory Latency Checker - v3.11b
Command line parameters: --idle_latency -b256M -l1024 

Using buffer size of 256.000MiB
Each iteration took 386.1 base frequency clocks (	154.7	ns)

[RUN-BW] rep=2, pattern=sequential, stride=1024B
Command: taskset -c 0 /home/launj/mlc --bandwidth_matrix -b256M -l1024
Intel(R) Memory Latency Checker - v3.11b
Command line parameters: --bandwidth_matrix -b256M -l1024 

Using buffer size of 256.000MiB/thread for reads and an additional 256.000MiB/thread for writes
Measuring Memory Bandwidths between nodes within system 
Bandwidths are in MB/sec (1 MB/sec = 1,000,000 Bytes/sec)
Using all the threads from each core if Hyper-threading is enabled
Using Read-only traffic type
		Numa node
Numa node	     0	
       0	12500.4	
[RUN-LAT] rep=2, pattern=sequential, stride=64B
Command: taskset -c 0 /home/launj/mlc --idle_latency -b256M -l64
Intel(R) Memory Latency Checker - v3.11b
Command line parameters: --idle_latency -b256M -l64 

Using buffer size of 256.000MiB
Each iteration took 147.7 base frequency clocks (	59.2	ns)

[RUN-BW] rep=2, pattern=sequential, stride=64B
Command: taskset -c 0 /home/launj/mlc --bandwidth_matrix -b256M -l64
Intel(R) Memory Latency Checker - v3.11b
Command line parameters: --bandwidth_matrix -b256M -l64 

Using buffer size of 256.000MiB/thread for reads and an additional 256.000MiB/thread for writes
Measuring Memory Bandwidths between nodes within system 
Bandwidths are in MB/sec (1 MB/sec = 1,000,000 Bytes/sec)
Using all the threads from each core if Hyper-threading is enabled
Using Read-only traffic type
		Numa node
Numa node	     0	
       0	42468.8	
[RUN-LAT] rep=2, pattern=random, stride=1024B
Command: taskset -c 0 /home/launj/mlc --idle_latency -b256M -l1024 -r
Intel(R) Memory Latency Checker - v3.11b
Command line parameters: --idle_latency -b256M -l1024 -r 

Using buffer size of 256.000MiB
Each iteration took 377.4 base frequency clocks (	151.2	ns)

[RUN-BW] rep=2, pattern=random, stride=1024B
Command: taskset -c 0 /home/launj/mlc --bandwidth_matrix -b256M -l1024 -R
Intel(R) Memory Latency Checker - v3.11b
Command line parameters: --bandwidth_matrix -b256M -l1024 -R 

Using buffer size of 256.000MiB/thread for reads and an additional 256.000MiB/thread for writes
Measuring Memory Bandwidths between nodes within system 
Bandwidths are in MB/sec (1 MB/sec = 1,000,000 Bytes/sec)
Using all the threads from each core if Hyper-threading is enabled
		Numa node
Numa node	     0	
       0	12102.0	
[RUN-LAT] rep=3, pattern=sequential, stride=64B
Command: taskset -c 0 /home/launj/mlc --idle_latency -b256M -l64
Intel(R) Memory Latency Checker - v3.11b
Command line parameters: --idle_latency -b256M -l64 

Using buffer size of 256.000MiB
Each iteration took 154.2 base frequency clocks (	61.8	ns)

[RUN-BW] rep=3, pattern=sequential, stride=64B
Command: taskset -c 0 /home/launj/mlc --bandwidth_matrix -b256M -l64
Intel(R) Memory Latency Checker - v3.11b
Command line parameters: --bandwidth_matrix -b256M -l64 

Using buffer size of 256.000MiB/thread for reads and an additional 256.000MiB/thread for writes
Measuring Memory Bandwidths between nodes within system 
Bandwidths are in MB/sec (1 MB/sec = 1,000,000 Bytes/sec)
Using all the threads from each core if Hyper-threading is enabled
Using Read-only traffic type
		Numa node
Numa node	     0	
       0	42523.5	
[RUN-LAT] rep=3, pattern=sequential, stride=1024B
Command: taskset -c 0 /home/launj/mlc --idle_latency -b256M -l1024
Intel(R) Memory Latency Checker - v3.11b
Command line parameters: --idle_latency -b256M -l1024 

Using buffer size of 256.000MiB
Each iteration took 387.2 base frequency clocks (	155.1	ns)

[RUN-BW] rep=3, pattern=sequential, stride=1024B
Command: taskset -c 0 /home/launj/mlc --bandwidth_matrix -b256M -l1024
Intel(R) Memory Latency Checker - v3.11b
Command line parameters: --bandwidth_matrix -b256M -l1024 

Using buffer size of 256.000MiB/thread for reads and an additional 256.000MiB/thread for writes
Measuring Memory Bandwidths between nodes within system 
Bandwidths are in MB/sec (1 MB/sec = 1,000,000 Bytes/sec)
Using all the threads from each core if Hyper-threading is enabled
Using Read-only traffic type
		Numa node
Numa node	     0	
       0	12244.9	
[RUN-LAT] rep=3, pattern=random, stride=64B
Command: taskset -c 0 /home/launj/mlc --idle_latency -b256M -l64 -r
Intel(R) Memory Latency Checker - v3.11b
Command line parameters: --idle_latency -b256M -l64 -r 

Using buffer size of 256.000MiB
Each iteration took 151.6 base frequency clocks (	60.7	ns)

[RUN-BW] rep=3, pattern=random, stride=64B
Command: taskset -c 0 /home/launj/mlc --bandwidth_matrix -b256M -l64 -R
Intel(R) Memory Latency Checker - v3.11b
Command line parameters: --bandwidth_matrix -b256M -l64 -R 

Using buffer size of 256.000MiB/thread for reads and an additional 256.000MiB/thread for writes
Measuring Memory Bandwidths between nodes within system 
Bandwidths are in MB/sec (1 MB/sec = 1,000,000 Bytes/sec)
Using all the threads from each core if Hyper-threading is enabled
		Numa node
Numa node	     0	
       0	42605.5	
[RUN-LAT] rep=3, pattern=random, stride=1024B
Command: taskset -c 0 /home/launj/mlc --idle_latency -b256M -l1024 -r
Intel(R) Memory Latency Checker - v3.11b
Command line parameters: --idle_latency -b256M -l1024 -r 

Using buffer size of 256.000MiB
Each iteration took 382.4 base frequency clocks (	153.2	ns)

[RUN-BW] rep=3, pattern=random, stride=1024B
Command: taskset -c 0 /home/launj/mlc --bandwidth_matrix -b256M -l1024 -R
Intel(R) Memory Latency Checker - v3.11b
Command line parameters: --bandwidth_matrix -b256M -l1024 -R 

Using buffer size of 256.000MiB/thread for reads and an additional 256.000MiB/thread for writes
Measuring Memory Bandwidths between nodes within system 
Bandwidths are in MB/sec (1 MB/sec = 1,000,000 Bytes/sec)
Using all the threads from each core if Hyper-threading is enabled
		Numa node
Numa node	     0	
       0	12407.5	
[RUN-LAT] rep=3, pattern=sequential, stride=256B
Command: taskset -c 0 /home/launj/mlc --idle_latency -b256M -l256
Intel(R) Memory Latency Checker - v3.11b
Command line parameters: --idle_latency -b256M -l256 

Using buffer size of 256.000MiB
Each iteration took 378.4 base frequency clocks (	151.6	ns)

[RUN-BW] rep=3, pattern=sequential, stride=256B
Command: taskset -c 0 /home/launj/mlc --bandwidth_matrix -b256M -l256
Intel(R) Memory Latency Checker - v3.11b
Command line parameters: --bandwidth_matrix -b256M -l256 

Using buffer size of 256.000MiB/thread for reads and an additional 256.000MiB/thread for writes
Measuring Memory Bandwidths between nodes within system 
Bandwidths are in MB/sec (1 MB/sec = 1,000,000 Bytes/sec)
Using all the threads from each core if Hyper-threading is enabled
Using Read-only traffic type
		Numa node
Numa node	     0	
       0	22709.2	
[RUN-LAT] rep=3, pattern=random, stride=256B
Command: taskset -c 0 /home/launj/mlc --idle_latency -b256M -l256 -r
Intel(R) Memory Latency Checker - v3.11b
Command line parameters: --idle_latency -b256M -l256 -r 

Using buffer size of 256.000MiB
Each iteration took 376.9 base frequency clocks (	151.0	ns)

[RUN-BW] rep=3, pattern=random, stride=256B
Command: taskset -c 0 /home/launj/mlc --bandwidth_matrix -b256M -l256 -R
Intel(R) Memory Latency Checker - v3.11b
Command line parameters: --bandwidth_matrix -b256M -l256 -R 

Using buffer size of 256.000MiB/thread for reads and an additional 256.000MiB/thread for writes
Measuring Memory Bandwidths between nodes within system 
Bandwidths are in MB/sec (1 MB/sec = 1,000,000 Bytes/sec)
Using all the threads from each core if Hyper-threading is enabled
		Numa node
Numa node	     0	
       0	23104.8	
