=== Log Filtering Information ===
The following patterns were suppressed from tool output:
- Unable to modify prefetchers
- enabling random access
Reason: these are environment-related warnings in WSL2 that do not affect measurement.
================================

=== Environment Information ===
CPU information (lscpu):
Architecture:                         x86_64
CPU op-mode(s):                       32-bit, 64-bit
Address sizes:                        39 bits physical, 48 bits virtual
Byte Order:                           Little Endian
CPU(s):                               16
On-line CPU(s) list:                  0-15
Vendor ID:                            GenuineIntel
Model name:                           11th Gen Intel(R) Core(TM) i7-11850H @ 2.50GHz
CPU family:                           6
Model:                                141
Thread(s) per core:                   2
Core(s) per socket:                   8
Socket(s):                            1
Stepping:                             1
BogoMIPS:                             4992.00
Flags:                                fpu vme de pse tsc msr pae mce cx8 apic sep mtrr pge mca cmov pat pse36 clflush mmx fxsr sse sse2 ss ht syscall nx pdpe1gb rdtscp lm constant_tsc arch_perfmon rep_good nopl xtopology cpuid tsc_known_freq pni pclmulqdq ssse3 fma cx16 pdcm pcid sse4_1 sse4_2 movbe popcnt aes xsave avx f16c rdrand hypervisor lahf_lm abm 3dnowprefetch ssbd ibrs ibpb stibp ibrs_enhanced fsgsbase bmi1 avx2 smep bmi2 erms invpcid avx512f avx512dq rdseed adx smap avx512ifma clflushopt clwb avx512cd sha_ni avx512bw avx512vl xsaveopt xsavec xgetbv1 xsaves avx512vbmi umip avx512_vbmi2 gfni vaes vpclmulqdq avx512_vnni avx512_bitalg avx512_vpopcntdq rdpid fsrm avx512_vp2intersect md_clear flush_l1d arch_capabilities
Hypervisor vendor:                    Microsoft
Virtualization type:                  full
L1d cache:                            384 KiB (8 instances)
L1i cache:                            256 KiB (8 instances)
L2 cache:                             10 MiB (8 instances)
L3 cache:                             24 MiB (1 instance)
NUMA node(s):                         1
NUMA node0 CPU(s):                    0-15
Vulnerability Gather data sampling:   Unknown: Dependent on hypervisor status
Vulnerability Itlb multihit:          Not affected
Vulnerability L1tf:                   Not affected
Vulnerability Mds:                    Not affected
Vulnerability Meltdown:               Not affected
Vulnerability Mmio stale data:        Not affected
Vulnerability Reg file data sampling: Not affected
Vulnerability Retbleed:               Mitigation; Enhanced IBRS
Vulnerability Spec rstack overflow:   Not affected
Vulnerability Spec store bypass:      Mitigation; Speculative Store Bypass disabled via prctl
Vulnerability Spectre v1:             Mitigation; usercopy/swapgs barriers and __user pointer sanitization
Vulnerability Spectre v2:             Mitigation; Enhanced / Automatic IBRS; IBPB conditional; RSB filling; PBRSB-eIBRS SW sequence; BHI SW loop, KVM SW loop
Vulnerability Srbds:                  Not affected
Vulnerability Tsx async abort:        Not affected

CPU frequency governor:

Note: CPU frequency scaling managed by Windows Power Options (min/max=99% to prevent turbo).
Governor not directly configurable under WSL2; assumed performance mode.

Tool versions:
MLC version:
Intel(R) Memory Latency Checker - v3.11b
Perf version:
perf version 6.6.87.2.g427645e3db3a
===============================

=== Warm-up Phase (discarded) ===
[WARMUP] taskset -c 0 /home/launj/mlc --idle_latency -b8K
[WARMUP] taskset -c 0 /home/launj/mlc --idle_latency -b256M
=== End Warm-up ===

[RUN] rep=1, size=20971520 (20.0 MiB)
Command: taskset -c 0 /home/launj/mlc --idle_latency -b20M
Intel(R) Memory Latency Checker - v3.11b
Command line parameters: --idle_latency -b20M 

Using buffer size of 20.000MiB
Each iteration took 156.3 base frequency clocks (	62.6	ns)

[RUN] rep=1, size=8192 (8.0 KiB)
Command: taskset -c 0 /home/launj/mlc --idle_latency -b8K
Intel(R) Memory Latency Checker - v3.11b
Command line parameters: --idle_latency -b8K 

Using buffer size of 0.008MiB
Each iteration took 5.3 base frequency clocks (	2.1	ns)

[RUN] rep=1, size=4194304 (4.0 MiB)
Command: taskset -c 0 /home/launj/mlc --idle_latency -b4M
Intel(R) Memory Latency Checker - v3.11b
Command line parameters: --idle_latency -b4M 

Using buffer size of 4.000MiB
Each iteration took 93.1 base frequency clocks (	37.3	ns)

[RUN] rep=1, size=1048576 (1.0 MiB)
Command: taskset -c 0 /home/launj/mlc --idle_latency -b1M
Intel(R) Memory Latency Checker - v3.11b
Command line parameters: --idle_latency -b1M 

Using buffer size of 1.000MiB
Each iteration took 19.5 base frequency clocks (	7.8	ns)

[RUN] rep=1, size=33554432 (32.0 MiB)
Command: taskset -c 0 /home/launj/mlc --idle_latency -b32M
Intel(R) Memory Latency Checker - v3.11b
Command line parameters: --idle_latency -b32M 

Using buffer size of 32.000MiB
Each iteration took 260.8 base frequency clocks (	104.5	ns)

[RUN] rep=1, size=134217728 (128.0 MiB)
Command: taskset -c 0 /home/launj/mlc --idle_latency -b128M
Intel(R) Memory Latency Checker - v3.11b
Command line parameters: --idle_latency -b128M 

Using buffer size of 128.000MiB
Each iteration took 329.1 base frequency clocks (	131.9	ns)

[RUN] rep=1, size=262144 (256.0 KiB)
Command: taskset -c 0 /home/launj/mlc --idle_latency -b256K
Intel(R) Memory Latency Checker - v3.11b
Command line parameters: --idle_latency -b256K 

Using buffer size of 0.250MiB
Each iteration took 15.1 base frequency clocks (	6.0	ns)

[RUN] rep=1, size=32768 (32.0 KiB)
Command: taskset -c 0 /home/launj/mlc --idle_latency -b32K
Intel(R) Memory Latency Checker - v3.11b
Command line parameters: --idle_latency -b32K 

Using buffer size of 0.031MiB
Each iteration took 5.3 base frequency clocks (	2.1	ns)

[RUN] rep=1, size=8388608 (8.0 MiB)
Command: taskset -c 0 /home/launj/mlc --idle_latency -b8M
Intel(R) Memory Latency Checker - v3.11b
Command line parameters: --idle_latency -b8M 

Using buffer size of 8.000MiB
Each iteration took 91.6 base frequency clocks (	36.7	ns)

[RUN] rep=1, size=67108864 (64.0 MiB)
Command: taskset -c 0 /home/launj/mlc --idle_latency -b64M
Intel(R) Memory Latency Checker - v3.11b
Command line parameters: --idle_latency -b64M 

Using buffer size of 64.000MiB
Each iteration took 308.5 base frequency clocks (	123.6	ns)

[RUN] rep=1, size=268435456 (256.0 MiB)
Command: taskset -c 0 /home/launj/mlc --idle_latency -b256M
Intel(R) Memory Latency Checker - v3.11b
Command line parameters: --idle_latency -b256M 

Using buffer size of 256.000MiB
Each iteration took 323.9 base frequency clocks (	129.8	ns)

[RUN] rep=2, size=20971520 (20.0 MiB)
Command: taskset -c 0 /home/launj/mlc --idle_latency -b20M
Intel(R) Memory Latency Checker - v3.11b
Command line parameters: --idle_latency -b20M 

Using buffer size of 20.000MiB
Each iteration took 153.2 base frequency clocks (	61.4	ns)

[RUN] rep=2, size=32768 (32.0 KiB)
Command: taskset -c 0 /home/launj/mlc --idle_latency -b32K
Intel(R) Memory Latency Checker - v3.11b
Command line parameters: --idle_latency -b32K 

Using buffer size of 0.031MiB
Each iteration took 5.4 base frequency clocks (	2.1	ns)

[RUN] rep=2, size=8192 (8.0 KiB)
Command: taskset -c 0 /home/launj/mlc --idle_latency -b8K
Intel(R) Memory Latency Checker - v3.11b
Command line parameters: --idle_latency -b8K 

Using buffer size of 0.008MiB
Each iteration took 5.3 base frequency clocks (	2.1	ns)

[RUN] rep=2, size=67108864 (64.0 MiB)
Command: taskset -c 0 /home/launj/mlc --idle_latency -b64M
Intel(R) Memory Latency Checker - v3.11b
Command line parameters: --idle_latency -b64M 

Using buffer size of 64.000MiB
Each iteration took 310.8 base frequency clocks (	124.5	ns)

[RUN] rep=2, size=8388608 (8.0 MiB)
Command: taskset -c 0 /home/launj/mlc --idle_latency -b8M
Intel(R) Memory Latency Checker - v3.11b
Command line parameters: --idle_latency -b8M 

Using buffer size of 8.000MiB
Each iteration took 96.5 base frequency clocks (	38.7	ns)

[RUN] rep=2, size=1048576 (1.0 MiB)
Command: taskset -c 0 /home/launj/mlc --idle_latency -b1M
Intel(R) Memory Latency Checker - v3.11b
Command line parameters: --idle_latency -b1M 

Using buffer size of 1.000MiB
Each iteration took 19.4 base frequency clocks (	7.8	ns)

[RUN] rep=2, size=33554432 (32.0 MiB)
Command: taskset -c 0 /home/launj/mlc --idle_latency -b32M
Intel(R) Memory Latency Checker - v3.11b
Command line parameters: --idle_latency -b32M 

Using buffer size of 32.000MiB
Each iteration took 254.2 base frequency clocks (	101.8	ns)

[RUN] rep=2, size=4194304 (4.0 MiB)
Command: taskset -c 0 /home/launj/mlc --idle_latency -b4M
Intel(R) Memory Latency Checker - v3.11b
Command line parameters: --idle_latency -b4M 

Using buffer size of 4.000MiB
Each iteration took 91.6 base frequency clocks (	36.7	ns)

[RUN] rep=2, size=134217728 (128.0 MiB)
Command: taskset -c 0 /home/launj/mlc --idle_latency -b128M
Intel(R) Memory Latency Checker - v3.11b
Command line parameters: --idle_latency -b128M 

Using buffer size of 128.000MiB
Each iteration took 317.0 base frequency clocks (	127.0	ns)

[RUN] rep=2, size=268435456 (256.0 MiB)
Command: taskset -c 0 /home/launj/mlc --idle_latency -b256M
Intel(R) Memory Latency Checker - v3.11b
Command line parameters: --idle_latency -b256M 

Using buffer size of 256.000MiB
Each iteration took 321.8 base frequency clocks (	128.9	ns)

[RUN] rep=2, size=262144 (256.0 KiB)
Command: taskset -c 0 /home/launj/mlc --idle_latency -b256K
Intel(R) Memory Latency Checker - v3.11b
Command line parameters: --idle_latency -b256K 

Using buffer size of 0.250MiB
Each iteration took 15.2 base frequency clocks (	6.1	ns)

[RUN] rep=3, size=20971520 (20.0 MiB)
Command: taskset -c 0 /home/launj/mlc --idle_latency -b20M
Intel(R) Memory Latency Checker - v3.11b
Command line parameters: --idle_latency -b20M 

Using buffer size of 20.000MiB
Each iteration took 152.9 base frequency clocks (	61.3	ns)

[RUN] rep=3, size=33554432 (32.0 MiB)
Command: taskset -c 0 /home/launj/mlc --idle_latency -b32M
Intel(R) Memory Latency Checker - v3.11b
Command line parameters: --idle_latency -b32M 

Using buffer size of 32.000MiB
Each iteration took 236.7 base frequency clocks (	94.8	ns)

[RUN] rep=3, size=32768 (32.0 KiB)
Command: taskset -c 0 /home/launj/mlc --idle_latency -b32K
Intel(R) Memory Latency Checker - v3.11b
Command line parameters: --idle_latency -b32K 

Using buffer size of 0.031MiB
Each iteration took 5.3 base frequency clocks (	2.1	ns)

[RUN] rep=3, size=268435456 (256.0 MiB)
Command: taskset -c 0 /home/launj/mlc --idle_latency -b256M
Intel(R) Memory Latency Checker - v3.11b
Command line parameters: --idle_latency -b256M 

Using buffer size of 256.000MiB
Each iteration took 326.1 base frequency clocks (	130.7	ns)

[RUN] rep=3, size=4194304 (4.0 MiB)
Command: taskset -c 0 /home/launj/mlc --idle_latency -b4M
Intel(R) Memory Latency Checker - v3.11b
Command line parameters: --idle_latency -b4M 

Using buffer size of 4.000MiB
Each iteration took 95.6 base frequency clocks (	38.3	ns)

[RUN] rep=3, size=8192 (8.0 KiB)
Command: taskset -c 0 /home/launj/mlc --idle_latency -b8K
Intel(R) Memory Latency Checker - v3.11b
Command line parameters: --idle_latency -b8K 

Using buffer size of 0.008MiB
Each iteration took 5.3 base frequency clocks (	2.1	ns)

[RUN] rep=3, size=1048576 (1.0 MiB)
Command: taskset -c 0 /home/launj/mlc --idle_latency -b1M
Intel(R) Memory Latency Checker - v3.11b
Command line parameters: --idle_latency -b1M 

Using buffer size of 1.000MiB
Each iteration took 21.4 base frequency clocks (	8.6	ns)

[RUN] rep=3, size=262144 (256.0 KiB)
Command: taskset -c 0 /home/launj/mlc --idle_latency -b256K
Intel(R) Memory Latency Checker - v3.11b
Command line parameters: --idle_latency -b256K 

Using buffer size of 0.250MiB
Each iteration took 14.9 base frequency clocks (	6.0	ns)

[RUN] rep=3, size=8388608 (8.0 MiB)
Command: taskset -c 0 /home/launj/mlc --idle_latency -b8M
Intel(R) Memory Latency Checker - v3.11b
Command line parameters: --idle_latency -b8M 

Using buffer size of 8.000MiB
Each iteration took 92.8 base frequency clocks (	37.2	ns)

[RUN] rep=3, size=67108864 (64.0 MiB)
Command: taskset -c 0 /home/launj/mlc --idle_latency -b64M
Intel(R) Memory Latency Checker - v3.11b
Command line parameters: --idle_latency -b64M 

Using buffer size of 64.000MiB
Each iteration took 314.5 base frequency clocks (	126.0	ns)

[RUN] rep=3, size=134217728 (128.0 MiB)
Command: taskset -c 0 /home/launj/mlc --idle_latency -b128M
Intel(R) Memory Latency Checker - v3.11b
Command line parameters: --idle_latency -b128M 

Using buffer size of 128.000MiB
Each iteration took 319.6 base frequency clocks (	128.0	ns)

[RUN] rep=4, size=32768 (32.0 KiB)
Command: taskset -c 0 /home/launj/mlc --idle_latency -b32K
Intel(R) Memory Latency Checker - v3.11b
Command line parameters: --idle_latency -b32K 

Using buffer size of 0.031MiB
Each iteration took 5.4 base frequency clocks (	2.2	ns)

[RUN] rep=4, size=1048576 (1.0 MiB)
Command: taskset -c 0 /home/launj/mlc --idle_latency -b1M
Intel(R) Memory Latency Checker - v3.11b
Command line parameters: --idle_latency -b1M 

Using buffer size of 1.000MiB
Each iteration took 23.2 base frequency clocks (	9.3	ns)

[RUN] rep=4, size=262144 (256.0 KiB)
Command: taskset -c 0 /home/launj/mlc --idle_latency -b256K
Intel(R) Memory Latency Checker - v3.11b
Command line parameters: --idle_latency -b256K 

Using buffer size of 0.250MiB
Each iteration took 15.0 base frequency clocks (	6.0	ns)

[RUN] rep=4, size=4194304 (4.0 MiB)
Command: taskset -c 0 /home/launj/mlc --idle_latency -b4M
Intel(R) Memory Latency Checker - v3.11b
Command line parameters: --idle_latency -b4M 

Using buffer size of 4.000MiB
Each iteration took 95.4 base frequency clocks (	38.2	ns)

[RUN] rep=4, size=33554432 (32.0 MiB)
Command: taskset -c 0 /home/launj/mlc --idle_latency -b32M
Intel(R) Memory Latency Checker - v3.11b
Command line parameters: --idle_latency -b32M 

Using buffer size of 32.000MiB
Each iteration took 259.0 base frequency clocks (	103.8	ns)

[RUN] rep=4, size=67108864 (64.0 MiB)
Command: taskset -c 0 /home/launj/mlc --idle_latency -b64M
Intel(R) Memory Latency Checker - v3.11b
Command line parameters: --idle_latency -b64M 

Using buffer size of 64.000MiB
Each iteration took 310.4 base frequency clocks (	124.3	ns)

[RUN] rep=4, size=8192 (8.0 KiB)
Command: taskset -c 0 /home/launj/mlc --idle_latency -b8K
Intel(R) Memory Latency Checker - v3.11b
Command line parameters: --idle_latency -b8K 

Using buffer size of 0.008MiB
Each iteration took 5.3 base frequency clocks (	2.1	ns)

[RUN] rep=4, size=20971520 (20.0 MiB)
Command: taskset -c 0 /home/launj/mlc --idle_latency -b20M
Intel(R) Memory Latency Checker - v3.11b
Command line parameters: --idle_latency -b20M 

Using buffer size of 20.000MiB
Each iteration took 151.2 base frequency clocks (	60.6	ns)

[RUN] rep=4, size=134217728 (128.0 MiB)
Command: taskset -c 0 /home/launj/mlc --idle_latency -b128M
Intel(R) Memory Latency Checker - v3.11b
Command line parameters: --idle_latency -b128M 

Using buffer size of 128.000MiB
Each iteration took 318.5 base frequency clocks (	127.6	ns)

[RUN] rep=4, size=268435456 (256.0 MiB)
Command: taskset -c 0 /home/launj/mlc --idle_latency -b256M
Intel(R) Memory Latency Checker - v3.11b
Command line parameters: --idle_latency -b256M 

Using buffer size of 256.000MiB
Each iteration took 321.9 base frequency clocks (	129.0	ns)

[RUN] rep=4, size=8388608 (8.0 MiB)
Command: taskset -c 0 /home/launj/mlc --idle_latency -b8M
Intel(R) Memory Latency Checker - v3.11b
Command line parameters: --idle_latency -b8M 

Using buffer size of 8.000MiB
Each iteration took 91.4 base frequency clocks (	36.6	ns)

[RUN] rep=5, size=262144 (256.0 KiB)
Command: taskset -c 0 /home/launj/mlc --idle_latency -b256K
Intel(R) Memory Latency Checker - v3.11b
Command line parameters: --idle_latency -b256K 

Using buffer size of 0.250MiB
Each iteration took 14.9 base frequency clocks (	6.0	ns)

[RUN] rep=5, size=134217728 (128.0 MiB)
Command: taskset -c 0 /home/launj/mlc --idle_latency -b128M
Intel(R) Memory Latency Checker - v3.11b
Command line parameters: --idle_latency -b128M 

Using buffer size of 128.000MiB
Each iteration took 323.1 base frequency clocks (	129.4	ns)

[RUN] rep=5, size=1048576 (1.0 MiB)
Command: taskset -c 0 /home/launj/mlc --idle_latency -b1M
Intel(R) Memory Latency Checker - v3.11b
Command line parameters: --idle_latency -b1M 

Using buffer size of 1.000MiB
Each iteration took 19.5 base frequency clocks (	7.8	ns)

[RUN] rep=5, size=4194304 (4.0 MiB)
Command: taskset -c 0 /home/launj/mlc --idle_latency -b4M
Intel(R) Memory Latency Checker - v3.11b
Command line parameters: --idle_latency -b4M 

Using buffer size of 4.000MiB
Each iteration took 88.6 base frequency clocks (	35.5	ns)

[RUN] rep=5, size=20971520 (20.0 MiB)
Command: taskset -c 0 /home/launj/mlc --idle_latency -b20M
Intel(R) Memory Latency Checker - v3.11b
Command line parameters: --idle_latency -b20M 

Using buffer size of 20.000MiB
Each iteration took 147.6 base frequency clocks (	59.1	ns)

[RUN] rep=5, size=33554432 (32.0 MiB)
Command: taskset -c 0 /home/launj/mlc --idle_latency -b32M
Intel(R) Memory Latency Checker - v3.11b
Command line parameters: --idle_latency -b32M 

Using buffer size of 32.000MiB
Each iteration took 265.7 base frequency clocks (	106.4	ns)

[RUN] rep=5, size=268435456 (256.0 MiB)
Command: taskset -c 0 /home/launj/mlc --idle_latency -b256M
Intel(R) Memory Latency Checker - v3.11b
Command line parameters: --idle_latency -b256M 

Using buffer size of 256.000MiB
Each iteration took 325.6 base frequency clocks (	130.4	ns)

[RUN] rep=5, size=8192 (8.0 KiB)
Command: taskset -c 0 /home/launj/mlc --idle_latency -b8K
Intel(R) Memory Latency Checker - v3.11b
Command line parameters: --idle_latency -b8K 

Using buffer size of 0.008MiB
Each iteration took 5.5 base frequency clocks (	2.2	ns)

[RUN] rep=5, size=32768 (32.0 KiB)
Command: taskset -c 0 /home/launj/mlc --idle_latency -b32K
Intel(R) Memory Latency Checker - v3.11b
Command line parameters: --idle_latency -b32K 

Using buffer size of 0.031MiB
Each iteration took 5.4 base frequency clocks (	2.2	ns)

[RUN] rep=5, size=8388608 (8.0 MiB)
Command: taskset -c 0 /home/launj/mlc --idle_latency -b8M
Intel(R) Memory Latency Checker - v3.11b
Command line parameters: --idle_latency -b8M 

Using buffer size of 8.000MiB
Each iteration took 92.6 base frequency clocks (	37.1	ns)

[RUN] rep=5, size=67108864 (64.0 MiB)
Command: taskset -c 0 /home/launj/mlc --idle_latency -b64M
Intel(R) Memory Latency Checker - v3.11b
Command line parameters: --idle_latency -b64M 

Using buffer size of 64.000MiB
Each iteration took 330.2 base frequency clocks (	132.3	ns)

