# ACS SSD Project - Experiment Log
# ======================================
# Run timestamp: 2025-10-01T22:02:14.072984
#
# Environment Information
# fio_version: fio-3.28
# kernel: Linux P1 6.6.87.2-microsoft-standard-WSL2 #1 SMP PREEMPT_DYNAMIC Thu Jun  5 18:30:46 UTC 2025 x86_64 x86_64 x86_64 GNU/Linux
# cpu_model: Model name:                           11th Gen Intel(R) Core(TM) i7-11850H @ 2.50GHz
# cpu_cores: CPU(s):                               16
# disk_info: NAME MODEL              SIZE TYPE
sda  Virtual Disk     388.4M disk
sdb  Virtual Disk       186M disk
sdc  Virtual Disk         4G disk
sdd  Virtual Disk       256G disk
# nvme_smart: smartctl 7.2 2020-12-30 r5155 [x86_64-linux-6.6.87.2-microsoft-standard-WSL2] (local build)
Copyright (C) 2002-20, Bruce Allen, Christian Franke, www.smartmontools.org

Smartctl open device: /dev/nvme0 failed: No such device
# cpu_governor_note: CPU governor locked at 99% (Turbo disabled by Windows power plan); SMT enabled
# data_pattern: Incompressible (--randrepeat=0 --norandommap --zero_buffers=0)
#
# Experiment Parameters
{
  "experiment": "zeroqueue",
  "extra": [
    "--randomize",
    "--reps",
    "3"
  ],
  "skip_precondition": false,
  "precondition_size": "32G"
}

[22:02:14] Preconditioning SSD (manager-controlled)…
[22:02:14] Preconditioning SSD with sequential write (32G total, 1M blocks)...
[22:08:18] Preconditioning complete.
[22:08:21] ======================================
[22:08:21]  Starting Zero-Queue Baseline Experiment
[22:08:21]  Timestamp: 2025-10-01_22-02-14
[22:08:21]  Target file: /mnt/y/acs_testfile
[22:08:21]  Repetitions: 3
[22:08:21]  Data pattern: incompressible (randrepeat=0, norandommap, zero_buffers=0)
[22:08:21] ======================================
[22:08:21] Trial order randomized: [('128k', 'read'), ('128k', 'write'), ('4k', 'randread'), ('4k', 'randwrite')]
[22:08:21] Running workload: 128k read
[22:08:21] Launching FIO: zeroqueue_128k_read_rep1
[22:08:51] Completed FIO: zeroqueue_128k_read_rep1
[22:08:51]  Rep 1: {'avg_us': 945.992661148, 'p95_us': 1269.76, 'p99_us': 1564.672, 'blocksize': '128k', 'pattern': 'read', 'rep': 1}
[22:08:51] Launching FIO: zeroqueue_128k_read_rep2
[22:09:21] Completed FIO: zeroqueue_128k_read_rep2
[22:09:21]  Rep 2: {'avg_us': 897.1133612470001, 'p95_us': 1155.072, 'p99_us': 1417.216, 'blocksize': '128k', 'pattern': 'read', 'rep': 2}
[22:09:21] Launching FIO: zeroqueue_128k_read_rep3
[22:09:52] Completed FIO: zeroqueue_128k_read_rep3
[22:09:52]  Rep 3: {'avg_us': 909.644705244, 'p95_us': 1171.456, 'p99_us': 1384.448, 'blocksize': '128k', 'pattern': 'read', 'rep': 3}
[22:09:52]  Aggregated: avg=917.6±25.4, p95=1198.8±62.0, p99=1455.4±96.0
[22:09:52] Running workload: 128k write
[22:09:52] Launching FIO: zeroqueue_128k_write_rep1
[22:10:22] Completed FIO: zeroqueue_128k_write_rep1
[22:10:22]  Rep 1: {'avg_us': 935.062062774, 'p95_us': 1204.224, 'p99_us': 1499.136, 'blocksize': '128k', 'pattern': 'write', 'rep': 1}
[22:10:22] Launching FIO: zeroqueue_128k_write_rep2
[22:10:52] Completed FIO: zeroqueue_128k_write_rep2
[22:10:52]  Rep 2: {'avg_us': 952.021758673, 'p95_us': 1187.84, 'p99_us': 1499.136, 'blocksize': '128k', 'pattern': 'write', 'rep': 2}
[22:10:52] Launching FIO: zeroqueue_128k_write_rep3
[22:11:22] Completed FIO: zeroqueue_128k_write_rep3
[22:11:23]  Rep 3: {'avg_us': 946.599981118, 'p95_us': 1187.84, 'p99_us': 1515.52, 'blocksize': '128k', 'pattern': 'write', 'rep': 3}
[22:11:23]  Aggregated: avg=944.6±8.7, p95=1193.3±9.5, p99=1504.6±9.5
[22:11:23] Running workload: 4k randread
[22:11:23] Launching FIO: zeroqueue_4k_randread_rep1
[22:11:53] Completed FIO: zeroqueue_4k_randread_rep1
[22:11:53]  Rep 1: {'avg_us': 156.286203191, 'p95_us': 222.208, 'p99_us': 292.864, 'blocksize': '4k', 'pattern': 'randread', 'rep': 1}
[22:11:53] Launching FIO: zeroqueue_4k_randread_rep2
[22:12:23] Completed FIO: zeroqueue_4k_randread_rep2
[22:12:23]  Rep 2: {'avg_us': 160.781205613, 'p95_us': 232.448, 'p99_us': 305.152, 'blocksize': '4k', 'pattern': 'randread', 'rep': 2}
[22:12:23] Launching FIO: zeroqueue_4k_randread_rep3
[22:12:53] Completed FIO: zeroqueue_4k_randread_rep3
[22:12:53]  Rep 3: {'avg_us': 157.991267261, 'p95_us': 224.256, 'p99_us': 296.96, 'blocksize': '4k', 'pattern': 'randread', 'rep': 3}
[22:12:53]  Aggregated: avg=158.4±2.3, p95=226.3±5.4, p99=298.3±6.3
[22:12:53] Running workload: 4k randwrite
[22:12:53] Launching FIO: zeroqueue_4k_randwrite_rep1
[22:13:24] Completed FIO: zeroqueue_4k_randwrite_rep1
[22:13:24]  Rep 1: {'avg_us': 161.073456676, 'p95_us': 234.496, 'p99_us': 313.344, 'blocksize': '4k', 'pattern': 'randwrite', 'rep': 1}
[22:13:24] Launching FIO: zeroqueue_4k_randwrite_rep2
[22:13:54] Completed FIO: zeroqueue_4k_randwrite_rep2
[22:13:54]  Rep 2: {'avg_us': 163.624821383, 'p95_us': 232.448, 'p99_us': 309.248, 'blocksize': '4k', 'pattern': 'randwrite', 'rep': 2}
[22:13:54] Launching FIO: zeroqueue_4k_randwrite_rep3
[22:14:24] Completed FIO: zeroqueue_4k_randwrite_rep3
[22:14:24]  Rep 3: {'avg_us': 162.547526429, 'p95_us': 236.544, 'p99_us': 313.344, 'blocksize': '4k', 'pattern': 'randwrite', 'rep': 3}
[22:14:24]  Aggregated: avg=162.4±1.3, p95=234.5±2.0, p99=312.0±2.4
[22:14:24] Raw results CSV written: /mnt/c/Users/LaunJames/Documents/Classes/Semester_9/ACS/ACS/class-wide-projects/project-3/results/zeroqueue_2025-10-01_22-02-14/zeroqueue_raw.csv
[22:14:24] Summary CSV written: /mnt/c/Users/LaunJames/Documents/Classes/Semester_9/ACS/ACS/class-wide-projects/project-3/results/zeroqueue_2025-10-01_22-02-14/zeroqueue_summary.csv
[22:14:25] Figure saved: /mnt/c/Users/LaunJames/Documents/Classes/Semester_9/ACS/ACS/class-wide-projects/project-3/figures/zeroqueue_2025-10-01_22-02-14/zeroqueue.png
[22:14:25] Experiment complete.
[22:14:25] ======================================
