=== bench mode=insert filter=cuckoo n=1000000 fpr=0.01 out=/mnt/c/Users/LaunJames/Documents/Classes/Semester_9/ACS/ACS/track-A/A3/results/insert_delete/2025-10-24_22-11-46/results.csv ===
[INFO] Prefill OK: 457150 (40% of true capacity)
[VERIFY] Cuckoo prefill fail_rate=0%
[INSERT] cuckoo load=0.4 ins=3.11662e+06 del=2.55106e+06%
=== bench mode=insert filter=cuckoo n=1000000 fpr=0.01 out=/mnt/c/Users/LaunJames/Documents/Classes/Semester_9/ACS/ACS/track-A/A3/results/insert_delete/2025-10-24_22-11-46/results.csv ===
[INFO] Prefill OK: 457150 (40% of true capacity)
[VERIFY] Cuckoo prefill fail_rate=0%
[INSERT] cuckoo load=0.4 ins=6.94199e+06 del=3.34206e+06%
=== bench mode=insert filter=cuckoo n=1000000 fpr=0.01 out=/mnt/c/Users/LaunJames/Documents/Classes/Semester_9/ACS/ACS/track-A/A3/results/insert_delete/2025-10-24_22-11-46/results.csv ===
[INFO] Prefill OK: 457150 (40% of true capacity)
[VERIFY] Cuckoo prefill fail_rate=0%
[INSERT] cuckoo load=0.4 ins=1.16268e+07 del=3.62937e+06%
=== bench mode=insert filter=cuckoo n=1000000 fpr=0.01 out=/mnt/c/Users/LaunJames/Documents/Classes/Semester_9/ACS/ACS/track-A/A3/results/insert_delete/2025-10-24_22-11-46/results.csv ===
[INFO] Prefill OK: 457150 (40% of true capacity)
[VERIFY] Cuckoo prefill fail_rate=0%
[INSERT] cuckoo load=0.4 ins=7.17834e+06 del=3.92865e+06%
=== bench mode=insert filter=cuckoo n=1000000 fpr=0.01 out=/mnt/c/Users/LaunJames/Documents/Classes/Semester_9/ACS/ACS/track-A/A3/results/insert_delete/2025-10-24_22-11-46/results.csv ===
[INFO] Prefill OK: 457150 (40% of true capacity)
[VERIFY] Cuckoo prefill fail_rate=0%
[INSERT] cuckoo load=0.4 ins=6.05587e+06 del=3.63681e+06%
=== bench mode=insert filter=cuckoo n=1000000 fpr=0.01 out=/mnt/c/Users/LaunJames/Documents/Classes/Semester_9/ACS/ACS/track-A/A3/results/insert_delete/2025-10-24_22-11-46/results.csv ===
[INFO] Prefill OK: 457150 (40% of true capacity)
[VERIFY] Cuckoo prefill fail_rate=0%
[INSERT] cuckoo load=0.4 ins=7.44624e+06 del=4.66485e+06%
=== bench mode=insert filter=cuckoo n=1000000 fpr=0.01 out=/mnt/c/Users/LaunJames/Documents/Classes/Semester_9/ACS/ACS/track-A/A3/results/insert_delete/2025-10-24_22-11-46/results.csv ===
[INFO] Prefill OK: 457150 (40% of true capacity)
[VERIFY] Cuckoo prefill fail_rate=0%
[INSERT] cuckoo load=0.4 ins=5.71497e+06 del=3.91001e+06%
=== bench mode=insert filter=cuckoo n=1000000 fpr=0.01 out=/mnt/c/Users/LaunJames/Documents/Classes/Semester_9/ACS/ACS/track-A/A3/results/insert_delete/2025-10-24_22-11-46/results.csv ===
[INFO] Prefill OK: 457150 (40% of true capacity)
[VERIFY] Cuckoo prefill fail_rate=0%
[INSERT] cuckoo load=0.4 ins=6.9734e+06 del=3.78553e+06%
=== bench mode=insert filter=cuckoo n=1000000 fpr=0.01 out=/mnt/c/Users/LaunJames/Documents/Classes/Semester_9/ACS/ACS/track-A/A3/results/insert_delete/2025-10-24_22-11-46/results.csv ===
[INFO] Prefill OK: 457150 (40% of true capacity)
[VERIFY] Cuckoo prefill fail_rate=0%
[INSERT] cuckoo load=0.4 ins=9.28005e+06 del=4.70765e+06%
=== bench mode=insert filter=cuckoo n=1000000 fpr=0.01 out=/mnt/c/Users/LaunJames/Documents/Classes/Semester_9/ACS/ACS/track-A/A3/results/insert_delete/2025-10-24_22-11-46/results.csv ===
[INFO] Prefill OK: 457150 (40% of true capacity)
[VERIFY] Cuckoo prefill fail_rate=0%
[INSERT] cuckoo load=0.4 ins=6.49747e+06 del=4.08356e+06%
=== bench mode=insert filter=cuckoo n=1000000 fpr=0.01 out=/mnt/c/Users/LaunJames/Documents/Classes/Semester_9/ACS/ACS/track-A/A3/results/insert_delete/2025-10-24_22-11-46/results.csv ===
[INFO] Prefill OK: 514294 (45% of true capacity)
[VERIFY] Cuckoo prefill fail_rate=0%
[INSERT] cuckoo load=0.45 ins=7.84868e+06 del=4.14446e+06%
=== bench mode=insert filter=cuckoo n=1000000 fpr=0.01 out=/mnt/c/Users/LaunJames/Documents/Classes/Semester_9/ACS/ACS/track-A/A3/results/insert_delete/2025-10-24_22-11-46/results.csv ===
[INFO] Prefill OK: 514294 (45% of true capacity)
[VERIFY] Cuckoo prefill fail_rate=0%
[INSERT] cuckoo load=0.45 ins=8.72882e+06 del=4.45308e+06%
=== bench mode=insert filter=cuckoo n=1000000 fpr=0.01 out=/mnt/c/Users/LaunJames/Documents/Classes/Semester_9/ACS/ACS/track-A/A3/results/insert_delete/2025-10-24_22-11-46/results.csv ===
[INFO] Prefill OK: 514294 (45% of true capacity)
[VERIFY] Cuckoo prefill fail_rate=0%
[INSERT] cuckoo load=0.45 ins=7.37615e+06 del=4.37599e+06%
=== bench mode=insert filter=cuckoo n=1000000 fpr=0.01 out=/mnt/c/Users/LaunJames/Documents/Classes/Semester_9/ACS/ACS/track-A/A3/results/insert_delete/2025-10-24_22-11-46/results.csv ===
[INFO] Prefill OK: 514294 (45% of true capacity)
[VERIFY] Cuckoo prefill fail_rate=0%
[INSERT] cuckoo load=0.45 ins=6.14605e+06 del=4.42021e+06%
=== bench mode=insert filter=cuckoo n=1000000 fpr=0.01 out=/mnt/c/Users/LaunJames/Documents/Classes/Semester_9/ACS/ACS/track-A/A3/results/insert_delete/2025-10-24_22-11-46/results.csv ===
[INFO] Prefill OK: 514294 (45% of true capacity)
[VERIFY] Cuckoo prefill fail_rate=0%
[INSERT] cuckoo load=0.45 ins=7.93216e+06 del=4.05853e+06%
=== bench mode=insert filter=cuckoo n=1000000 fpr=0.01 out=/mnt/c/Users/LaunJames/Documents/Classes/Semester_9/ACS/ACS/track-A/A3/results/insert_delete/2025-10-24_22-11-46/results.csv ===
[INFO] Prefill OK: 514294 (45% of true capacity)
[VERIFY] Cuckoo prefill fail_rate=0%
[INSERT] cuckoo load=0.45 ins=6.74441e+06 del=4.45038e+06%
=== bench mode=insert filter=cuckoo n=1000000 fpr=0.01 out=/mnt/c/Users/LaunJames/Documents/Classes/Semester_9/ACS/ACS/track-A/A3/results/insert_delete/2025-10-24_22-11-46/results.csv ===
[INFO] Prefill OK: 514294 (45% of true capacity)
[VERIFY] Cuckoo prefill fail_rate=0%
[INSERT] cuckoo load=0.45 ins=8.77994e+06 del=4.44562e+06%
=== bench mode=insert filter=cuckoo n=1000000 fpr=0.01 out=/mnt/c/Users/LaunJames/Documents/Classes/Semester_9/ACS/ACS/track-A/A3/results/insert_delete/2025-10-24_22-11-46/results.csv ===
[INFO] Prefill OK: 514294 (45% of true capacity)
[VERIFY] Cuckoo prefill fail_rate=0%
[INSERT] cuckoo load=0.45 ins=7.41746e+06 del=4.44799e+06%
=== bench mode=insert filter=cuckoo n=1000000 fpr=0.01 out=/mnt/c/Users/LaunJames/Documents/Classes/Semester_9/ACS/ACS/track-A/A3/results/insert_delete/2025-10-24_22-11-46/results.csv ===
[INFO] Prefill OK: 514294 (45% of true capacity)
[VERIFY] Cuckoo prefill fail_rate=0%
[INSERT] cuckoo load=0.45 ins=8.82488e+06 del=4.33058e+06%
=== bench mode=insert filter=cuckoo n=1000000 fpr=0.01 out=/mnt/c/Users/LaunJames/Documents/Classes/Semester_9/ACS/ACS/track-A/A3/results/insert_delete/2025-10-24_22-11-46/results.csv ===
[INFO] Prefill OK: 514294 (45% of true capacity)
[VERIFY] Cuckoo prefill fail_rate=0%
[INSERT] cuckoo load=0.45 ins=7.25195e+06 del=4.85166e+06%
=== bench mode=insert filter=cuckoo n=1000000 fpr=0.01 out=/mnt/c/Users/LaunJames/Documents/Classes/Semester_9/ACS/ACS/track-A/A3/results/insert_delete/2025-10-24_22-11-46/results.csv ===
[INFO] Prefill OK: 571438 (50% of true capacity)
[VERIFY] Cuckoo prefill fail_rate=0%
[INSERT] cuckoo load=0.5 ins=7.07769e+06 del=4.87906e+06%
=== bench mode=insert filter=cuckoo n=1000000 fpr=0.01 out=/mnt/c/Users/LaunJames/Documents/Classes/Semester_9/ACS/ACS/track-A/A3/results/insert_delete/2025-10-24_22-11-46/results.csv ===
[INFO] Prefill OK: 571438 (50% of true capacity)
[VERIFY] Cuckoo prefill fail_rate=0%
[INSERT] cuckoo load=0.5 ins=8.61341e+06 del=5.304e+06%
=== bench mode=insert filter=cuckoo n=1000000 fpr=0.01 out=/mnt/c/Users/LaunJames/Documents/Classes/Semester_9/ACS/ACS/track-A/A3/results/insert_delete/2025-10-24_22-11-46/results.csv ===
[INFO] Prefill OK: 571438 (50% of true capacity)
[VERIFY] Cuckoo prefill fail_rate=0%
[INSERT] cuckoo load=0.5 ins=7.58282e+06 del=4.28028e+06%
=== bench mode=insert filter=cuckoo n=1000000 fpr=0.01 out=/mnt/c/Users/LaunJames/Documents/Classes/Semester_9/ACS/ACS/track-A/A3/results/insert_delete/2025-10-24_22-11-46/results.csv ===
[INFO] Prefill OK: 571438 (50% of true capacity)
[VERIFY] Cuckoo prefill fail_rate=0%
[INSERT] cuckoo load=0.5 ins=7.04235e+06 del=4.74407e+06%
=== bench mode=insert filter=cuckoo n=1000000 fpr=0.01 out=/mnt/c/Users/LaunJames/Documents/Classes/Semester_9/ACS/ACS/track-A/A3/results/insert_delete/2025-10-24_22-11-46/results.csv ===
[INFO] Prefill OK: 571438 (50% of true capacity)
[VERIFY] Cuckoo prefill fail_rate=0%
[INSERT] cuckoo load=0.5 ins=8.72897e+06 del=5.17944e+06%
=== bench mode=insert filter=cuckoo n=1000000 fpr=0.01 out=/mnt/c/Users/LaunJames/Documents/Classes/Semester_9/ACS/ACS/track-A/A3/results/insert_delete/2025-10-24_22-11-46/results.csv ===
[INFO] Prefill OK: 571438 (50% of true capacity)
[VERIFY] Cuckoo prefill fail_rate=0%
[INSERT] cuckoo load=0.5 ins=8.8795e+06 del=5.2231e+06%
=== bench mode=insert filter=cuckoo n=1000000 fpr=0.01 out=/mnt/c/Users/LaunJames/Documents/Classes/Semester_9/ACS/ACS/track-A/A3/results/insert_delete/2025-10-24_22-11-46/results.csv ===
[INFO] Prefill OK: 571438 (50% of true capacity)
[VERIFY] Cuckoo prefill fail_rate=0%
[INSERT] cuckoo load=0.5 ins=8.37535e+06 del=4.78464e+06%
=== bench mode=insert filter=cuckoo n=1000000 fpr=0.01 out=/mnt/c/Users/LaunJames/Documents/Classes/Semester_9/ACS/ACS/track-A/A3/results/insert_delete/2025-10-24_22-11-46/results.csv ===
[INFO] Prefill OK: 571438 (50% of true capacity)
[VERIFY] Cuckoo prefill fail_rate=0%
[INSERT] cuckoo load=0.5 ins=1.13652e+07 del=6.23702e+06%
=== bench mode=insert filter=cuckoo n=1000000 fpr=0.01 out=/mnt/c/Users/LaunJames/Documents/Classes/Semester_9/ACS/ACS/track-A/A3/results/insert_delete/2025-10-24_22-11-46/results.csv ===
[INFO] Prefill OK: 571438 (50% of true capacity)
[VERIFY] Cuckoo prefill fail_rate=0%
[INSERT] cuckoo load=0.5 ins=1.33259e+07 del=6.4984e+06%
=== bench mode=insert filter=cuckoo n=1000000 fpr=0.01 out=/mnt/c/Users/LaunJames/Documents/Classes/Semester_9/ACS/ACS/track-A/A3/results/insert_delete/2025-10-24_22-11-46/results.csv ===
[INFO] Prefill OK: 571438 (50% of true capacity)
[VERIFY] Cuckoo prefill fail_rate=0%
[INSERT] cuckoo load=0.5 ins=1.2568e+07 del=7.70429e+06%
=== bench mode=insert filter=cuckoo n=1000000 fpr=0.01 out=/mnt/c/Users/LaunJames/Documents/Classes/Semester_9/ACS/ACS/track-A/A3/results/insert_delete/2025-10-24_22-11-46/results.csv ===
[INFO] Prefill OK: 628581 (55% of true capacity)
[VERIFY] Cuckoo prefill fail_rate=0%
[INSERT] cuckoo load=0.55 ins=1.08442e+07 del=7.27267e+06%
=== bench mode=insert filter=cuckoo n=1000000 fpr=0.01 out=/mnt/c/Users/LaunJames/Documents/Classes/Semester_9/ACS/ACS/track-A/A3/results/insert_delete/2025-10-24_22-11-46/results.csv ===
[INFO] Prefill OK: 628581 (55% of true capacity)
[VERIFY] Cuckoo prefill fail_rate=0%
[INSERT] cuckoo load=0.55 ins=9.50851e+06 del=6.82555e+06%
=== bench mode=insert filter=cuckoo n=1000000 fpr=0.01 out=/mnt/c/Users/LaunJames/Documents/Classes/Semester_9/ACS/ACS/track-A/A3/results/insert_delete/2025-10-24_22-11-46/results.csv ===
[INFO] Prefill OK: 628581 (55% of true capacity)
[VERIFY] Cuckoo prefill fail_rate=0%
[INSERT] cuckoo load=0.55 ins=9.29887e+06 del=6.89604e+06%
=== bench mode=insert filter=cuckoo n=1000000 fpr=0.01 out=/mnt/c/Users/LaunJames/Documents/Classes/Semester_9/ACS/ACS/track-A/A3/results/insert_delete/2025-10-24_22-11-46/results.csv ===
[INFO] Prefill OK: 628581 (55% of true capacity)
[VERIFY] Cuckoo prefill fail_rate=0%
[INSERT] cuckoo load=0.55 ins=8.88068e+06 del=6.35584e+06%
=== bench mode=insert filter=cuckoo n=1000000 fpr=0.01 out=/mnt/c/Users/LaunJames/Documents/Classes/Semester_9/ACS/ACS/track-A/A3/results/insert_delete/2025-10-24_22-11-46/results.csv ===
[INFO] Prefill OK: 628581 (55% of true capacity)
[VERIFY] Cuckoo prefill fail_rate=0%
[INSERT] cuckoo load=0.55 ins=1.1065e+07 del=5.94972e+06%
=== bench mode=insert filter=cuckoo n=1000000 fpr=0.01 out=/mnt/c/Users/LaunJames/Documents/Classes/Semester_9/ACS/ACS/track-A/A3/results/insert_delete/2025-10-24_22-11-46/results.csv ===
[INFO] Prefill OK: 628581 (55% of true capacity)
[VERIFY] Cuckoo prefill fail_rate=0%
[INSERT] cuckoo load=0.55 ins=1.05857e+07 del=7.46745e+06%
=== bench mode=insert filter=cuckoo n=1000000 fpr=0.01 out=/mnt/c/Users/LaunJames/Documents/Classes/Semester_9/ACS/ACS/track-A/A3/results/insert_delete/2025-10-24_22-11-46/results.csv ===
[INFO] Prefill OK: 628581 (55% of true capacity)
[VERIFY] Cuckoo prefill fail_rate=0%
[INSERT] cuckoo load=0.55 ins=9.47481e+06 del=6.88113e+06%
=== bench mode=insert filter=cuckoo n=1000000 fpr=0.01 out=/mnt/c/Users/LaunJames/Documents/Classes/Semester_9/ACS/ACS/track-A/A3/results/insert_delete/2025-10-24_22-11-46/results.csv ===
[INFO] Prefill OK: 628581 (55% of true capacity)
[VERIFY] Cuckoo prefill fail_rate=0%
[INSERT] cuckoo load=0.55 ins=1.16981e+07 del=7.04167e+06%
=== bench mode=insert filter=cuckoo n=1000000 fpr=0.01 out=/mnt/c/Users/LaunJames/Documents/Classes/Semester_9/ACS/ACS/track-A/A3/results/insert_delete/2025-10-24_22-11-46/results.csv ===
[INFO] Prefill OK: 628581 (55% of true capacity)
[VERIFY] Cuckoo prefill fail_rate=0%
[INSERT] cuckoo load=0.55 ins=1.15441e+07 del=7.82123e+06%
=== bench mode=insert filter=cuckoo n=1000000 fpr=0.01 out=/mnt/c/Users/LaunJames/Documents/Classes/Semester_9/ACS/ACS/track-A/A3/results/insert_delete/2025-10-24_22-11-46/results.csv ===
[INFO] Prefill OK: 628581 (55% of true capacity)
[VERIFY] Cuckoo prefill fail_rate=0%
[INSERT] cuckoo load=0.55 ins=1.19667e+07 del=7.51022e+06%
=== bench mode=insert filter=cuckoo n=1000000 fpr=0.01 out=/mnt/c/Users/LaunJames/Documents/Classes/Semester_9/ACS/ACS/track-A/A3/results/insert_delete/2025-10-24_22-11-46/results.csv ===
[INFO] Prefill OK: 685725 (60% of true capacity)
[VERIFY] Cuckoo prefill fail_rate=0%
[INSERT] cuckoo load=0.6 ins=9.29912e+06 del=7.74053e+06%
=== bench mode=insert filter=cuckoo n=1000000 fpr=0.01 out=/mnt/c/Users/LaunJames/Documents/Classes/Semester_9/ACS/ACS/track-A/A3/results/insert_delete/2025-10-24_22-11-46/results.csv ===
[INFO] Prefill OK: 685725 (60% of true capacity)
[VERIFY] Cuckoo prefill fail_rate=0%
[INSERT] cuckoo load=0.6 ins=1.01235e+07 del=7.13386e+06%
=== bench mode=insert filter=cuckoo n=1000000 fpr=0.01 out=/mnt/c/Users/LaunJames/Documents/Classes/Semester_9/ACS/ACS/track-A/A3/results/insert_delete/2025-10-24_22-11-46/results.csv ===
[INFO] Prefill OK: 685725 (60% of true capacity)
[VERIFY] Cuckoo prefill fail_rate=0%
[INSERT] cuckoo load=0.6 ins=9.41212e+06 del=6.34101e+06%
=== bench mode=insert filter=cuckoo n=1000000 fpr=0.01 out=/mnt/c/Users/LaunJames/Documents/Classes/Semester_9/ACS/ACS/track-A/A3/results/insert_delete/2025-10-24_22-11-46/results.csv ===
[INFO] Prefill OK: 685725 (60% of true capacity)
[VERIFY] Cuckoo prefill fail_rate=0%
[INSERT] cuckoo load=0.6 ins=8.5365e+06 del=7.20828e+06%
=== bench mode=insert filter=cuckoo n=1000000 fpr=0.01 out=/mnt/c/Users/LaunJames/Documents/Classes/Semester_9/ACS/ACS/track-A/A3/results/insert_delete/2025-10-24_22-11-46/results.csv ===
[INFO] Prefill OK: 685725 (60% of true capacity)
[VERIFY] Cuckoo prefill fail_rate=0%
[INSERT] cuckoo load=0.6 ins=9.58681e+06 del=7.40086e+06%
=== bench mode=insert filter=cuckoo n=1000000 fpr=0.01 out=/mnt/c/Users/LaunJames/Documents/Classes/Semester_9/ACS/ACS/track-A/A3/results/insert_delete/2025-10-24_22-11-46/results.csv ===
[INFO] Prefill OK: 685725 (60% of true capacity)
[VERIFY] Cuckoo prefill fail_rate=0%
[INSERT] cuckoo load=0.6 ins=1.00286e+07 del=7.57694e+06%
=== bench mode=insert filter=cuckoo n=1000000 fpr=0.01 out=/mnt/c/Users/LaunJames/Documents/Classes/Semester_9/ACS/ACS/track-A/A3/results/insert_delete/2025-10-24_22-11-46/results.csv ===
[INFO] Prefill OK: 685725 (60% of true capacity)
[VERIFY] Cuckoo prefill fail_rate=0%
[INSERT] cuckoo load=0.6 ins=8.90884e+06 del=7.28297e+06%
=== bench mode=insert filter=cuckoo n=1000000 fpr=0.01 out=/mnt/c/Users/LaunJames/Documents/Classes/Semester_9/ACS/ACS/track-A/A3/results/insert_delete/2025-10-24_22-11-46/results.csv ===
[INFO] Prefill OK: 685725 (60% of true capacity)
[VERIFY] Cuckoo prefill fail_rate=0%
[INSERT] cuckoo load=0.6 ins=9.57928e+06 del=7.30291e+06%
=== bench mode=insert filter=cuckoo n=1000000 fpr=0.01 out=/mnt/c/Users/LaunJames/Documents/Classes/Semester_9/ACS/ACS/track-A/A3/results/insert_delete/2025-10-24_22-11-46/results.csv ===
[INFO] Prefill OK: 685725 (60% of true capacity)
[VERIFY] Cuckoo prefill fail_rate=0%
[INSERT] cuckoo load=0.6 ins=1.00906e+07 del=6.725e+06%
=== bench mode=insert filter=cuckoo n=1000000 fpr=0.01 out=/mnt/c/Users/LaunJames/Documents/Classes/Semester_9/ACS/ACS/track-A/A3/results/insert_delete/2025-10-24_22-11-46/results.csv ===
[INFO] Prefill OK: 685725 (60% of true capacity)
[VERIFY] Cuckoo prefill fail_rate=0%
[INSERT] cuckoo load=0.6 ins=9.82956e+06 del=7.78731e+06%
=== bench mode=insert filter=cuckoo n=1000000 fpr=0.01 out=/mnt/c/Users/LaunJames/Documents/Classes/Semester_9/ACS/ACS/track-A/A3/results/insert_delete/2025-10-24_22-11-46/results.csv ===
[INFO] Prefill OK: 742869 (65% of true capacity)
[VERIFY] Cuckoo prefill fail_rate=0%
[INSERT] cuckoo load=0.65 ins=5.68159e+06 del=6.94813e+06%
=== bench mode=insert filter=cuckoo n=1000000 fpr=0.01 out=/mnt/c/Users/LaunJames/Documents/Classes/Semester_9/ACS/ACS/track-A/A3/results/insert_delete/2025-10-24_22-11-46/results.csv ===
[INFO] Prefill OK: 742869 (65% of true capacity)
[VERIFY] Cuckoo prefill fail_rate=0%
[INSERT] cuckoo load=0.65 ins=8.17521e+06 del=7.3083e+06%
=== bench mode=insert filter=cuckoo n=1000000 fpr=0.01 out=/mnt/c/Users/LaunJames/Documents/Classes/Semester_9/ACS/ACS/track-A/A3/results/insert_delete/2025-10-24_22-11-46/results.csv ===
[INFO] Prefill OK: 742869 (65% of true capacity)
[VERIFY] Cuckoo prefill fail_rate=0%
[INSERT] cuckoo load=0.65 ins=4.70241e+06 del=4.64945e+06%
=== bench mode=insert filter=cuckoo n=1000000 fpr=0.01 out=/mnt/c/Users/LaunJames/Documents/Classes/Semester_9/ACS/ACS/track-A/A3/results/insert_delete/2025-10-24_22-11-46/results.csv ===
[INFO] Prefill OK: 742869 (65% of true capacity)
[VERIFY] Cuckoo prefill fail_rate=0%
[INSERT] cuckoo load=0.65 ins=5.00769e+06 del=5.39156e+06%
=== bench mode=insert filter=cuckoo n=1000000 fpr=0.01 out=/mnt/c/Users/LaunJames/Documents/Classes/Semester_9/ACS/ACS/track-A/A3/results/insert_delete/2025-10-24_22-11-46/results.csv ===
[INFO] Prefill OK: 742869 (65% of true capacity)
[VERIFY] Cuckoo prefill fail_rate=0%
[INSERT] cuckoo load=0.65 ins=6.55235e+06 del=5.68083e+06%
=== bench mode=insert filter=cuckoo n=1000000 fpr=0.01 out=/mnt/c/Users/LaunJames/Documents/Classes/Semester_9/ACS/ACS/track-A/A3/results/insert_delete/2025-10-24_22-11-46/results.csv ===
[INFO] Prefill OK: 742869 (65% of true capacity)
[VERIFY] Cuckoo prefill fail_rate=0%
[INSERT] cuckoo load=0.65 ins=5.36584e+06 del=5.66948e+06%
=== bench mode=insert filter=cuckoo n=1000000 fpr=0.01 out=/mnt/c/Users/LaunJames/Documents/Classes/Semester_9/ACS/ACS/track-A/A3/results/insert_delete/2025-10-24_22-11-46/results.csv ===
[INFO] Prefill OK: 742869 (65% of true capacity)
[VERIFY] Cuckoo prefill fail_rate=0%
[INSERT] cuckoo load=0.65 ins=6.28583e+06 del=6.75482e+06%
=== bench mode=insert filter=cuckoo n=1000000 fpr=0.01 out=/mnt/c/Users/LaunJames/Documents/Classes/Semester_9/ACS/ACS/track-A/A3/results/insert_delete/2025-10-24_22-11-46/results.csv ===
[INFO] Prefill OK: 742869 (65% of true capacity)
[VERIFY] Cuckoo prefill fail_rate=0%
[INSERT] cuckoo load=0.65 ins=6.8679e+06 del=6.59284e+06%
=== bench mode=insert filter=cuckoo n=1000000 fpr=0.01 out=/mnt/c/Users/LaunJames/Documents/Classes/Semester_9/ACS/ACS/track-A/A3/results/insert_delete/2025-10-24_22-11-46/results.csv ===
[INFO] Prefill OK: 742869 (65% of true capacity)
[VERIFY] Cuckoo prefill fail_rate=0%
[INSERT] cuckoo load=0.65 ins=7.55829e+06 del=6.30248e+06%
=== bench mode=insert filter=cuckoo n=1000000 fpr=0.01 out=/mnt/c/Users/LaunJames/Documents/Classes/Semester_9/ACS/ACS/track-A/A3/results/insert_delete/2025-10-24_22-11-46/results.csv ===
[INFO] Prefill OK: 742869 (65% of true capacity)
[VERIFY] Cuckoo prefill fail_rate=0%
[INSERT] cuckoo load=0.65 ins=6.36586e+06 del=6.94635e+06%
=== bench mode=insert filter=cuckoo n=1000000 fpr=0.01 out=/mnt/c/Users/LaunJames/Documents/Classes/Semester_9/ACS/ACS/track-A/A3/results/insert_delete/2025-10-24_22-11-46/results.csv ===
[INFO] Prefill OK: 800013 (70% of true capacity)
[VERIFY] Cuckoo prefill fail_rate=0%
[INSERT] cuckoo load=0.7 ins=5.39293e+06 del=7.29588e+06%
=== bench mode=insert filter=cuckoo n=1000000 fpr=0.01 out=/mnt/c/Users/LaunJames/Documents/Classes/Semester_9/ACS/ACS/track-A/A3/results/insert_delete/2025-10-24_22-11-46/results.csv ===
[INFO] Prefill OK: 800013 (70% of true capacity)
[VERIFY] Cuckoo prefill fail_rate=0%
[INSERT] cuckoo load=0.7 ins=5.48252e+06 del=7.67756e+06%
=== bench mode=insert filter=cuckoo n=1000000 fpr=0.01 out=/mnt/c/Users/LaunJames/Documents/Classes/Semester_9/ACS/ACS/track-A/A3/results/insert_delete/2025-10-24_22-11-46/results.csv ===
[INFO] Prefill OK: 800013 (70% of true capacity)
[VERIFY] Cuckoo prefill fail_rate=0%
[INSERT] cuckoo load=0.7 ins=6.03056e+06 del=7.56232e+06%
=== bench mode=insert filter=cuckoo n=1000000 fpr=0.01 out=/mnt/c/Users/LaunJames/Documents/Classes/Semester_9/ACS/ACS/track-A/A3/results/insert_delete/2025-10-24_22-11-46/results.csv ===
[INFO] Prefill OK: 800013 (70% of true capacity)
[VERIFY] Cuckoo prefill fail_rate=0%
[INSERT] cuckoo load=0.7 ins=6.0024e+06 del=7.2529e+06%
=== bench mode=insert filter=cuckoo n=1000000 fpr=0.01 out=/mnt/c/Users/LaunJames/Documents/Classes/Semester_9/ACS/ACS/track-A/A3/results/insert_delete/2025-10-24_22-11-46/results.csv ===
[INFO] Prefill OK: 800013 (70% of true capacity)
[VERIFY] Cuckoo prefill fail_rate=0%
[INSERT] cuckoo load=0.7 ins=5.62189e+06 del=5.55395e+06%
=== bench mode=insert filter=cuckoo n=1000000 fpr=0.01 out=/mnt/c/Users/LaunJames/Documents/Classes/Semester_9/ACS/ACS/track-A/A3/results/insert_delete/2025-10-24_22-11-46/results.csv ===
[INFO] Prefill OK: 800013 (70% of true capacity)
[VERIFY] Cuckoo prefill fail_rate=0%
[INSERT] cuckoo load=0.7 ins=6.00792e+06 del=7.74648e+06%
=== bench mode=insert filter=cuckoo n=1000000 fpr=0.01 out=/mnt/c/Users/LaunJames/Documents/Classes/Semester_9/ACS/ACS/track-A/A3/results/insert_delete/2025-10-24_22-11-46/results.csv ===
[INFO] Prefill OK: 800013 (70% of true capacity)
[VERIFY] Cuckoo prefill fail_rate=0%
[INSERT] cuckoo load=0.7 ins=5.56087e+06 del=6.82779e+06%
=== bench mode=insert filter=cuckoo n=1000000 fpr=0.01 out=/mnt/c/Users/LaunJames/Documents/Classes/Semester_9/ACS/ACS/track-A/A3/results/insert_delete/2025-10-24_22-11-46/results.csv ===
[INFO] Prefill OK: 800013 (70% of true capacity)
[VERIFY] Cuckoo prefill fail_rate=0%
[INSERT] cuckoo load=0.7 ins=5.67157e+06 del=6.50442e+06%
=== bench mode=insert filter=cuckoo n=1000000 fpr=0.01 out=/mnt/c/Users/LaunJames/Documents/Classes/Semester_9/ACS/ACS/track-A/A3/results/insert_delete/2025-10-24_22-11-46/results.csv ===
[INFO] Prefill OK: 800013 (70% of true capacity)
[VERIFY] Cuckoo prefill fail_rate=0%
[INSERT] cuckoo load=0.7 ins=5.58257e+06 del=6.97545e+06%
=== bench mode=insert filter=cuckoo n=1000000 fpr=0.01 out=/mnt/c/Users/LaunJames/Documents/Classes/Semester_9/ACS/ACS/track-A/A3/results/insert_delete/2025-10-24_22-11-46/results.csv ===
[INFO] Prefill OK: 800013 (70% of true capacity)
[VERIFY] Cuckoo prefill fail_rate=0%
[INSERT] cuckoo load=0.7 ins=6.07921e+06 del=7.69574e+06%
=== bench mode=insert filter=cuckoo n=1000000 fpr=0.01 out=/mnt/c/Users/LaunJames/Documents/Classes/Semester_9/ACS/ACS/track-A/A3/results/insert_delete/2025-10-24_22-11-46/results.csv ===
[INFO] Prefill OK: 857157 (75% of true capacity)
[VERIFY] Cuckoo prefill fail_rate=0%
[INSERT] cuckoo load=0.75 ins=4.29721e+06 del=7.02982e+06%
=== bench mode=insert filter=cuckoo n=1000000 fpr=0.01 out=/mnt/c/Users/LaunJames/Documents/Classes/Semester_9/ACS/ACS/track-A/A3/results/insert_delete/2025-10-24_22-11-46/results.csv ===
[INFO] Prefill OK: 857157 (75% of true capacity)
[VERIFY] Cuckoo prefill fail_rate=0%
[INSERT] cuckoo load=0.75 ins=3.82012e+06 del=7.52558e+06%
=== bench mode=insert filter=cuckoo n=1000000 fpr=0.01 out=/mnt/c/Users/LaunJames/Documents/Classes/Semester_9/ACS/ACS/track-A/A3/results/insert_delete/2025-10-24_22-11-46/results.csv ===
[INFO] Prefill OK: 857157 (75% of true capacity)
[VERIFY] Cuckoo prefill fail_rate=0%
[INSERT] cuckoo load=0.75 ins=3.06683e+06 del=7.29006e+06%
=== bench mode=insert filter=cuckoo n=1000000 fpr=0.01 out=/mnt/c/Users/LaunJames/Documents/Classes/Semester_9/ACS/ACS/track-A/A3/results/insert_delete/2025-10-24_22-11-46/results.csv ===
[INFO] Prefill OK: 857157 (75% of true capacity)
[VERIFY] Cuckoo prefill fail_rate=0%
[INSERT] cuckoo load=0.75 ins=3.72388e+06 del=6.87746e+06%
=== bench mode=insert filter=cuckoo n=1000000 fpr=0.01 out=/mnt/c/Users/LaunJames/Documents/Classes/Semester_9/ACS/ACS/track-A/A3/results/insert_delete/2025-10-24_22-11-46/results.csv ===
[INFO] Prefill OK: 857157 (75% of true capacity)
[VERIFY] Cuckoo prefill fail_rate=0%
[INSERT] cuckoo load=0.75 ins=4.1058e+06 del=7.4944e+06%
=== bench mode=insert filter=cuckoo n=1000000 fpr=0.01 out=/mnt/c/Users/LaunJames/Documents/Classes/Semester_9/ACS/ACS/track-A/A3/results/insert_delete/2025-10-24_22-11-46/results.csv ===
[INFO] Prefill OK: 857157 (75% of true capacity)
[VERIFY] Cuckoo prefill fail_rate=0%
[INSERT] cuckoo load=0.75 ins=3.94062e+06 del=6.64567e+06%
=== bench mode=insert filter=cuckoo n=1000000 fpr=0.01 out=/mnt/c/Users/LaunJames/Documents/Classes/Semester_9/ACS/ACS/track-A/A3/results/insert_delete/2025-10-24_22-11-46/results.csv ===
[INFO] Prefill OK: 857157 (75% of true capacity)
[VERIFY] Cuckoo prefill fail_rate=0%
[INSERT] cuckoo load=0.75 ins=3.37237e+06 del=6.75522e+06%
=== bench mode=insert filter=cuckoo n=1000000 fpr=0.01 out=/mnt/c/Users/LaunJames/Documents/Classes/Semester_9/ACS/ACS/track-A/A3/results/insert_delete/2025-10-24_22-11-46/results.csv ===
[INFO] Prefill OK: 857157 (75% of true capacity)
[VERIFY] Cuckoo prefill fail_rate=0%
[INSERT] cuckoo load=0.75 ins=3.68596e+06 del=6.07818e+06%
=== bench mode=insert filter=cuckoo n=1000000 fpr=0.01 out=/mnt/c/Users/LaunJames/Documents/Classes/Semester_9/ACS/ACS/track-A/A3/results/insert_delete/2025-10-24_22-11-46/results.csv ===
[INFO] Prefill OK: 857157 (75% of true capacity)
[VERIFY] Cuckoo prefill fail_rate=0%
[INSERT] cuckoo load=0.75 ins=3.69962e+06 del=5.16713e+06%
=== bench mode=insert filter=cuckoo n=1000000 fpr=0.01 out=/mnt/c/Users/LaunJames/Documents/Classes/Semester_9/ACS/ACS/track-A/A3/results/insert_delete/2025-10-24_22-11-46/results.csv ===
[INFO] Prefill OK: 857157 (75% of true capacity)
[VERIFY] Cuckoo prefill fail_rate=0%
[INSERT] cuckoo load=0.75 ins=4.03706e+06 del=7.37497e+06%
=== bench mode=insert filter=cuckoo n=1000000 fpr=0.01 out=/mnt/c/Users/LaunJames/Documents/Classes/Semester_9/ACS/ACS/track-A/A3/results/insert_delete/2025-10-24_22-11-46/results.csv ===
[INFO] Prefill OK: 914300 (80% of true capacity)
[VERIFY] Cuckoo prefill fail_rate=0%
[INSERT] cuckoo load=0.8 ins=2.07363e+06 del=6.35762e+06%
=== bench mode=insert filter=cuckoo n=1000000 fpr=0.01 out=/mnt/c/Users/LaunJames/Documents/Classes/Semester_9/ACS/ACS/track-A/A3/results/insert_delete/2025-10-24_22-11-46/results.csv ===
[INFO] Prefill OK: 914300 (80% of true capacity)
[VERIFY] Cuckoo prefill fail_rate=0%
[INSERT] cuckoo load=0.8 ins=2.17653e+06 del=6.96659e+06%
=== bench mode=insert filter=cuckoo n=1000000 fpr=0.01 out=/mnt/c/Users/LaunJames/Documents/Classes/Semester_9/ACS/ACS/track-A/A3/results/insert_delete/2025-10-24_22-11-46/results.csv ===
[INFO] Prefill OK: 914300 (80% of true capacity)
[VERIFY] Cuckoo prefill fail_rate=0%
[INSERT] cuckoo load=0.8 ins=1.90002e+06 del=5.74119e+06%
=== bench mode=insert filter=cuckoo n=1000000 fpr=0.01 out=/mnt/c/Users/LaunJames/Documents/Classes/Semester_9/ACS/ACS/track-A/A3/results/insert_delete/2025-10-24_22-11-46/results.csv ===
[INFO] Prefill OK: 914300 (80% of true capacity)
[VERIFY] Cuckoo prefill fail_rate=0%
[INSERT] cuckoo load=0.8 ins=1.80963e+06 del=5.8768e+06%
=== bench mode=insert filter=cuckoo n=1000000 fpr=0.01 out=/mnt/c/Users/LaunJames/Documents/Classes/Semester_9/ACS/ACS/track-A/A3/results/insert_delete/2025-10-24_22-11-46/results.csv ===
[INFO] Prefill OK: 914300 (80% of true capacity)
[VERIFY] Cuckoo prefill fail_rate=0%
[INSERT] cuckoo load=0.8 ins=2.00174e+06 del=6.44695e+06%
=== bench mode=insert filter=cuckoo n=1000000 fpr=0.01 out=/mnt/c/Users/LaunJames/Documents/Classes/Semester_9/ACS/ACS/track-A/A3/results/insert_delete/2025-10-24_22-11-46/results.csv ===
[INFO] Prefill OK: 914300 (80% of true capacity)
[VERIFY] Cuckoo prefill fail_rate=0%
[INSERT] cuckoo load=0.8 ins=2.22903e+06 del=6.51932e+06%
=== bench mode=insert filter=cuckoo n=1000000 fpr=0.01 out=/mnt/c/Users/LaunJames/Documents/Classes/Semester_9/ACS/ACS/track-A/A3/results/insert_delete/2025-10-24_22-11-46/results.csv ===
[INFO] Prefill OK: 914300 (80% of true capacity)
[VERIFY] Cuckoo prefill fail_rate=0%
[INSERT] cuckoo load=0.8 ins=1.96461e+06 del=6.49334e+06%
=== bench mode=insert filter=cuckoo n=1000000 fpr=0.01 out=/mnt/c/Users/LaunJames/Documents/Classes/Semester_9/ACS/ACS/track-A/A3/results/insert_delete/2025-10-24_22-11-46/results.csv ===
[INFO] Prefill OK: 914300 (80% of true capacity)
[VERIFY] Cuckoo prefill fail_rate=0%
[INSERT] cuckoo load=0.8 ins=2.18815e+06 del=6.57858e+06%
=== bench mode=insert filter=cuckoo n=1000000 fpr=0.01 out=/mnt/c/Users/LaunJames/Documents/Classes/Semester_9/ACS/ACS/track-A/A3/results/insert_delete/2025-10-24_22-11-46/results.csv ===
[INFO] Prefill OK: 914300 (80% of true capacity)
[VERIFY] Cuckoo prefill fail_rate=0%
[INSERT] cuckoo load=0.8 ins=1.03957e+06 del=5.0307e+06%
=== bench mode=insert filter=cuckoo n=1000000 fpr=0.01 out=/mnt/c/Users/LaunJames/Documents/Classes/Semester_9/ACS/ACS/track-A/A3/results/insert_delete/2025-10-24_22-11-46/results.csv ===
[INFO] Prefill OK: 914300 (80% of true capacity)
[VERIFY] Cuckoo prefill fail_rate=0%
[INSERT] cuckoo load=0.8 ins=1.99637e+06 del=5.46932e+06%
=== bench mode=insert filter=cuckoo n=1000000 fpr=0.01 out=/mnt/c/Users/LaunJames/Documents/Classes/Semester_9/ACS/ACS/track-A/A3/results/insert_delete/2025-10-24_22-11-46/results.csv ===
[INFO] Prefill OK: 971444 (85% of true capacity)
[VERIFY] Cuckoo prefill fail_rate=0%
[INSERT] cuckoo load=0.85 ins=594406 del=5.45581e+06%
=== bench mode=insert filter=cuckoo n=1000000 fpr=0.01 out=/mnt/c/Users/LaunJames/Documents/Classes/Semester_9/ACS/ACS/track-A/A3/results/insert_delete/2025-10-24_22-11-46/results.csv ===
[INFO] Prefill OK: 971444 (85% of true capacity)
[VERIFY] Cuckoo prefill fail_rate=0%
[INSERT] cuckoo load=0.85 ins=396773 del=4.51459e+06%
=== bench mode=insert filter=cuckoo n=1000000 fpr=0.01 out=/mnt/c/Users/LaunJames/Documents/Classes/Semester_9/ACS/ACS/track-A/A3/results/insert_delete/2025-10-24_22-11-46/results.csv ===
[INFO] Prefill OK: 971444 (85% of true capacity)
[VERIFY] Cuckoo prefill fail_rate=0%
[INSERT] cuckoo load=0.85 ins=477892 del=5.37567e+06%
=== bench mode=insert filter=cuckoo n=1000000 fpr=0.01 out=/mnt/c/Users/LaunJames/Documents/Classes/Semester_9/ACS/ACS/track-A/A3/results/insert_delete/2025-10-24_22-11-46/results.csv ===
[INFO] Prefill OK: 971444 (85% of true capacity)
[VERIFY] Cuckoo prefill fail_rate=0%
[INSERT] cuckoo load=0.85 ins=500380 del=5.24516e+06%
=== bench mode=insert filter=cuckoo n=1000000 fpr=0.01 out=/mnt/c/Users/LaunJames/Documents/Classes/Semester_9/ACS/ACS/track-A/A3/results/insert_delete/2025-10-24_22-11-46/results.csv ===
[INFO] Prefill OK: 971444 (85% of true capacity)
[VERIFY] Cuckoo prefill fail_rate=0%
[INSERT] cuckoo load=0.85 ins=567167 del=5.52327e+06%
=== bench mode=insert filter=cuckoo n=1000000 fpr=0.01 out=/mnt/c/Users/LaunJames/Documents/Classes/Semester_9/ACS/ACS/track-A/A3/results/insert_delete/2025-10-24_22-11-46/results.csv ===
[INFO] Prefill OK: 971444 (85% of true capacity)
[VERIFY] Cuckoo prefill fail_rate=0%
[INSERT] cuckoo load=0.85 ins=535226 del=5.05373e+06%
=== bench mode=insert filter=cuckoo n=1000000 fpr=0.01 out=/mnt/c/Users/LaunJames/Documents/Classes/Semester_9/ACS/ACS/track-A/A3/results/insert_delete/2025-10-24_22-11-46/results.csv ===
[INFO] Prefill OK: 971444 (85% of true capacity)
[VERIFY] Cuckoo prefill fail_rate=0%
[INSERT] cuckoo load=0.85 ins=570837 del=5.70521e+06%
=== bench mode=insert filter=cuckoo n=1000000 fpr=0.01 out=/mnt/c/Users/LaunJames/Documents/Classes/Semester_9/ACS/ACS/track-A/A3/results/insert_delete/2025-10-24_22-11-46/results.csv ===
[INFO] Prefill OK: 971444 (85% of true capacity)
[VERIFY] Cuckoo prefill fail_rate=0%
[INSERT] cuckoo load=0.85 ins=488834 del=5.24872e+06%
=== bench mode=insert filter=cuckoo n=1000000 fpr=0.01 out=/mnt/c/Users/LaunJames/Documents/Classes/Semester_9/ACS/ACS/track-A/A3/results/insert_delete/2025-10-24_22-11-46/results.csv ===
[INFO] Prefill OK: 971444 (85% of true capacity)
[VERIFY] Cuckoo prefill fail_rate=0%
[INSERT] cuckoo load=0.85 ins=596091 del=5.34168e+06%
=== bench mode=insert filter=cuckoo n=1000000 fpr=0.01 out=/mnt/c/Users/LaunJames/Documents/Classes/Semester_9/ACS/ACS/track-A/A3/results/insert_delete/2025-10-24_22-11-46/results.csv ===
[INFO] Prefill OK: 971444 (85% of true capacity)
[VERIFY] Cuckoo prefill fail_rate=0%
[INSERT] cuckoo load=0.85 ins=583535 del=5.22713e+06%
=== bench mode=insert filter=cuckoo n=1000000 fpr=0.01 out=/mnt/c/Users/LaunJames/Documents/Classes/Semester_9/ACS/ACS/track-A/A3/results/insert_delete/2025-10-24_22-11-46/results.csv ===
[INFO] Prefill OK: 1028588 (90% of true capacity)
[VERIFY] Cuckoo prefill fail_rate=0%
[INSERT] cuckoo load=0.9 ins=14919.5 del=5.13599e+06%
=== bench mode=insert filter=cuckoo n=1000000 fpr=0.01 out=/mnt/c/Users/LaunJames/Documents/Classes/Semester_9/ACS/ACS/track-A/A3/results/insert_delete/2025-10-24_22-11-46/results.csv ===
[INFO] Prefill OK: 1028588 (90% of true capacity)
[VERIFY] Cuckoo prefill fail_rate=0%
[INSERT] cuckoo load=0.9 ins=15669.1 del=4.43309e+06%
=== bench mode=insert filter=cuckoo n=1000000 fpr=0.01 out=/mnt/c/Users/LaunJames/Documents/Classes/Semester_9/ACS/ACS/track-A/A3/results/insert_delete/2025-10-24_22-11-46/results.csv ===
[INFO] Prefill OK: 1028588 (90% of true capacity)
[VERIFY] Cuckoo prefill fail_rate=0%
[INSERT] cuckoo load=0.9 ins=19495 del=5.35533e+06%
=== bench mode=insert filter=cuckoo n=1000000 fpr=0.01 out=/mnt/c/Users/LaunJames/Documents/Classes/Semester_9/ACS/ACS/track-A/A3/results/insert_delete/2025-10-24_22-11-46/results.csv ===
[INFO] Prefill OK: 1028588 (90% of true capacity)
[VERIFY] Cuckoo prefill fail_rate=0%
[INSERT] cuckoo load=0.9 ins=21467.3 del=6.42944e+06%
=== bench mode=insert filter=cuckoo n=1000000 fpr=0.01 out=/mnt/c/Users/LaunJames/Documents/Classes/Semester_9/ACS/ACS/track-A/A3/results/insert_delete/2025-10-24_22-11-46/results.csv ===
[INFO] Prefill OK: 1028588 (90% of true capacity)
[VERIFY] Cuckoo prefill fail_rate=0%
[INSERT] cuckoo load=0.9 ins=21885.3 del=6.23213e+06%
=== bench mode=insert filter=cuckoo n=1000000 fpr=0.01 out=/mnt/c/Users/LaunJames/Documents/Classes/Semester_9/ACS/ACS/track-A/A3/results/insert_delete/2025-10-24_22-11-46/results.csv ===
[INFO] Prefill OK: 1028588 (90% of true capacity)
[VERIFY] Cuckoo prefill fail_rate=0%
[INSERT] cuckoo load=0.9 ins=23514.5 del=5.59565e+06%
=== bench mode=insert filter=cuckoo n=1000000 fpr=0.01 out=/mnt/c/Users/LaunJames/Documents/Classes/Semester_9/ACS/ACS/track-A/A3/results/insert_delete/2025-10-24_22-11-46/results.csv ===
[INFO] Prefill OK: 1028588 (90% of true capacity)
[VERIFY] Cuckoo prefill fail_rate=0%
[INSERT] cuckoo load=0.9 ins=24284.1 del=6.39377e+06%
=== bench mode=insert filter=cuckoo n=1000000 fpr=0.01 out=/mnt/c/Users/LaunJames/Documents/Classes/Semester_9/ACS/ACS/track-A/A3/results/insert_delete/2025-10-24_22-11-46/results.csv ===
[INFO] Prefill OK: 1028588 (90% of true capacity)
[VERIFY] Cuckoo prefill fail_rate=0%
[INSERT] cuckoo load=0.9 ins=14570.8 del=5.42344e+06%
=== bench mode=insert filter=cuckoo n=1000000 fpr=0.01 out=/mnt/c/Users/LaunJames/Documents/Classes/Semester_9/ACS/ACS/track-A/A3/results/insert_delete/2025-10-24_22-11-46/results.csv ===
[INFO] Prefill OK: 1028588 (90% of true capacity)
[VERIFY] Cuckoo prefill fail_rate=0%
[INSERT] cuckoo load=0.9 ins=23483.6 del=5.75319e+06%
=== bench mode=insert filter=cuckoo n=1000000 fpr=0.01 out=/mnt/c/Users/LaunJames/Documents/Classes/Semester_9/ACS/ACS/track-A/A3/results/insert_delete/2025-10-24_22-11-46/results.csv ===
[INFO] Prefill OK: 1028588 (90% of true capacity)
[VERIFY] Cuckoo prefill fail_rate=0%
[INSERT] cuckoo load=0.9 ins=18439 del=5.82936e+06%
=== bench mode=insert filter=cuckoo n=1000000 fpr=0.01 out=/mnt/c/Users/LaunJames/Documents/Classes/Semester_9/ACS/ACS/track-A/A3/results/insert_delete/2025-10-24_22-11-46/results.csv ===
[INFO] Prefill OK: 1085732 (95% of true capacity)
[VERIFY] Cuckoo prefill fail_rate=0%
[INSERT] cuckoo load=0.95 ins=4322.34 del=5.98134e+06%
=== bench mode=insert filter=cuckoo n=1000000 fpr=0.01 out=/mnt/c/Users/LaunJames/Documents/Classes/Semester_9/ACS/ACS/track-A/A3/results/insert_delete/2025-10-24_22-11-46/results.csv ===
[INFO] Prefill OK: 1085732 (95% of true capacity)
[VERIFY] Cuckoo prefill fail_rate=0%
[INSERT] cuckoo load=0.95 ins=4549.81 del=5.82691e+06%
=== bench mode=insert filter=cuckoo n=1000000 fpr=0.01 out=/mnt/c/Users/LaunJames/Documents/Classes/Semester_9/ACS/ACS/track-A/A3/results/insert_delete/2025-10-24_22-11-46/results.csv ===
[INFO] Prefill OK: 1085732 (95% of true capacity)
[VERIFY] Cuckoo prefill fail_rate=0%
[INSERT] cuckoo load=0.95 ins=4667.93 del=5.71845e+06%
=== bench mode=insert filter=cuckoo n=1000000 fpr=0.01 out=/mnt/c/Users/LaunJames/Documents/Classes/Semester_9/ACS/ACS/track-A/A3/results/insert_delete/2025-10-24_22-11-46/results.csv ===
[INFO] Prefill OK: 1085732 (95% of true capacity)
[VERIFY] Cuckoo prefill fail_rate=0%
[INSERT] cuckoo load=0.95 ins=4579.86 del=5.41649e+06%
=== bench mode=insert filter=cuckoo n=1000000 fpr=0.01 out=/mnt/c/Users/LaunJames/Documents/Classes/Semester_9/ACS/ACS/track-A/A3/results/insert_delete/2025-10-24_22-11-46/results.csv ===
[INFO] Prefill OK: 1085732 (95% of true capacity)
[VERIFY] Cuckoo prefill fail_rate=0%
[INSERT] cuckoo load=0.95 ins=4253.8 del=5.17316e+06%
=== bench mode=insert filter=cuckoo n=1000000 fpr=0.01 out=/mnt/c/Users/LaunJames/Documents/Classes/Semester_9/ACS/ACS/track-A/A3/results/insert_delete/2025-10-24_22-11-46/results.csv ===
[INFO] Prefill OK: 1085732 (95% of true capacity)
[VERIFY] Cuckoo prefill fail_rate=0%
[INSERT] cuckoo load=0.95 ins=3728.72 del=4.90981e+06%
=== bench mode=insert filter=cuckoo n=1000000 fpr=0.01 out=/mnt/c/Users/LaunJames/Documents/Classes/Semester_9/ACS/ACS/track-A/A3/results/insert_delete/2025-10-24_22-11-46/results.csv ===
[INFO] Prefill OK: 1085732 (95% of true capacity)
[VERIFY] Cuckoo prefill fail_rate=0%
[INSERT] cuckoo load=0.95 ins=3829.71 del=4.90512e+06%
=== bench mode=insert filter=cuckoo n=1000000 fpr=0.01 out=/mnt/c/Users/LaunJames/Documents/Classes/Semester_9/ACS/ACS/track-A/A3/results/insert_delete/2025-10-24_22-11-46/results.csv ===
[INFO] Prefill OK: 1085732 (95% of true capacity)
[VERIFY] Cuckoo prefill fail_rate=0%
[INSERT] cuckoo load=0.95 ins=2958.4 del=4.6807e+06%
=== bench mode=insert filter=cuckoo n=1000000 fpr=0.01 out=/mnt/c/Users/LaunJames/Documents/Classes/Semester_9/ACS/ACS/track-A/A3/results/insert_delete/2025-10-24_22-11-46/results.csv ===
[INFO] Prefill OK: 1085732 (95% of true capacity)
[VERIFY] Cuckoo prefill fail_rate=0%
[INSERT] cuckoo load=0.95 ins=3917.56 del=4.95007e+06%
=== bench mode=insert filter=cuckoo n=1000000 fpr=0.01 out=/mnt/c/Users/LaunJames/Documents/Classes/Semester_9/ACS/ACS/track-A/A3/results/insert_delete/2025-10-24_22-11-46/results.csv ===
[INFO] Prefill OK: 1085732 (95% of true capacity)
[VERIFY] Cuckoo prefill fail_rate=0%
[INSERT] cuckoo load=0.95 ins=3600.29 del=4.59772e+06%
=== bench mode=insert filter=quotient n=1000000 fpr=0.01 out=/mnt/c/Users/LaunJames/Documents/Classes/Semester_9/ACS/ACS/track-A/A3/results/insert_delete/2025-10-24_22-11-46/results.csv ===
[INFO] Prefill OK: 838860 (40% of true capacity)
[INSERT] quotient load=0.4 ins=7.78077e+06 del=1.32426e+07%
=== bench mode=insert filter=quotient n=1000000 fpr=0.01 out=/mnt/c/Users/LaunJames/Documents/Classes/Semester_9/ACS/ACS/track-A/A3/results/insert_delete/2025-10-24_22-11-46/results.csv ===
[INFO] Prefill OK: 838860 (40% of true capacity)
[INSERT] quotient load=0.4 ins=7.64292e+06 del=1.29487e+07%
=== bench mode=insert filter=quotient n=1000000 fpr=0.01 out=/mnt/c/Users/LaunJames/Documents/Classes/Semester_9/ACS/ACS/track-A/A3/results/insert_delete/2025-10-24_22-11-46/results.csv ===
[INFO] Prefill OK: 838860 (40% of true capacity)
[INSERT] quotient load=0.4 ins=7.61603e+06 del=1.357e+07%
=== bench mode=insert filter=quotient n=1000000 fpr=0.01 out=/mnt/c/Users/LaunJames/Documents/Classes/Semester_9/ACS/ACS/track-A/A3/results/insert_delete/2025-10-24_22-11-46/results.csv ===
[INFO] Prefill OK: 838860 (40% of true capacity)
[INSERT] quotient load=0.4 ins=6.88487e+06 del=1.36616e+07%
=== bench mode=insert filter=quotient n=1000000 fpr=0.01 out=/mnt/c/Users/LaunJames/Documents/Classes/Semester_9/ACS/ACS/track-A/A3/results/insert_delete/2025-10-24_22-11-46/results.csv ===
[INFO] Prefill OK: 838860 (40% of true capacity)
[INSERT] quotient load=0.4 ins=7.20856e+06 del=1.32253e+07%
=== bench mode=insert filter=quotient n=1000000 fpr=0.01 out=/mnt/c/Users/LaunJames/Documents/Classes/Semester_9/ACS/ACS/track-A/A3/results/insert_delete/2025-10-24_22-11-46/results.csv ===
[INFO] Prefill OK: 838860 (40% of true capacity)
[INSERT] quotient load=0.4 ins=7.59884e+06 del=1.29391e+07%
=== bench mode=insert filter=quotient n=1000000 fpr=0.01 out=/mnt/c/Users/LaunJames/Documents/Classes/Semester_9/ACS/ACS/track-A/A3/results/insert_delete/2025-10-24_22-11-46/results.csv ===
[INFO] Prefill OK: 838860 (40% of true capacity)
[INSERT] quotient load=0.4 ins=6.68583e+06 del=1.29541e+07%
=== bench mode=insert filter=quotient n=1000000 fpr=0.01 out=/mnt/c/Users/LaunJames/Documents/Classes/Semester_9/ACS/ACS/track-A/A3/results/insert_delete/2025-10-24_22-11-46/results.csv ===
[INFO] Prefill OK: 838860 (40% of true capacity)
[INSERT] quotient load=0.4 ins=7.54063e+06 del=1.32614e+07%
=== bench mode=insert filter=quotient n=1000000 fpr=0.01 out=/mnt/c/Users/LaunJames/Documents/Classes/Semester_9/ACS/ACS/track-A/A3/results/insert_delete/2025-10-24_22-11-46/results.csv ===
[INFO] Prefill OK: 838860 (40% of true capacity)
[INSERT] quotient load=0.4 ins=7.47664e+06 del=1.18804e+07%
=== bench mode=insert filter=quotient n=1000000 fpr=0.01 out=/mnt/c/Users/LaunJames/Documents/Classes/Semester_9/ACS/ACS/track-A/A3/results/insert_delete/2025-10-24_22-11-46/results.csv ===
[INFO] Prefill OK: 838860 (40% of true capacity)
[INSERT] quotient load=0.4 ins=7.9255e+06 del=1.31354e+07%
=== bench mode=insert filter=quotient n=1000000 fpr=0.01 out=/mnt/c/Users/LaunJames/Documents/Classes/Semester_9/ACS/ACS/track-A/A3/results/insert_delete/2025-10-24_22-11-46/results.csv ===
[INFO] Prefill OK: 943718 (45% of true capacity)
[INSERT] quotient load=0.45 ins=6.30967e+06 del=1.22504e+07%
=== bench mode=insert filter=quotient n=1000000 fpr=0.01 out=/mnt/c/Users/LaunJames/Documents/Classes/Semester_9/ACS/ACS/track-A/A3/results/insert_delete/2025-10-24_22-11-46/results.csv ===
[INFO] Prefill OK: 943718 (45% of true capacity)
[INSERT] quotient load=0.45 ins=6.44779e+06 del=1.15985e+07%
=== bench mode=insert filter=quotient n=1000000 fpr=0.01 out=/mnt/c/Users/LaunJames/Documents/Classes/Semester_9/ACS/ACS/track-A/A3/results/insert_delete/2025-10-24_22-11-46/results.csv ===
[INFO] Prefill OK: 943718 (45% of true capacity)
[INSERT] quotient load=0.45 ins=6.71312e+06 del=1.11994e+07%
=== bench mode=insert filter=quotient n=1000000 fpr=0.01 out=/mnt/c/Users/LaunJames/Documents/Classes/Semester_9/ACS/ACS/track-A/A3/results/insert_delete/2025-10-24_22-11-46/results.csv ===
[INFO] Prefill OK: 943718 (45% of true capacity)
[INSERT] quotient load=0.45 ins=6.08487e+06 del=1.22252e+07%
=== bench mode=insert filter=quotient n=1000000 fpr=0.01 out=/mnt/c/Users/LaunJames/Documents/Classes/Semester_9/ACS/ACS/track-A/A3/results/insert_delete/2025-10-24_22-11-46/results.csv ===
[INFO] Prefill OK: 943718 (45% of true capacity)
[INSERT] quotient load=0.45 ins=6.17524e+06 del=1.18547e+07%
=== bench mode=insert filter=quotient n=1000000 fpr=0.01 out=/mnt/c/Users/LaunJames/Documents/Classes/Semester_9/ACS/ACS/track-A/A3/results/insert_delete/2025-10-24_22-11-46/results.csv ===
[INFO] Prefill OK: 943718 (45% of true capacity)
[INSERT] quotient load=0.45 ins=5.72488e+06 del=1.12581e+07%
=== bench mode=insert filter=quotient n=1000000 fpr=0.01 out=/mnt/c/Users/LaunJames/Documents/Classes/Semester_9/ACS/ACS/track-A/A3/results/insert_delete/2025-10-24_22-11-46/results.csv ===
[INFO] Prefill OK: 943718 (45% of true capacity)
[INSERT] quotient load=0.45 ins=6.44006e+06 del=1.20573e+07%
=== bench mode=insert filter=quotient n=1000000 fpr=0.01 out=/mnt/c/Users/LaunJames/Documents/Classes/Semester_9/ACS/ACS/track-A/A3/results/insert_delete/2025-10-24_22-11-46/results.csv ===
[INFO] Prefill OK: 943718 (45% of true capacity)
[INSERT] quotient load=0.45 ins=6.03788e+06 del=1.19788e+07%
=== bench mode=insert filter=quotient n=1000000 fpr=0.01 out=/mnt/c/Users/LaunJames/Documents/Classes/Semester_9/ACS/ACS/track-A/A3/results/insert_delete/2025-10-24_22-11-46/results.csv ===
[INFO] Prefill OK: 943718 (45% of true capacity)
[INSERT] quotient load=0.45 ins=6.17173e+06 del=1.13636e+07%
=== bench mode=insert filter=quotient n=1000000 fpr=0.01 out=/mnt/c/Users/LaunJames/Documents/Classes/Semester_9/ACS/ACS/track-A/A3/results/insert_delete/2025-10-24_22-11-46/results.csv ===
[INFO] Prefill OK: 943718 (45% of true capacity)
[INSERT] quotient load=0.45 ins=6.46463e+06 del=1.18569e+07%
=== bench mode=insert filter=quotient n=1000000 fpr=0.01 out=/mnt/c/Users/LaunJames/Documents/Classes/Semester_9/ACS/ACS/track-A/A3/results/insert_delete/2025-10-24_22-11-46/results.csv ===
[INFO] Prefill OK: 1048576 (50% of true capacity)
[INSERT] quotient load=0.5 ins=5.11033e+06 del=9.83055e+06%
=== bench mode=insert filter=quotient n=1000000 fpr=0.01 out=/mnt/c/Users/LaunJames/Documents/Classes/Semester_9/ACS/ACS/track-A/A3/results/insert_delete/2025-10-24_22-11-46/results.csv ===
[INFO] Prefill OK: 1048576 (50% of true capacity)
[INSERT] quotient load=0.5 ins=4.98003e+06 del=9.70478e+06%
=== bench mode=insert filter=quotient n=1000000 fpr=0.01 out=/mnt/c/Users/LaunJames/Documents/Classes/Semester_9/ACS/ACS/track-A/A3/results/insert_delete/2025-10-24_22-11-46/results.csv ===
[INFO] Prefill OK: 1048576 (50% of true capacity)
[INSERT] quotient load=0.5 ins=4.73467e+06 del=9.71958e+06%
=== bench mode=insert filter=quotient n=1000000 fpr=0.01 out=/mnt/c/Users/LaunJames/Documents/Classes/Semester_9/ACS/ACS/track-A/A3/results/insert_delete/2025-10-24_22-11-46/results.csv ===
[INFO] Prefill OK: 1048576 (50% of true capacity)
[INSERT] quotient load=0.5 ins=4.6931e+06 del=1.00051e+07%
=== bench mode=insert filter=quotient n=1000000 fpr=0.01 out=/mnt/c/Users/LaunJames/Documents/Classes/Semester_9/ACS/ACS/track-A/A3/results/insert_delete/2025-10-24_22-11-46/results.csv ===
[INFO] Prefill OK: 1048576 (50% of true capacity)
[INSERT] quotient load=0.5 ins=4.99286e+06 del=9.83778e+06%
=== bench mode=insert filter=quotient n=1000000 fpr=0.01 out=/mnt/c/Users/LaunJames/Documents/Classes/Semester_9/ACS/ACS/track-A/A3/results/insert_delete/2025-10-24_22-11-46/results.csv ===
[INFO] Prefill OK: 1048576 (50% of true capacity)
[INSERT] quotient load=0.5 ins=4.90045e+06 del=9.92675e+06%
=== bench mode=insert filter=quotient n=1000000 fpr=0.01 out=/mnt/c/Users/LaunJames/Documents/Classes/Semester_9/ACS/ACS/track-A/A3/results/insert_delete/2025-10-24_22-11-46/results.csv ===
[INFO] Prefill OK: 1048576 (50% of true capacity)
[INSERT] quotient load=0.5 ins=5.25674e+06 del=9.68853e+06%
=== bench mode=insert filter=quotient n=1000000 fpr=0.01 out=/mnt/c/Users/LaunJames/Documents/Classes/Semester_9/ACS/ACS/track-A/A3/results/insert_delete/2025-10-24_22-11-46/results.csv ===
[INFO] Prefill OK: 1048576 (50% of true capacity)
[INSERT] quotient load=0.5 ins=4.67878e+06 del=9.8008e+06%
=== bench mode=insert filter=quotient n=1000000 fpr=0.01 out=/mnt/c/Users/LaunJames/Documents/Classes/Semester_9/ACS/ACS/track-A/A3/results/insert_delete/2025-10-24_22-11-46/results.csv ===
[INFO] Prefill OK: 1048576 (50% of true capacity)
[INSERT] quotient load=0.5 ins=4.91717e+06 del=9.56281e+06%
=== bench mode=insert filter=quotient n=1000000 fpr=0.01 out=/mnt/c/Users/LaunJames/Documents/Classes/Semester_9/ACS/ACS/track-A/A3/results/insert_delete/2025-10-24_22-11-46/results.csv ===
[INFO] Prefill OK: 1048576 (50% of true capacity)
[INSERT] quotient load=0.5 ins=5.19178e+06 del=9.96427e+06%
=== bench mode=insert filter=quotient n=1000000 fpr=0.01 out=/mnt/c/Users/LaunJames/Documents/Classes/Semester_9/ACS/ACS/track-A/A3/results/insert_delete/2025-10-24_22-11-46/results.csv ===
[INFO] Prefill OK: 1153433 (55% of true capacity)
[INSERT] quotient load=0.55 ins=4.20877e+06 del=8.49295e+06%
=== bench mode=insert filter=quotient n=1000000 fpr=0.01 out=/mnt/c/Users/LaunJames/Documents/Classes/Semester_9/ACS/ACS/track-A/A3/results/insert_delete/2025-10-24_22-11-46/results.csv ===
[INFO] Prefill OK: 1153433 (55% of true capacity)
[INSERT] quotient load=0.55 ins=4.15911e+06 del=8.13117e+06%
=== bench mode=insert filter=quotient n=1000000 fpr=0.01 out=/mnt/c/Users/LaunJames/Documents/Classes/Semester_9/ACS/ACS/track-A/A3/results/insert_delete/2025-10-24_22-11-46/results.csv ===
[INFO] Prefill OK: 1153433 (55% of true capacity)
[INSERT] quotient load=0.55 ins=4.30035e+06 del=8.45134e+06%
=== bench mode=insert filter=quotient n=1000000 fpr=0.01 out=/mnt/c/Users/LaunJames/Documents/Classes/Semester_9/ACS/ACS/track-A/A3/results/insert_delete/2025-10-24_22-11-46/results.csv ===
[INFO] Prefill OK: 1153433 (55% of true capacity)
[INSERT] quotient load=0.55 ins=4.30769e+06 del=8.55313e+06%
=== bench mode=insert filter=quotient n=1000000 fpr=0.01 out=/mnt/c/Users/LaunJames/Documents/Classes/Semester_9/ACS/ACS/track-A/A3/results/insert_delete/2025-10-24_22-11-46/results.csv ===
[INFO] Prefill OK: 1153433 (55% of true capacity)
[INSERT] quotient load=0.55 ins=4.31375e+06 del=8.57759e+06%
=== bench mode=insert filter=quotient n=1000000 fpr=0.01 out=/mnt/c/Users/LaunJames/Documents/Classes/Semester_9/ACS/ACS/track-A/A3/results/insert_delete/2025-10-24_22-11-46/results.csv ===
[INFO] Prefill OK: 1153433 (55% of true capacity)
[INSERT] quotient load=0.55 ins=4.27208e+06 del=8.36718e+06%
=== bench mode=insert filter=quotient n=1000000 fpr=0.01 out=/mnt/c/Users/LaunJames/Documents/Classes/Semester_9/ACS/ACS/track-A/A3/results/insert_delete/2025-10-24_22-11-46/results.csv ===
[INFO] Prefill OK: 1153433 (55% of true capacity)
[INSERT] quotient load=0.55 ins=4.26457e+06 del=8.29789e+06%
=== bench mode=insert filter=quotient n=1000000 fpr=0.01 out=/mnt/c/Users/LaunJames/Documents/Classes/Semester_9/ACS/ACS/track-A/A3/results/insert_delete/2025-10-24_22-11-46/results.csv ===
[INFO] Prefill OK: 1153433 (55% of true capacity)
[INSERT] quotient load=0.55 ins=4.28668e+06 del=8.31141e+06%
=== bench mode=insert filter=quotient n=1000000 fpr=0.01 out=/mnt/c/Users/LaunJames/Documents/Classes/Semester_9/ACS/ACS/track-A/A3/results/insert_delete/2025-10-24_22-11-46/results.csv ===
[INFO] Prefill OK: 1153433 (55% of true capacity)
[INSERT] quotient load=0.55 ins=4.38827e+06 del=8.38338e+06%
=== bench mode=insert filter=quotient n=1000000 fpr=0.01 out=/mnt/c/Users/LaunJames/Documents/Classes/Semester_9/ACS/ACS/track-A/A3/results/insert_delete/2025-10-24_22-11-46/results.csv ===
[INFO] Prefill OK: 1153433 (55% of true capacity)
[INSERT] quotient load=0.55 ins=4.22424e+06 del=8.41456e+06%
=== bench mode=insert filter=quotient n=1000000 fpr=0.01 out=/mnt/c/Users/LaunJames/Documents/Classes/Semester_9/ACS/ACS/track-A/A3/results/insert_delete/2025-10-24_22-11-46/results.csv ===
[INFO] Prefill OK: 1258291 (60% of true capacity)
[INSERT] quotient load=0.6 ins=3.58057e+06 del=6.82473e+06%
=== bench mode=insert filter=quotient n=1000000 fpr=0.01 out=/mnt/c/Users/LaunJames/Documents/Classes/Semester_9/ACS/ACS/track-A/A3/results/insert_delete/2025-10-24_22-11-46/results.csv ===
[INFO] Prefill OK: 1258291 (60% of true capacity)
[INSERT] quotient load=0.6 ins=3.5637e+06 del=6.87189e+06%
=== bench mode=insert filter=quotient n=1000000 fpr=0.01 out=/mnt/c/Users/LaunJames/Documents/Classes/Semester_9/ACS/ACS/track-A/A3/results/insert_delete/2025-10-24_22-11-46/results.csv ===
[INFO] Prefill OK: 1258291 (60% of true capacity)
[INSERT] quotient load=0.6 ins=3.59751e+06 del=6.9605e+06%
=== bench mode=insert filter=quotient n=1000000 fpr=0.01 out=/mnt/c/Users/LaunJames/Documents/Classes/Semester_9/ACS/ACS/track-A/A3/results/insert_delete/2025-10-24_22-11-46/results.csv ===
[INFO] Prefill OK: 1258291 (60% of true capacity)
[INSERT] quotient load=0.6 ins=3.60896e+06 del=6.90954e+06%
=== bench mode=insert filter=quotient n=1000000 fpr=0.01 out=/mnt/c/Users/LaunJames/Documents/Classes/Semester_9/ACS/ACS/track-A/A3/results/insert_delete/2025-10-24_22-11-46/results.csv ===
[INFO] Prefill OK: 1258291 (60% of true capacity)
[INSERT] quotient load=0.6 ins=3.45937e+06 del=6.77895e+06%
=== bench mode=insert filter=quotient n=1000000 fpr=0.01 out=/mnt/c/Users/LaunJames/Documents/Classes/Semester_9/ACS/ACS/track-A/A3/results/insert_delete/2025-10-24_22-11-46/results.csv ===
[INFO] Prefill OK: 1258291 (60% of true capacity)
[INSERT] quotient load=0.6 ins=3.57674e+06 del=6.99059e+06%
=== bench mode=insert filter=quotient n=1000000 fpr=0.01 out=/mnt/c/Users/LaunJames/Documents/Classes/Semester_9/ACS/ACS/track-A/A3/results/insert_delete/2025-10-24_22-11-46/results.csv ===
[INFO] Prefill OK: 1258291 (60% of true capacity)
[INSERT] quotient load=0.6 ins=3.77558e+06 del=6.91709e+06%
=== bench mode=insert filter=quotient n=1000000 fpr=0.01 out=/mnt/c/Users/LaunJames/Documents/Classes/Semester_9/ACS/ACS/track-A/A3/results/insert_delete/2025-10-24_22-11-46/results.csv ===
[INFO] Prefill OK: 1258291 (60% of true capacity)
[INSERT] quotient load=0.6 ins=3.57774e+06 del=6.96093e+06%
=== bench mode=insert filter=quotient n=1000000 fpr=0.01 out=/mnt/c/Users/LaunJames/Documents/Classes/Semester_9/ACS/ACS/track-A/A3/results/insert_delete/2025-10-24_22-11-46/results.csv ===
[INFO] Prefill OK: 1258291 (60% of true capacity)
[INSERT] quotient load=0.6 ins=3.71978e+06 del=6.64096e+06%
=== bench mode=insert filter=quotient n=1000000 fpr=0.01 out=/mnt/c/Users/LaunJames/Documents/Classes/Semester_9/ACS/ACS/track-A/A3/results/insert_delete/2025-10-24_22-11-46/results.csv ===
[INFO] Prefill OK: 1258291 (60% of true capacity)
[INSERT] quotient load=0.6 ins=3.62907e+06 del=7.07117e+06%
=== bench mode=insert filter=quotient n=1000000 fpr=0.01 out=/mnt/c/Users/LaunJames/Documents/Classes/Semester_9/ACS/ACS/track-A/A3/results/insert_delete/2025-10-24_22-11-46/results.csv ===
[INFO] Prefill OK: 1363148 (65% of true capacity)
[INSERT] quotient load=0.65 ins=2.98049e+06 del=5.42157e+06%
=== bench mode=insert filter=quotient n=1000000 fpr=0.01 out=/mnt/c/Users/LaunJames/Documents/Classes/Semester_9/ACS/ACS/track-A/A3/results/insert_delete/2025-10-24_22-11-46/results.csv ===
[INFO] Prefill OK: 1363148 (65% of true capacity)
[INSERT] quotient load=0.65 ins=3.02977e+06 del=5.659e+06%
=== bench mode=insert filter=quotient n=1000000 fpr=0.01 out=/mnt/c/Users/LaunJames/Documents/Classes/Semester_9/ACS/ACS/track-A/A3/results/insert_delete/2025-10-24_22-11-46/results.csv ===
[INFO] Prefill OK: 1363148 (65% of true capacity)
[INSERT] quotient load=0.65 ins=2.94905e+06 del=5.49303e+06%
=== bench mode=insert filter=quotient n=1000000 fpr=0.01 out=/mnt/c/Users/LaunJames/Documents/Classes/Semester_9/ACS/ACS/track-A/A3/results/insert_delete/2025-10-24_22-11-46/results.csv ===
[INFO] Prefill OK: 1363148 (65% of true capacity)
[INSERT] quotient load=0.65 ins=3.03146e+06 del=5.46612e+06%
=== bench mode=insert filter=quotient n=1000000 fpr=0.01 out=/mnt/c/Users/LaunJames/Documents/Classes/Semester_9/ACS/ACS/track-A/A3/results/insert_delete/2025-10-24_22-11-46/results.csv ===
[INFO] Prefill OK: 1363148 (65% of true capacity)
[INSERT] quotient load=0.65 ins=3.04018e+06 del=5.65273e+06%
=== bench mode=insert filter=quotient n=1000000 fpr=0.01 out=/mnt/c/Users/LaunJames/Documents/Classes/Semester_9/ACS/ACS/track-A/A3/results/insert_delete/2025-10-24_22-11-46/results.csv ===
[INFO] Prefill OK: 1363148 (65% of true capacity)
[INSERT] quotient load=0.65 ins=3.00499e+06 del=5.64946e+06%
=== bench mode=insert filter=quotient n=1000000 fpr=0.01 out=/mnt/c/Users/LaunJames/Documents/Classes/Semester_9/ACS/ACS/track-A/A3/results/insert_delete/2025-10-24_22-11-46/results.csv ===
[INFO] Prefill OK: 1363148 (65% of true capacity)
[INSERT] quotient load=0.65 ins=2.74543e+06 del=5.52897e+06%
=== bench mode=insert filter=quotient n=1000000 fpr=0.01 out=/mnt/c/Users/LaunJames/Documents/Classes/Semester_9/ACS/ACS/track-A/A3/results/insert_delete/2025-10-24_22-11-46/results.csv ===
[INFO] Prefill OK: 1363148 (65% of true capacity)
[INSERT] quotient load=0.65 ins=2.93094e+06 del=5.46449e+06%
=== bench mode=insert filter=quotient n=1000000 fpr=0.01 out=/mnt/c/Users/LaunJames/Documents/Classes/Semester_9/ACS/ACS/track-A/A3/results/insert_delete/2025-10-24_22-11-46/results.csv ===
[INFO] Prefill OK: 1363148 (65% of true capacity)
[INSERT] quotient load=0.65 ins=3.09937e+06 del=5.63323e+06%
=== bench mode=insert filter=quotient n=1000000 fpr=0.01 out=/mnt/c/Users/LaunJames/Documents/Classes/Semester_9/ACS/ACS/track-A/A3/results/insert_delete/2025-10-24_22-11-46/results.csv ===
[INFO] Prefill OK: 1363148 (65% of true capacity)
[INSERT] quotient load=0.65 ins=3.06195e+06 del=5.59971e+06%
=== bench mode=insert filter=quotient n=1000000 fpr=0.01 out=/mnt/c/Users/LaunJames/Documents/Classes/Semester_9/ACS/ACS/track-A/A3/results/insert_delete/2025-10-24_22-11-46/results.csv ===
[INFO] Prefill OK: 1468006 (70% of true capacity)
[INSERT] quotient load=0.7 ins=2.40645e+06 del=4.53129e+06%
=== bench mode=insert filter=quotient n=1000000 fpr=0.01 out=/mnt/c/Users/LaunJames/Documents/Classes/Semester_9/ACS/ACS/track-A/A3/results/insert_delete/2025-10-24_22-11-46/results.csv ===
[INFO] Prefill OK: 1468006 (70% of true capacity)
[INSERT] quotient load=0.7 ins=2.35305e+06 del=4.5189e+06%
=== bench mode=insert filter=quotient n=1000000 fpr=0.01 out=/mnt/c/Users/LaunJames/Documents/Classes/Semester_9/ACS/ACS/track-A/A3/results/insert_delete/2025-10-24_22-11-46/results.csv ===
[INFO] Prefill OK: 1468006 (70% of true capacity)
[INSERT] quotient load=0.7 ins=2.31218e+06 del=4.43869e+06%
=== bench mode=insert filter=quotient n=1000000 fpr=0.01 out=/mnt/c/Users/LaunJames/Documents/Classes/Semester_9/ACS/ACS/track-A/A3/results/insert_delete/2025-10-24_22-11-46/results.csv ===
[INFO] Prefill OK: 1468006 (70% of true capacity)
[INSERT] quotient load=0.7 ins=2.37016e+06 del=4.49498e+06%
=== bench mode=insert filter=quotient n=1000000 fpr=0.01 out=/mnt/c/Users/LaunJames/Documents/Classes/Semester_9/ACS/ACS/track-A/A3/results/insert_delete/2025-10-24_22-11-46/results.csv ===
[INFO] Prefill OK: 1468006 (70% of true capacity)
[INSERT] quotient load=0.7 ins=2.38587e+06 del=4.48992e+06%
=== bench mode=insert filter=quotient n=1000000 fpr=0.01 out=/mnt/c/Users/LaunJames/Documents/Classes/Semester_9/ACS/ACS/track-A/A3/results/insert_delete/2025-10-24_22-11-46/results.csv ===
[INFO] Prefill OK: 1468006 (70% of true capacity)
[INSERT] quotient load=0.7 ins=2.04028e+06 del=4.02308e+06%
=== bench mode=insert filter=quotient n=1000000 fpr=0.01 out=/mnt/c/Users/LaunJames/Documents/Classes/Semester_9/ACS/ACS/track-A/A3/results/insert_delete/2025-10-24_22-11-46/results.csv ===
[INFO] Prefill OK: 1468006 (70% of true capacity)
[INSERT] quotient load=0.7 ins=2.22397e+06 del=4.43336e+06%
=== bench mode=insert filter=quotient n=1000000 fpr=0.01 out=/mnt/c/Users/LaunJames/Documents/Classes/Semester_9/ACS/ACS/track-A/A3/results/insert_delete/2025-10-24_22-11-46/results.csv ===
[INFO] Prefill OK: 1468006 (70% of true capacity)
[INSERT] quotient load=0.7 ins=2.31136e+06 del=4.04436e+06%
=== bench mode=insert filter=quotient n=1000000 fpr=0.01 out=/mnt/c/Users/LaunJames/Documents/Classes/Semester_9/ACS/ACS/track-A/A3/results/insert_delete/2025-10-24_22-11-46/results.csv ===
[INFO] Prefill OK: 1468006 (70% of true capacity)
[INSERT] quotient load=0.7 ins=2.33674e+06 del=4.48539e+06%
=== bench mode=insert filter=quotient n=1000000 fpr=0.01 out=/mnt/c/Users/LaunJames/Documents/Classes/Semester_9/ACS/ACS/track-A/A3/results/insert_delete/2025-10-24_22-11-46/results.csv ===
[INFO] Prefill OK: 1468006 (70% of true capacity)
[INSERT] quotient load=0.7 ins=2.25657e+06 del=4.5317e+06%
=== bench mode=insert filter=quotient n=1000000 fpr=0.01 out=/mnt/c/Users/LaunJames/Documents/Classes/Semester_9/ACS/ACS/track-A/A3/results/insert_delete/2025-10-24_22-11-46/results.csv ===
[INFO] Prefill OK: 1572864 (75% of true capacity)
[INSERT] quotient load=0.75 ins=1.81266e+06 del=3.32719e+06%
=== bench mode=insert filter=quotient n=1000000 fpr=0.01 out=/mnt/c/Users/LaunJames/Documents/Classes/Semester_9/ACS/ACS/track-A/A3/results/insert_delete/2025-10-24_22-11-46/results.csv ===
[INFO] Prefill OK: 1572864 (75% of true capacity)
[INSERT] quotient load=0.75 ins=1.76129e+06 del=3.26661e+06%
=== bench mode=insert filter=quotient n=1000000 fpr=0.01 out=/mnt/c/Users/LaunJames/Documents/Classes/Semester_9/ACS/ACS/track-A/A3/results/insert_delete/2025-10-24_22-11-46/results.csv ===
[INFO] Prefill OK: 1572864 (75% of true capacity)
[INSERT] quotient load=0.75 ins=1.69533e+06 del=3.21714e+06%
=== bench mode=insert filter=quotient n=1000000 fpr=0.01 out=/mnt/c/Users/LaunJames/Documents/Classes/Semester_9/ACS/ACS/track-A/A3/results/insert_delete/2025-10-24_22-11-46/results.csv ===
[INFO] Prefill OK: 1572864 (75% of true capacity)
[INSERT] quotient load=0.75 ins=1.79085e+06 del=3.43615e+06%
=== bench mode=insert filter=quotient n=1000000 fpr=0.01 out=/mnt/c/Users/LaunJames/Documents/Classes/Semester_9/ACS/ACS/track-A/A3/results/insert_delete/2025-10-24_22-11-46/results.csv ===
[INFO] Prefill OK: 1572864 (75% of true capacity)
[INSERT] quotient load=0.75 ins=1.80454e+06 del=3.32757e+06%
=== bench mode=insert filter=quotient n=1000000 fpr=0.01 out=/mnt/c/Users/LaunJames/Documents/Classes/Semester_9/ACS/ACS/track-A/A3/results/insert_delete/2025-10-24_22-11-46/results.csv ===
[INFO] Prefill OK: 1572864 (75% of true capacity)
[INSERT] quotient load=0.75 ins=1.78649e+06 del=3.3903e+06%
=== bench mode=insert filter=quotient n=1000000 fpr=0.01 out=/mnt/c/Users/LaunJames/Documents/Classes/Semester_9/ACS/ACS/track-A/A3/results/insert_delete/2025-10-24_22-11-46/results.csv ===
[INFO] Prefill OK: 1572864 (75% of true capacity)
[INSERT] quotient load=0.75 ins=1.77414e+06 del=3.43346e+06%
=== bench mode=insert filter=quotient n=1000000 fpr=0.01 out=/mnt/c/Users/LaunJames/Documents/Classes/Semester_9/ACS/ACS/track-A/A3/results/insert_delete/2025-10-24_22-11-46/results.csv ===
[INFO] Prefill OK: 1572864 (75% of true capacity)
[INSERT] quotient load=0.75 ins=1.76143e+06 del=3.46201e+06%
=== bench mode=insert filter=quotient n=1000000 fpr=0.01 out=/mnt/c/Users/LaunJames/Documents/Classes/Semester_9/ACS/ACS/track-A/A3/results/insert_delete/2025-10-24_22-11-46/results.csv ===
[INFO] Prefill OK: 1572864 (75% of true capacity)
[INSERT] quotient load=0.75 ins=1.7232e+06 del=3.42362e+06%
=== bench mode=insert filter=quotient n=1000000 fpr=0.01 out=/mnt/c/Users/LaunJames/Documents/Classes/Semester_9/ACS/ACS/track-A/A3/results/insert_delete/2025-10-24_22-11-46/results.csv ===
[INFO] Prefill OK: 1572864 (75% of true capacity)
[INSERT] quotient load=0.75 ins=1.82768e+06 del=3.4542e+06%
=== bench mode=insert filter=quotient n=1000000 fpr=0.01 out=/mnt/c/Users/LaunJames/Documents/Classes/Semester_9/ACS/ACS/track-A/A3/results/insert_delete/2025-10-24_22-11-46/results.csv ===
[INFO] Prefill OK: 1677721 (80% of true capacity)
[INSERT] quotient load=0.8 ins=1.22261e+06 del=2.32979e+06%
=== bench mode=insert filter=quotient n=1000000 fpr=0.01 out=/mnt/c/Users/LaunJames/Documents/Classes/Semester_9/ACS/ACS/track-A/A3/results/insert_delete/2025-10-24_22-11-46/results.csv ===
[INFO] Prefill OK: 1677721 (80% of true capacity)
[INSERT] quotient load=0.8 ins=1.21994e+06 del=2.42243e+06%
=== bench mode=insert filter=quotient n=1000000 fpr=0.01 out=/mnt/c/Users/LaunJames/Documents/Classes/Semester_9/ACS/ACS/track-A/A3/results/insert_delete/2025-10-24_22-11-46/results.csv ===
[INFO] Prefill OK: 1677721 (80% of true capacity)
[INSERT] quotient load=0.8 ins=1.23984e+06 del=2.33544e+06%
=== bench mode=insert filter=quotient n=1000000 fpr=0.01 out=/mnt/c/Users/LaunJames/Documents/Classes/Semester_9/ACS/ACS/track-A/A3/results/insert_delete/2025-10-24_22-11-46/results.csv ===
[INFO] Prefill OK: 1677721 (80% of true capacity)
[INSERT] quotient load=0.8 ins=1.22626e+06 del=2.40689e+06%
=== bench mode=insert filter=quotient n=1000000 fpr=0.01 out=/mnt/c/Users/LaunJames/Documents/Classes/Semester_9/ACS/ACS/track-A/A3/results/insert_delete/2025-10-24_22-11-46/results.csv ===
[INFO] Prefill OK: 1677721 (80% of true capacity)
[INSERT] quotient load=0.8 ins=1.21823e+06 del=2.35783e+06%
=== bench mode=insert filter=quotient n=1000000 fpr=0.01 out=/mnt/c/Users/LaunJames/Documents/Classes/Semester_9/ACS/ACS/track-A/A3/results/insert_delete/2025-10-24_22-11-46/results.csv ===
[INFO] Prefill OK: 1677721 (80% of true capacity)
[INSERT] quotient load=0.8 ins=1.2191e+06 del=2.33319e+06%
=== bench mode=insert filter=quotient n=1000000 fpr=0.01 out=/mnt/c/Users/LaunJames/Documents/Classes/Semester_9/ACS/ACS/track-A/A3/results/insert_delete/2025-10-24_22-11-46/results.csv ===
[INFO] Prefill OK: 1677721 (80% of true capacity)
[INSERT] quotient load=0.8 ins=1.23113e+06 del=2.45145e+06%
=== bench mode=insert filter=quotient n=1000000 fpr=0.01 out=/mnt/c/Users/LaunJames/Documents/Classes/Semester_9/ACS/ACS/track-A/A3/results/insert_delete/2025-10-24_22-11-46/results.csv ===
[INFO] Prefill OK: 1677721 (80% of true capacity)
[INSERT] quotient load=0.8 ins=1.25471e+06 del=2.42999e+06%
=== bench mode=insert filter=quotient n=1000000 fpr=0.01 out=/mnt/c/Users/LaunJames/Documents/Classes/Semester_9/ACS/ACS/track-A/A3/results/insert_delete/2025-10-24_22-11-46/results.csv ===
[INFO] Prefill OK: 1677721 (80% of true capacity)
[INSERT] quotient load=0.8 ins=1.24123e+06 del=2.42987e+06%
=== bench mode=insert filter=quotient n=1000000 fpr=0.01 out=/mnt/c/Users/LaunJames/Documents/Classes/Semester_9/ACS/ACS/track-A/A3/results/insert_delete/2025-10-24_22-11-46/results.csv ===
[INFO] Prefill OK: 1677721 (80% of true capacity)
[INSERT] quotient load=0.8 ins=1.21294e+06 del=2.3929e+06%
=== bench mode=insert filter=quotient n=1000000 fpr=0.01 out=/mnt/c/Users/LaunJames/Documents/Classes/Semester_9/ACS/ACS/track-A/A3/results/insert_delete/2025-10-24_22-11-46/results.csv ===
[INFO] Prefill OK: 1782579 (85% of true capacity)
[INSERT] quotient load=0.85 ins=679765 del=1.34305e+06%
=== bench mode=insert filter=quotient n=1000000 fpr=0.01 out=/mnt/c/Users/LaunJames/Documents/Classes/Semester_9/ACS/ACS/track-A/A3/results/insert_delete/2025-10-24_22-11-46/results.csv ===
[INFO] Prefill OK: 1782579 (85% of true capacity)
[INSERT] quotient load=0.85 ins=689134 del=1.35525e+06%
=== bench mode=insert filter=quotient n=1000000 fpr=0.01 out=/mnt/c/Users/LaunJames/Documents/Classes/Semester_9/ACS/ACS/track-A/A3/results/insert_delete/2025-10-24_22-11-46/results.csv ===
[INFO] Prefill OK: 1782579 (85% of true capacity)
[INSERT] quotient load=0.85 ins=685433 del=1.32758e+06%
=== bench mode=insert filter=quotient n=1000000 fpr=0.01 out=/mnt/c/Users/LaunJames/Documents/Classes/Semester_9/ACS/ACS/track-A/A3/results/insert_delete/2025-10-24_22-11-46/results.csv ===
[INFO] Prefill OK: 1782579 (85% of true capacity)
[INSERT] quotient load=0.85 ins=687160 del=1.37458e+06%
=== bench mode=insert filter=quotient n=1000000 fpr=0.01 out=/mnt/c/Users/LaunJames/Documents/Classes/Semester_9/ACS/ACS/track-A/A3/results/insert_delete/2025-10-24_22-11-46/results.csv ===
[INFO] Prefill OK: 1782579 (85% of true capacity)
[INSERT] quotient load=0.85 ins=690036 del=1.3637e+06%
=== bench mode=insert filter=quotient n=1000000 fpr=0.01 out=/mnt/c/Users/LaunJames/Documents/Classes/Semester_9/ACS/ACS/track-A/A3/results/insert_delete/2025-10-24_22-11-46/results.csv ===
[INFO] Prefill OK: 1782579 (85% of true capacity)
[INSERT] quotient load=0.85 ins=670561 del=1.29814e+06%
=== bench mode=insert filter=quotient n=1000000 fpr=0.01 out=/mnt/c/Users/LaunJames/Documents/Classes/Semester_9/ACS/ACS/track-A/A3/results/insert_delete/2025-10-24_22-11-46/results.csv ===
[INFO] Prefill OK: 1782579 (85% of true capacity)
[INSERT] quotient load=0.85 ins=696672 del=1.3613e+06%
=== bench mode=insert filter=quotient n=1000000 fpr=0.01 out=/mnt/c/Users/LaunJames/Documents/Classes/Semester_9/ACS/ACS/track-A/A3/results/insert_delete/2025-10-24_22-11-46/results.csv ===
[INFO] Prefill OK: 1782579 (85% of true capacity)
[INSERT] quotient load=0.85 ins=685795 del=1.36645e+06%
=== bench mode=insert filter=quotient n=1000000 fpr=0.01 out=/mnt/c/Users/LaunJames/Documents/Classes/Semester_9/ACS/ACS/track-A/A3/results/insert_delete/2025-10-24_22-11-46/results.csv ===
[INFO] Prefill OK: 1782579 (85% of true capacity)
[INSERT] quotient load=0.85 ins=693147 del=1.35849e+06%
=== bench mode=insert filter=quotient n=1000000 fpr=0.01 out=/mnt/c/Users/LaunJames/Documents/Classes/Semester_9/ACS/ACS/track-A/A3/results/insert_delete/2025-10-24_22-11-46/results.csv ===
[INFO] Prefill OK: 1782579 (85% of true capacity)
[INSERT] quotient load=0.85 ins=710922 del=1.36138e+06%
=== bench mode=insert filter=quotient n=1000000 fpr=0.01 out=/mnt/c/Users/LaunJames/Documents/Classes/Semester_9/ACS/ACS/track-A/A3/results/insert_delete/2025-10-24_22-11-46/results.csv ===
[INFO] Prefill OK: 1887436 (90% of true capacity)
[INSERT] quotient load=0.9 ins=258908 del=518705%
=== bench mode=insert filter=quotient n=1000000 fpr=0.01 out=/mnt/c/Users/LaunJames/Documents/Classes/Semester_9/ACS/ACS/track-A/A3/results/insert_delete/2025-10-24_22-11-46/results.csv ===
[INFO] Prefill OK: 1887436 (90% of true capacity)
[INSERT] quotient load=0.9 ins=265508 del=504078%
=== bench mode=insert filter=quotient n=1000000 fpr=0.01 out=/mnt/c/Users/LaunJames/Documents/Classes/Semester_9/ACS/ACS/track-A/A3/results/insert_delete/2025-10-24_22-11-46/results.csv ===
[INFO] Prefill OK: 1887436 (90% of true capacity)
[INSERT] quotient load=0.9 ins=265836 del=513272%
=== bench mode=insert filter=quotient n=1000000 fpr=0.01 out=/mnt/c/Users/LaunJames/Documents/Classes/Semester_9/ACS/ACS/track-A/A3/results/insert_delete/2025-10-24_22-11-46/results.csv ===
[INFO] Prefill OK: 1887436 (90% of true capacity)
[INSERT] quotient load=0.9 ins=254156 del=496528%
=== bench mode=insert filter=quotient n=1000000 fpr=0.01 out=/mnt/c/Users/LaunJames/Documents/Classes/Semester_9/ACS/ACS/track-A/A3/results/insert_delete/2025-10-24_22-11-46/results.csv ===
[INFO] Prefill OK: 1887436 (90% of true capacity)
[INSERT] quotient load=0.9 ins=257798 del=487006%
=== bench mode=insert filter=quotient n=1000000 fpr=0.01 out=/mnt/c/Users/LaunJames/Documents/Classes/Semester_9/ACS/ACS/track-A/A3/results/insert_delete/2025-10-24_22-11-46/results.csv ===
[INFO] Prefill OK: 1887436 (90% of true capacity)
[INSERT] quotient load=0.9 ins=249384 del=477116%
=== bench mode=insert filter=quotient n=1000000 fpr=0.01 out=/mnt/c/Users/LaunJames/Documents/Classes/Semester_9/ACS/ACS/track-A/A3/results/insert_delete/2025-10-24_22-11-46/results.csv ===
[INFO] Prefill OK: 1887436 (90% of true capacity)
[INSERT] quotient load=0.9 ins=267064 del=526291%
=== bench mode=insert filter=quotient n=1000000 fpr=0.01 out=/mnt/c/Users/LaunJames/Documents/Classes/Semester_9/ACS/ACS/track-A/A3/results/insert_delete/2025-10-24_22-11-46/results.csv ===
[INFO] Prefill OK: 1887436 (90% of true capacity)
[INSERT] quotient load=0.9 ins=258679 del=508122%
=== bench mode=insert filter=quotient n=1000000 fpr=0.01 out=/mnt/c/Users/LaunJames/Documents/Classes/Semester_9/ACS/ACS/track-A/A3/results/insert_delete/2025-10-24_22-11-46/results.csv ===
[INFO] Prefill OK: 1887436 (90% of true capacity)
[INSERT] quotient load=0.9 ins=250012 del=504644%
=== bench mode=insert filter=quotient n=1000000 fpr=0.01 out=/mnt/c/Users/LaunJames/Documents/Classes/Semester_9/ACS/ACS/track-A/A3/results/insert_delete/2025-10-24_22-11-46/results.csv ===
[INFO] Prefill OK: 1887436 (90% of true capacity)
[INSERT] quotient load=0.9 ins=272297 del=524912%
=== bench mode=insert filter=quotient n=1000000 fpr=0.01 out=/mnt/c/Users/LaunJames/Documents/Classes/Semester_9/ACS/ACS/track-A/A3/results/insert_delete/2025-10-24_22-11-46/results.csv ===
[INFO] Prefill OK: 1992294 (95% of true capacity)
[INSERT] quotient load=0.95 ins=9284.14 del=52771.5%
=== bench mode=insert filter=quotient n=1000000 fpr=0.01 out=/mnt/c/Users/LaunJames/Documents/Classes/Semester_9/ACS/ACS/track-A/A3/results/insert_delete/2025-10-24_22-11-46/results.csv ===
[INFO] Prefill OK: 1992294 (95% of true capacity)
[INSERT] quotient load=0.95 ins=5072.07 del=48218.6%
=== bench mode=insert filter=quotient n=1000000 fpr=0.01 out=/mnt/c/Users/LaunJames/Documents/Classes/Semester_9/ACS/ACS/track-A/A3/results/insert_delete/2025-10-24_22-11-46/results.csv ===
[INFO] Prefill OK: 1992294 (95% of true capacity)
[INSERT] quotient load=0.95 ins=6736.29 del=46227.1%
=== bench mode=insert filter=quotient n=1000000 fpr=0.01 out=/mnt/c/Users/LaunJames/Documents/Classes/Semester_9/ACS/ACS/track-A/A3/results/insert_delete/2025-10-24_22-11-46/results.csv ===
[INFO] Prefill OK: 1992294 (95% of true capacity)
[INSERT] quotient load=0.95 ins=8344.7 del=53211%
=== bench mode=insert filter=quotient n=1000000 fpr=0.01 out=/mnt/c/Users/LaunJames/Documents/Classes/Semester_9/ACS/ACS/track-A/A3/results/insert_delete/2025-10-24_22-11-46/results.csv ===
[INFO] Prefill OK: 1992294 (95% of true capacity)
[INSERT] quotient load=0.95 ins=6029.68 del=51268.2%
=== bench mode=insert filter=quotient n=1000000 fpr=0.01 out=/mnt/c/Users/LaunJames/Documents/Classes/Semester_9/ACS/ACS/track-A/A3/results/insert_delete/2025-10-24_22-11-46/results.csv ===
[INFO] Prefill OK: 1992294 (95% of true capacity)
[INSERT] quotient load=0.95 ins=8305.03 del=47430.8%
=== bench mode=insert filter=quotient n=1000000 fpr=0.01 out=/mnt/c/Users/LaunJames/Documents/Classes/Semester_9/ACS/ACS/track-A/A3/results/insert_delete/2025-10-24_22-11-46/results.csv ===
[INFO] Prefill OK: 1992294 (95% of true capacity)
[INSERT] quotient load=0.95 ins=8094.81 del=56902.6%
=== bench mode=insert filter=quotient n=1000000 fpr=0.01 out=/mnt/c/Users/LaunJames/Documents/Classes/Semester_9/ACS/ACS/track-A/A3/results/insert_delete/2025-10-24_22-11-46/results.csv ===
[INFO] Prefill OK: 1992294 (95% of true capacity)
[INSERT] quotient load=0.95 ins=7132.28 del=48615.2%
=== bench mode=insert filter=quotient n=1000000 fpr=0.01 out=/mnt/c/Users/LaunJames/Documents/Classes/Semester_9/ACS/ACS/track-A/A3/results/insert_delete/2025-10-24_22-11-46/results.csv ===
[INFO] Prefill OK: 1992294 (95% of true capacity)
[INSERT] quotient load=0.95 ins=9393.21 del=50536%
=== bench mode=insert filter=quotient n=1000000 fpr=0.01 out=/mnt/c/Users/LaunJames/Documents/Classes/Semester_9/ACS/ACS/track-A/A3/results/insert_delete/2025-10-24_22-11-46/results.csv ===
[INFO] Prefill OK: 1992294 (95% of true capacity)
[INSERT] quotient load=0.95 ins=5837.34 del=45142.2%
