=== Baseline & Correctness Experiment ===
Timestamp: 20250925_004010
Warmup enabled: True

--- System Info ---
Architecture:                         x86_64
CPU op-mode(s):                       32-bit, 64-bit
Address sizes:                        39 bits physical, 48 bits virtual
Byte Order:                           Little Endian
CPU(s):                               16
On-line CPU(s) list:                  0-15
Vendor ID:                            GenuineIntel
Model name:                           11th Gen Intel(R) Core(TM) i7-11850H @ 2.50GHz
CPU family:                           6
Model:                                141
Thread(s) per core:                   2
Core(s) per socket:                   8
Socket(s):                            1
Stepping:                             1
BogoMIPS:                             4991.99
Flags:                                fpu vme de pse tsc msr pae mce cx8 apic sep mtrr pge mca cmov pat pse36 clflush mmx fxsr sse sse2 ss ht syscall nx pdpe1gb rdtscp lm constant_tsc arch_perfmon rep_good nopl xtopology cpuid tsc_known_freq pni pclmulqdq ssse3 fma cx16 pdcm pcid sse4_1 sse4_2 movbe popcnt aes xsave avx f16c rdrand hypervisor lahf_lm abm 3dnowprefetch ssbd ibrs ibpb stibp ibrs_enhanced fsgsbase bmi1 avx2 smep bmi2 erms invpcid avx512f avx512dq rdseed adx smap avx512ifma clflushopt clwb avx512cd sha_ni avx512bw avx512vl xsaveopt xsavec xgetbv1 xsaves avx512vbmi umip avx512_vbmi2 gfni vaes vpclmulqdq avx512_vnni avx512_bitalg avx512_vpopcntdq rdpid fsrm avx512_vp2intersect md_clear flush_l1d arch_capabilities
Hypervisor vendor:                    Microsoft
Virtualization type:                  full
L1d cache:                            384 KiB (8 instances)
L1i cache:                            256 KiB (8 instances)
L2 cache:                             10 MiB (8 instances)
L3 cache:                             24 MiB (1 instance)
NUMA node(s):                         1
NUMA node0 CPU(s):                    0-15
Vulnerability Gather data sampling:   Unknown: Dependent on hypervisor status
Vulnerability Itlb multihit:          Not affected
Vulnerability L1tf:                   Not affected
Vulnerability Mds:                    Not affected
Vulnerability Meltdown:               Not affected
Vulnerability Mmio stale data:        Not affected
Vulnerability Reg file data sampling: Not affected
Vulnerability Retbleed:               Mitigation; Enhanced IBRS
Vulnerability Spec rstack overflow:   Not affected
Vulnerability Spec store bypass:      Mitigation; Speculative Store Bypass disabled via prctl
Vulnerability Spectre v1:             Mitigation; usercopy/swapgs barriers and __user pointer sanitization
Vulnerability Spectre v2:             Mitigation; Enhanced / Automatic IBRS; IBPB conditional; RSB filling; PBRSB-eIBRS SW sequence; BHI SW loop, KVM SW loop
Vulnerability Srbds:                  Not affected
Vulnerability Tsx async abort:        Not affected


--- Compiler Info ---
gcc (Ubuntu 11.4.0-1ubuntu1~22.04) 11.4.0
Copyright (C) 2021 Free Software Foundation, Inc.
This is free software; see the source for copying conditions.  There is NO
warranty; not even for MERCHANTABILITY or FITNESS FOR A PARTICULAR PURPOSE.



[Compiling scalar baseline]


[Compiling SIMD version]


--- SAXPY: running L1_mid (N=3072) ---
Runtime scalar=2.900e-06s, SIMD=1.367e-06s, speedup=2.12
GFLOP/s scalar=2.12, SIMD=4.50
Validation SAXPY L1_mid N=3072: scalar_val=5.124690e+00, simd_val=5.124690e+00, validated=True, rel_err=0.00e+00

--- SAXPY: running L2_mid (N=84992) ---
Runtime scalar=1.143e-04s, SIMD=6.907e-05s, speedup=1.65
GFLOP/s scalar=1.49, SIMD=2.46
Validation SAXPY L2_mid N=84992: scalar_val=2.393930e+00, simd_val=2.393930e+00, validated=True, rel_err=0.00e+00

--- SAXPY: running L3_mid (N=1654784) ---
Runtime scalar=2.025e-03s, SIMD=1.692e-03s, speedup=1.20
GFLOP/s scalar=1.63, SIMD=1.96
Validation SAXPY L3_mid N=1654784: scalar_val=3.459370e+00, simd_val=3.459370e+00, validated=True, rel_err=0.00e+00

--- SAXPY: running DRAM_mid (N=15728640) ---
Runtime scalar=2.110e-02s, SIMD=1.884e-02s, speedup=1.12
GFLOP/s scalar=1.49, SIMD=1.67
Validation SAXPY DRAM_mid N=15728640: scalar_val=4.106310e+00, simd_val=4.106310e+00, validated=True, rel_err=0.00e+00

--- Dot: running L1_mid (N=3072) ---
Runtime scalar=9.167e-06s, SIMD=1.433e-06s, speedup=6.40
GFLOP/s scalar=0.67, SIMD=4.29
Validation Dot L1_mid N=3072: scalar_val=5.435100e+03, simd_val=5.435100e+03, validated=True, rel_err=0.00e+00

--- Dot: running L2_mid (N=84992) ---
Runtime scalar=1.636e-04s, SIMD=5.700e-05s, speedup=2.87
GFLOP/s scalar=1.04, SIMD=2.98
Validation Dot L2_mid N=84992: scalar_val=8.203390e+04, simd_val=8.203390e+04, validated=True, rel_err=0.00e+00

--- Dot: running L3_mid (N=1654784) ---
Runtime scalar=3.146e-03s, SIMD=1.830e-03s, speedup=1.72
GFLOP/s scalar=1.05, SIMD=1.81
Validation Dot L3_mid N=1654784: scalar_val=1.554110e+06, simd_val=1.554110e+06, validated=True, rel_err=0.00e+00

--- Dot: running DRAM_mid (N=15728640) ---
Runtime scalar=3.039e-02s, SIMD=1.688e-02s, speedup=1.80
GFLOP/s scalar=1.04, SIMD=1.86
Validation Dot DRAM_mid N=15728640: scalar_val=1.474800e+07, simd_val=1.474800e+07, validated=True, rel_err=0.00e+00

--- ElemMul: running L1_mid (N=2048) ---
Runtime scalar=2.000e-06s, SIMD=1.100e-06s, speedup=1.82
GFLOP/s scalar=1.02, SIMD=1.86
Validation ElemMul L1_mid N=2048: scalar_val=5.552500e+00, simd_val=5.552500e+00, validated=True, rel_err=0.00e+00

--- ElemMul: running L2_mid (N=56661) ---
Runtime scalar=6.040e-05s, SIMD=9.747e-05s, speedup=0.62
GFLOP/s scalar=0.94, SIMD=0.58
Validation ElemMul L2_mid N=56661: scalar_val=2.534640e+00, simd_val=2.534640e+00, validated=True, rel_err=0.00e+00

--- ElemMul: running L3_mid (N=1103189) ---
Runtime scalar=1.674e-03s, SIMD=1.513e-03s, speedup=1.11
GFLOP/s scalar=0.66, SIMD=0.73
Validation ElemMul L3_mid N=1103189: scalar_val=1.070830e+00, simd_val=1.070830e+00, validated=True, rel_err=0.00e+00

--- ElemMul: running DRAM_mid (N=10485760) ---
Runtime scalar=1.708e-02s, SIMD=1.798e-02s, speedup=0.95
GFLOP/s scalar=0.61, SIMD=0.58
Validation ElemMul DRAM_mid N=10485760: scalar_val=1.855130e+00, simd_val=1.855130e+00, validated=True, rel_err=0.00e+00

--- Stencil: running L1_mid (N=3072) ---
Runtime scalar=4.000e-06s, SIMD=2.600e-06s, speedup=1.54
GFLOP/s scalar=2.30, SIMD=3.54
Validation Stencil L1_mid N=3072: scalar_val=2.034960e+00, simd_val=2.034960e+00, validated=True, rel_err=0.00e+00

--- Stencil: running L2_mid (N=84992) ---
Runtime scalar=1.027e-04s, SIMD=5.520e-05s, speedup=1.86
GFLOP/s scalar=2.48, SIMD=4.62
Validation Stencil L2_mid N=84992: scalar_val=9.181790e-01, simd_val=9.181790e-01, validated=True, rel_err=0.00e+00

--- Stencil: running L3_mid (N=1654784) ---
Runtime scalar=2.682e-03s, SIMD=3.224e-03s, speedup=0.83
GFLOP/s scalar=1.85, SIMD=1.54
Validation Stencil L3_mid N=1654784: scalar_val=1.414070e+00, simd_val=1.414070e+00, validated=True, rel_err=0.00e+00

--- Stencil: running DRAM_mid (N=15728640) ---
Runtime scalar=2.725e-02s, SIMD=1.925e-02s, speedup=1.42
GFLOP/s scalar=1.73, SIMD=2.45
Validation Stencil DRAM_mid N=15728640: scalar_val=1.587930e+00, simd_val=1.587930e+00, validated=True, rel_err=0.00e+00
