--- SAXPY, float32, N=3072 ---
SAXPY float32: speedup=2.07, GFLOP/s SIMD=4.50
--- SAXPY, float32, N=84992 ---
SAXPY float32: speedup=1.11, GFLOP/s SIMD=1.84
--- SAXPY, float32, N=1654784 ---
SAXPY float32: speedup=1.26, GFLOP/s SIMD=1.91
--- SAXPY, float32, N=15728640 ---
SAXPY float32: speedup=1.00, GFLOP/s SIMD=1.59
--- SAXPY, float64, N=1536 ---
SAXPY float64: speedup=0.60, GFLOP/s SIMD=1.46
--- SAXPY, float64, N=42496 ---
SAXPY float64: speedup=1.79, GFLOP/s SIMD=2.87
--- SAXPY, float64, N=827392 ---
SAXPY float64: speedup=1.25, GFLOP/s SIMD=2.08
--- SAXPY, float64, N=7864320 ---
SAXPY float64: speedup=1.09, GFLOP/s SIMD=1.68
--- Dot, float32, N=3072 ---
Dot float32: speedup=3.90, GFLOP/s SIMD=4.61
--- Dot, float32, N=84992 ---
Dot float32: speedup=2.94, GFLOP/s SIMD=3.11
--- Dot, float32, N=1654784 ---
Dot float32: speedup=1.77, GFLOP/s SIMD=1.88
--- Dot, float32, N=15728640 ---
Dot float32: speedup=1.65, GFLOP/s SIMD=1.77
--- Dot, float64, N=1536 ---
Dot float64: speedup=3.76, GFLOP/s SIMD=4.39
--- Dot, float64, N=42496 ---
Dot float64: speedup=4.21, GFLOP/s SIMD=4.76
--- Dot, float64, N=827392 ---
Dot float64: speedup=2.48, GFLOP/s SIMD=2.69
--- Dot, float64, N=7864320 ---
Dot float64: speedup=1.68, GFLOP/s SIMD=1.80
--- ElemMul, float32, N=2048 ---
ElemMul float32: speedup=1.68, GFLOP/s SIMD=1.81
--- ElemMul, float32, N=56661 ---
ElemMul float32: speedup=1.64, GFLOP/s SIMD=1.20
--- ElemMul, float32, N=1103189 ---
ElemMul float32: speedup=1.04, GFLOP/s SIMD=0.65
--- ElemMul, float32, N=10485760 ---
ElemMul float32: speedup=0.95, GFLOP/s SIMD=0.58
--- ElemMul, float64, N=1024 ---
ElemMul float64: speedup=1.50, GFLOP/s SIMD=1.40
--- ElemMul, float64, N=28330 ---
ElemMul float64: speedup=1.13, GFLOP/s SIMD=1.76
--- ElemMul, float64, N=551594 ---
ElemMul float64: speedup=0.94, GFLOP/s SIMD=0.69
--- ElemMul, float64, N=5242880 ---
ElemMul float64: speedup=0.99, GFLOP/s SIMD=0.60
--- Stencil, float32, N=3072 ---
Stencil float32: speedup=1.51, GFLOP/s SIMD=3.41
--- Stencil, float32, N=84992 ---
Stencil float32: speedup=1.79, GFLOP/s SIMD=4.16
--- Stencil, float32, N=1654784 ---
Stencil float32: speedup=1.22, GFLOP/s SIMD=2.58
--- Stencil, float32, N=15728640 ---
Stencil float32: speedup=1.19, GFLOP/s SIMD=2.47
--- Stencil, float64, N=1536 ---
Stencil float64: speedup=3.06, GFLOP/s SIMD=8.64
--- Stencil, float64, N=42496 ---
Stencil float64: speedup=2.08, GFLOP/s SIMD=5.94
--- Stencil, float64, N=827392 ---
Stencil float64: speedup=1.42, GFLOP/s SIMD=3.11
--- Stencil, float64, N=7864320 ---
Stencil float64: speedup=1.20, GFLOP/s SIMD=2.46
