--- SAXPY, float32, N=3072 ---
SAXPY float32: speedup=2.07, GFLOP/s SIMD=4.50
--- SAXPY, float32, N=84992 ---
SAXPY float32: speedup=1.56, GFLOP/s SIMD=1.64
--- SAXPY, float32, N=1654784 ---
SAXPY float32: speedup=1.17, GFLOP/s SIMD=1.87
--- SAXPY, float32, N=15728640 ---
SAXPY float32: speedup=1.01, GFLOP/s SIMD=1.55
--- SAXPY, float64, N=1536 ---
SAXPY float64: speedup=1.07, GFLOP/s SIMD=3.07
--- SAXPY, float64, N=42496 ---
SAXPY float64: speedup=1.88, GFLOP/s SIMD=3.25
--- SAXPY, float64, N=827392 ---
SAXPY float64: speedup=1.27, GFLOP/s SIMD=2.45
--- SAXPY, float64, N=7864320 ---
SAXPY float64: speedup=1.02, GFLOP/s SIMD=1.62
--- Dot, float32, N=3072 ---
Dot float32: speedup=1.05, GFLOP/s SIMD=1.25
--- Dot, float32, N=84992 ---
Dot float32: speedup=3.16, GFLOP/s SIMD=3.51
--- Dot, float32, N=1654784 ---
Dot float32: speedup=1.75, GFLOP/s SIMD=1.90
--- Dot, float32, N=15728640 ---
Dot float32: speedup=1.68, GFLOP/s SIMD=1.81
--- Dot, float64, N=1536 ---
Dot float64: speedup=3.71, GFLOP/s SIMD=4.39
--- Dot, float64, N=42496 ---
Dot float64: speedup=3.97, GFLOP/s SIMD=4.70
--- Dot, float64, N=827392 ---
Dot float64: speedup=2.95, GFLOP/s SIMD=3.26
--- Dot, float64, N=7864320 ---
Dot float64: speedup=1.63, GFLOP/s SIMD=1.76
--- ElemMul, float32, N=2048 ---
ElemMul float32: speedup=1.68, GFLOP/s SIMD=1.81
--- ElemMul, float32, N=56661 ---
ElemMul float32: speedup=1.01, GFLOP/s SIMD=1.11
--- ElemMul, float32, N=1103189 ---
ElemMul float32: speedup=1.06, GFLOP/s SIMD=0.69
--- ElemMul, float32, N=10485760 ---
ElemMul float32: speedup=0.97, GFLOP/s SIMD=0.57
--- ElemMul, float64, N=1024 ---
ElemMul float64: speedup=1.87, GFLOP/s SIMD=1.92
--- ElemMul, float64, N=28330 ---
ElemMul float64: speedup=1.72, GFLOP/s SIMD=2.20
--- ElemMul, float64, N=551594 ---
ElemMul float64: speedup=1.17, GFLOP/s SIMD=0.82
--- ElemMul, float64, N=5242880 ---
ElemMul float64: speedup=0.97, GFLOP/s SIMD=0.60
--- Stencil, float32, N=3072 ---
Stencil float32: speedup=1.54, GFLOP/s SIMD=3.54
--- Stencil, float32, N=84992 ---
Stencil float32: speedup=1.60, GFLOP/s SIMD=3.81
--- Stencil, float32, N=1654784 ---
Stencil float32: speedup=1.26, GFLOP/s SIMD=2.58
--- Stencil, float32, N=15728640 ---
Stencil float32: speedup=1.22, GFLOP/s SIMD=2.53
--- Stencil, float64, N=1536 ---
Stencil float64: speedup=3.19, GFLOP/s SIMD=8.64
--- Stencil, float64, N=42496 ---
Stencil float64: speedup=3.26, GFLOP/s SIMD=5.64
--- Stencil, float64, N=827392 ---
Stencil float64: speedup=1.36, GFLOP/s SIMD=3.23
--- Stencil, float64, N=7864320 ---
Stencil float64: speedup=1.22, GFLOP/s SIMD=2.49
