# ACS SSD Project - Experiment Log
# ======================================
# Run timestamp: 2025-09-30T21:58:48.026385
#
# Environment Information
# fio_version: fio-3.28
# kernel: Linux P1 6.6.87.2-microsoft-standard-WSL2 #1 SMP PREEMPT_DYNAMIC Thu Jun  5 18:30:46 UTC 2025 x86_64 x86_64 x86_64 GNU/Linux
# cpu_model: Model name:                           11th Gen Intel(R) Core(TM) i7-11850H @ 2.50GHz
# cpu_cores: CPU(s):                               16
# disk_info: NAME MODEL              SIZE TYPE
sda  Virtual Disk     388.4M disk
sdb  Virtual Disk       186M disk
sdc  Virtual Disk         2G disk
sdd  Virtual Disk       256G disk
# nvme_smart: smartctl 7.2 2020-12-30 r5155 [x86_64-linux-6.6.87.2-microsoft-standard-WSL2] (local build)
Copyright (C) 2002-20, Bruce Allen, Christian Franke, www.smartmontools.org

Smartctl open device: /dev/nvme0 failed: No such device
# cpu_governor_note: CPU governor locked at 99% (Turbo disabled by Windows power plan); SMT enabled
# data_pattern: Incompressible (--randrepeat=0 --norandommap --zero_buffers=0)
#
# Experiment Parameters
{
  "experiment": "readwrite_mix",
  "extra": [
    "--randomize",
    "--reps",
    "3"
  ],
  "skip_precondition": true,
  "precondition_size": "32G"
}

[21:59:03] Skipping SSD preconditioning step (per --skip-precondition).
[21:59:04] ======================================
[21:59:04]  Starting Read/Write Mix Sweep
[21:59:04]  Timestamp: 2025-09-30_21-59-03
[21:59:04]  Target file: /mnt/y/acs_testfile
[21:59:04]  Block size: 4k
[21:59:04]  Runtime: 30s
[21:59:04]  Mixes: ['100R', '100W', '70/30', '50/50']
[21:59:04]  Repetitions: 3
[21:59:04]  iodepth: 8
[21:59:04] ======================================
[21:59:04] Trial order randomized: [('100W', 'randwrite', None), ('100R', 'randread', None), ('70/30', 'randrw', 70), ('50/50', 'randrw', 50)]
[21:59:04] Running workload: 100W
[21:59:04] Launching FIO: rw_mix_100W_rep1
[21:59:34] Completed FIO: rw_mix_100W_rep1
[21:59:34]  Rep 1: {'iops': 5774.307523, 'mb_s': 22.5556640625, 'lat_avg_us': 171.448105406, 'lat_p95_us': 248.832, 'lat_p99_us': 333.824, 'mix': '100W', 'rw': 'randwrite', 'rep': 1}
[21:59:34] Launching FIO: rw_mix_100W_rep2
[22:00:04] Completed FIO: rw_mix_100W_rep2
[22:00:04]  Rep 2: {'iops': 5878.570714, 'mb_s': 22.962890625, 'lat_avg_us': 168.49627826699998, 'lat_p95_us': 244.736, 'lat_p99_us': 333.824, 'mix': '100W', 'rw': 'randwrite', 'rep': 2}
[22:00:05] Launching FIO: rw_mix_100W_rep3
[22:00:35] Completed FIO: rw_mix_100W_rep3
[22:00:35]  Rep 3: {'iops': 5882.803907, 'mb_s': 22.9794921875, 'lat_avg_us': 168.45027835000002, 'lat_p95_us': 242.688, 'lat_p99_us': 325.632, 'mix': '100W', 'rw': 'randwrite', 'rep': 3}
[22:00:35]  Aggregated: iops=5845.2±61.5, mb/s=22.8±0.2, lat=169.5±1.7 us
[22:00:35] Running workload: 100R
[22:00:35] Launching FIO: rw_mix_100R_rep1
[22:01:05] Completed FIO: rw_mix_100R_rep1
[22:01:05]  Rep 1: {'iops': 6009.033032, 'mb_s': 23.47265625, 'lat_avg_us': 164.784134066, 'lat_p95_us': 232.448, 'lat_p99_us': 309.248, 'mix': '100R', 'rw': 'randread', 'rep': 1}
[22:01:05] Launching FIO: rw_mix_100R_rep2
[22:01:35] Completed FIO: rw_mix_100R_rep2
[22:01:36]  Rep 2: {'iops': 6207.859738, 'mb_s': 24.2490234375, 'lat_avg_us': 159.66586175499998, 'lat_p95_us': 232.448, 'lat_p99_us': 309.248, 'mix': '100R', 'rw': 'randread', 'rep': 2}
[22:01:36] Launching FIO: rw_mix_100R_rep3
[22:02:06] Completed FIO: rw_mix_100R_rep3
[22:02:06]  Rep 3: {'iops': 6144.161861, 'mb_s': 24.0, 'lat_avg_us': 161.261424638, 'lat_p95_us': 234.496, 'lat_p99_us': 305.152, 'mix': '100R', 'rw': 'randread', 'rep': 3}
[22:02:06]  Aggregated: iops=6120.4±101.5, mb/s=23.9±0.4, lat=161.9±2.6 us
[22:02:06] Running workload: 70/30
[22:02:06] Launching FIO: rw_mix_70-30_rep1
[22:02:36] Completed FIO: rw_mix_70-30_rep1
[22:02:36]  Rep 1: {'iops': 6177.960735000001, 'mb_s': 24.1318359375, 'lat_avg_us': 160.45340229328917, 'lat_p95_us': 236.544, 'lat_p99_us': 329.728, 'mix': '70/30', 'rw': 'randrw', 'rep': 1}
[22:02:36] Launching FIO: rw_mix_70-30_rep2
[22:03:06] Completed FIO: rw_mix_70-30_rep2
[22:03:06]  Rep 2: {'iops': 6115.662811, 'mb_s': 23.8876953125, 'lat_avg_us': 161.99684924981258, 'lat_p95_us': 238.592, 'lat_p99_us': 329.728, 'mix': '70/30', 'rw': 'randrw', 'rep': 2}
[22:03:06] Launching FIO: rw_mix_70-30_rep3
[22:03:37] Completed FIO: rw_mix_70-30_rep3
[22:03:37]  Rep 3: {'iops': 6142.161927, 'mb_s': 23.9921875, 'lat_avg_us': 161.3073862896346, 'lat_p95_us': 242.688, 'lat_p99_us': 321.536, 'mix': '70/30', 'rw': 'randrw', 'rep': 3}
[22:03:37]  Aggregated: iops=6145.3±31.3, mb/s=24.0±0.1, lat=161.3±0.8 us
[22:03:37] Running workload: 50/50
[22:03:37] Launching FIO: rw_mix_50-50_rep1
[22:04:07] Completed FIO: rw_mix_50-50_rep1
[22:04:07]  Rep 1: {'iops': 6145.3951529999995, 'mb_s': 24.00390625, 'lat_avg_us': 161.25230946814318, 'lat_p95_us': 238.592, 'lat_p99_us': 313.344, 'mix': '50/50', 'rw': 'randrw', 'rep': 1}
[22:04:07] Launching FIO: rw_mix_50-50_rep2
[22:04:37] Completed FIO: rw_mix_50-50_rep2
[22:04:37]  Rep 2: {'iops': 6095.796807000001, 'mb_s': 23.810546875, 'lat_avg_us': 162.48810222566746, 'lat_p95_us': 238.592, 'lat_p99_us': 321.536, 'mix': '50/50', 'rw': 'randrw', 'rep': 2}
[22:04:37] Launching FIO: rw_mix_50-50_rep3
[22:05:08] Completed FIO: rw_mix_50-50_rep3
[22:05:08]  Rep 3: {'iops': 6034.065531, 'mb_s': 23.5693359375, 'lat_avg_us': 164.12793359578643, 'lat_p95_us': 238.592, 'lat_p99_us': 317.44, 'mix': '50/50', 'rw': 'randrw', 'rep': 3}
[22:05:08]  Aggregated: iops=6091.8±55.8, mb/s=23.8±0.2, lat=162.6±1.4 us
[22:05:08] Raw results CSV written: /mnt/c/Users/LaunJames/Documents/Classes/Semester_9/ACS/ACS/class-wide-projects/project-3/results/readwrite_mix_2025-09-30_21-59-03/readwrite_mix_raw.csv
[22:05:08] Summary CSV written: /mnt/c/Users/LaunJames/Documents/Classes/Semester_9/ACS/ACS/class-wide-projects/project-3/results/readwrite_mix_2025-09-30_21-59-03/readwrite_mix_summary.csv
[22:05:08] Figure saved: /mnt/c/Users/LaunJames/Documents/Classes/Semester_9/ACS/ACS/class-wide-projects/project-3/figures/readwrite_mix_2025-09-30_21-59-03/readwrite_mix.png
[22:05:08] Experiment complete.
[22:05:08] ======================================
